{"/home/travis/build/npmtest/node-npmtest-swagger-node-express/test.js":{"path":"/home/travis/build/npmtest/node-npmtest-swagger-node-express/test.js","s":{"1":2,"2":2,"3":2,"4":2,"5":2,"6":2,"7":2,"8":1,"9":2,"10":2,"11":1,"12":1,"13":1,"14":1,"15":2,"16":2,"17":2,"18":2,"19":1,"20":1,"21":2,"22":2,"23":2,"24":1,"25":1,"26":1,"27":1,"28":1,"29":1,"30":1,"31":1,"32":1,"33":1,"34":1,"35":1,"36":1,"37":2,"38":2,"39":1,"40":2,"41":2,"42":1,"43":2,"44":2,"45":1,"46":2,"47":2,"48":1,"49":1,"50":1,"51":1,"52":1},"b":{"1":[2,1,1,1],"2":[1,1,1,1],"3":[1,1],"4":[1,1],"5":[1,1],"6":[1,1],"7":[1,1],"8":[1,1],"9":[1,1,1],"10":[1,1],"11":[1,1],"12":[1,1],"13":[1,1],"14":[1,1],"15":[1,1],"16":[1,1]},"f":{"1":2,"2":2,"3":2,"4":2,"5":2,"6":1,"7":1,"8":2,"9":2,"10":2,"11":2,"12":1},"fnMap":{"1":{"name":"(anonymous_1)","line":12,"loc":{"start":{"line":12,"column":1},"end":{"line":12,"column":13}}},"2":{"name":"(anonymous_2)","line":19,"loc":{"start":{"line":19,"column":5},"end":{"line":19,"column":17}}},"3":{"name":"(anonymous_3)","line":23,"loc":{"start":{"line":23,"column":24},"end":{"line":23,"column":36}}},"4":{"name":"(anonymous_4)","line":61,"loc":{"start":{"line":61,"column":5},"end":{"line":61,"column":17}}},"5":{"name":"(anonymous_5)","line":82,"loc":{"start":{"line":82,"column":5},"end":{"line":82,"column":17}}},"6":{"name":"(anonymous_6)","line":102,"loc":{"start":{"line":102,"column":83},"end":{"line":105,"column":10}},"skip":true},"7":{"name":"(anonymous_7)","line":113,"loc":{"start":{"line":113,"column":77},"end":{"line":116,"column":10}},"skip":true},"8":{"name":"(anonymous_8)","line":129,"loc":{"start":{"line":129,"column":12},"end":{"line":129,"column":40}},"skip":true},"9":{"name":"(anonymous_9)","line":137,"loc":{"start":{"line":137,"column":77},"end":{"line":140,"column":10}},"skip":true},"10":{"name":"(anonymous_10)","line":148,"loc":{"start":{"line":148,"column":83},"end":{"line":151,"column":10}},"skip":true},"11":{"name":"(anonymous_11)","line":159,"loc":{"start":{"line":159,"column":79},"end":{"line":162,"column":10}},"skip":true},"12":{"name":"(anonymous_12)","line":170,"loc":{"start":{"line":170,"column":75},"end":{"line":173,"column":10}},"skip":true}},"statementMap":{"1":{"start":{"line":12,"column":0},"end":{"line":185,"column":5}},"2":{"start":{"line":14,"column":4},"end":{"line":14,"column":14}},"3":{"start":{"line":19,"column":4},"end":{"line":56,"column":9}},"4":{"start":{"line":21,"column":8},"end":{"line":21,"column":19}},"5":{"start":{"line":23,"column":8},"end":{"line":35,"column":13}},"6":{"start":{"line":24,"column":12},"end":{"line":34,"column":13}},"7":{"start":{"line":25,"column":16},"end":{"line":28,"column":30}},"8":{"start":{"line":30,"column":16},"end":{"line":33,"column":27}},"9":{"start":{"line":37,"column":8},"end":{"line":39,"column":21}},"10":{"start":{"line":40,"column":8},"end":{"line":53,"column":9}},"11":{"start":{"line":43,"column":12},"end":{"line":46,"column":14}},"12":{"start":{"line":47,"column":12},"end":{"line":47,"column":18}},"13":{"start":{"line":50,"column":12},"end":{"line":51,"column":46}},"14":{"start":{"line":52,"column":12},"end":{"line":52,"column":18}},"15":{"start":{"line":55,"column":8},"end":{"line":55,"column":35}},"16":{"start":{"line":61,"column":4},"end":{"line":63,"column":9}},"17":{"start":{"line":62,"column":8},"end":{"line":62,"column":15}},"18":{"start":{"line":64,"column":4},"end":{"line":77,"column":5}},"19":{"start":{"line":70,"column":8},"end":{"line":70,"column":14}},"20":{"start":{"line":76,"column":8},"end":{"line":76,"column":14}},"21":{"start":{"line":82,"column":4},"end":{"line":84,"column":9}},"22":{"start":{"line":83,"column":8},"end":{"line":83,"column":15}},"23":{"start":{"line":85,"column":4},"end":{"line":184,"column":5}},"24":{"start":{"line":92,"column":8},"end":{"line":94,"column":63}},"25":{"start":{"line":95,"column":8},"end":{"line":95,"column":14}},"26":{"start":{"line":102,"column":8},"end":{"line":111,"column":10},"skip":true},"27":{"start":{"line":109,"column":12},"end":{"line":109,"column":55},"skip":true},"28":{"start":{"line":110,"column":12},"end":{"line":110,"column":48},"skip":true},"29":{"start":{"line":113,"column":8},"end":{"line":126,"column":10},"skip":true},"30":{"start":{"line":120,"column":12},"end":{"line":120,"column":76},"skip":true},"31":{"start":{"line":121,"column":12},"end":{"line":121,"column":73},"skip":true},"32":{"start":{"line":122,"column":12},"end":{"line":122,"column":74},"skip":true},"33":{"start":{"line":123,"column":12},"end":{"line":123,"column":79},"skip":true},"34":{"start":{"line":124,"column":12},"end":{"line":124,"column":25},"skip":true},"35":{"start":{"line":125,"column":12},"end":{"line":125,"column":45},"skip":true},"36":{"start":{"line":128,"column":8},"end":{"line":135,"column":14},"skip":true},"37":{"start":{"line":133,"column":16},"end":{"line":133,"column":29},"skip":true},"38":{"start":{"line":134,"column":16},"end":{"line":134,"column":55},"skip":true},"39":{"start":{"line":137,"column":8},"end":{"line":146,"column":10},"skip":true},"40":{"start":{"line":144,"column":12},"end":{"line":144,"column":25},"skip":true},"41":{"start":{"line":145,"column":12},"end":{"line":145,"column":45},"skip":true},"42":{"start":{"line":148,"column":8},"end":{"line":157,"column":10},"skip":true},"43":{"start":{"line":155,"column":12},"end":{"line":155,"column":25},"skip":true},"44":{"start":{"line":156,"column":12},"end":{"line":156,"column":48},"skip":true},"45":{"start":{"line":159,"column":8},"end":{"line":168,"column":10},"skip":true},"46":{"start":{"line":166,"column":12},"end":{"line":166,"column":25},"skip":true},"47":{"start":{"line":167,"column":12},"end":{"line":167,"column":46},"skip":true},"48":{"start":{"line":170,"column":8},"end":{"line":179,"column":10},"skip":true},"49":{"start":{"line":177,"column":12},"end":{"line":177,"column":94},"skip":true},"50":{"start":{"line":178,"column":12},"end":{"line":178,"column":48},"skip":true},"51":{"start":{"line":182,"column":8},"end":{"line":182,"column":35},"skip":true},"52":{"start":{"line":183,"column":8},"end":{"line":183,"column":14},"skip":true}},"branchMap":{"1":{"line":25,"type":"binary-expr","locations":[{"start":{"line":25,"column":23},"end":{"line":25,"column":62}},{"start":{"line":26,"column":20},"end":{"line":26,"column":70}},{"start":{"line":27,"column":20},"end":{"line":27,"column":71}},{"start":{"line":28,"column":20},"end":{"line":28,"column":29}}]},"2":{"line":30,"type":"binary-expr","locations":[{"start":{"line":30,"column":23},"end":{"line":30,"column":37}},{"start":{"line":31,"column":20},"end":{"line":31,"column":61}},{"start":{"line":32,"column":20},"end":{"line":32,"column":70}},{"start":{"line":33,"column":20},"end":{"line":33,"column":26}}]},"3":{"line":37,"type":"cond-expr","locations":[{"start":{"line":38,"column":14},"end":{"line":38,"column":20}},{"start":{"line":39,"column":14},"end":{"line":39,"column":20}}]},"4":{"line":40,"type":"switch","locations":[{"start":{"line":42,"column":8},"end":{"line":47,"column":18}},{"start":{"line":49,"column":8},"end":{"line":52,"column":18}}]},"5":{"line":44,"type":"binary-expr","locations":[{"start":{"line":44,"column":16},"end":{"line":44,"column":44}},{"start":{"line":44,"column":48},"end":{"line":44,"column":66}}]},"6":{"line":50,"type":"binary-expr","locations":[{"start":{"line":50,"column":21},"end":{"line":50,"column":49}},{"start":{"line":50,"column":53},"end":{"line":50,"column":72}}]},"7":{"line":64,"type":"switch","locations":[{"start":{"line":69,"column":4},"end":{"line":70,"column":14}},{"start":{"line":75,"column":4},"end":{"line":76,"column":14}}]},"8":{"line":85,"type":"switch","locations":[{"start":{"line":90,"column":4},"end":{"line":95,"column":14}},{"start":{"line":101,"column":4},"end":{"line":183,"column":14},"skip":true}]},"9":{"line":92,"type":"binary-expr","locations":[{"start":{"line":92,"column":18},"end":{"line":92,"column":32}},{"start":{"line":93,"column":12},"end":{"line":93,"column":53}},{"start":{"line":94,"column":12},"end":{"line":94,"column":61}}]},"10":{"line":102,"type":"binary-expr","locations":[{"start":{"line":102,"column":45},"end":{"line":102,"column":79},"skip":true},{"start":{"line":102,"column":83},"end":{"line":111,"column":9},"skip":true}]},"11":{"line":113,"type":"binary-expr","locations":[{"start":{"line":113,"column":42},"end":{"line":113,"column":73},"skip":true},{"start":{"line":113,"column":77},"end":{"line":126,"column":9},"skip":true}]},"12":{"line":128,"type":"binary-expr","locations":[{"start":{"line":128,"column":48},"end":{"line":128,"column":85},"skip":true},{"start":{"line":129,"column":12},"end":{"line":135,"column":13},"skip":true}]},"13":{"line":137,"type":"binary-expr","locations":[{"start":{"line":137,"column":42},"end":{"line":137,"column":73},"skip":true},{"start":{"line":137,"column":77},"end":{"line":146,"column":9},"skip":true}]},"14":{"line":148,"type":"binary-expr","locations":[{"start":{"line":148,"column":45},"end":{"line":148,"column":79},"skip":true},{"start":{"line":148,"column":83},"end":{"line":157,"column":9},"skip":true}]},"15":{"line":159,"type":"binary-expr","locations":[{"start":{"line":159,"column":43},"end":{"line":159,"column":75},"skip":true},{"start":{"line":159,"column":79},"end":{"line":168,"column":9},"skip":true}]},"16":{"line":170,"type":"binary-expr","locations":[{"start":{"line":170,"column":41},"end":{"line":170,"column":71},"skip":true},{"start":{"line":170,"column":75},"end":{"line":179,"column":9},"skip":true}]}},"code":["/* istanbul instrument in package npmtest_swagger_node_express */","/*jslint","    bitwise: true,","    browser: true,","    maxerr: 8,","    maxlen: 96,","    node: true,","    nomen: true,","    regexp: true,","    stupid: true","*/","(function () {","    'use strict';","    var local;","","","","    // run shared js-env code - pre-init","    (function () {","        // init local","        local = {};","        // init modeJs","        local.modeJs = (function () {","            try {","                return typeof navigator.userAgent === 'string' &&","                    typeof document.querySelector('body') === 'object' &&","                    typeof XMLHttpRequest.prototype.open === 'function' &&","                    'browser';","            } catch (errorCaughtBrowser) {","                return module.exports &&","                    typeof process.versions.node === 'string' &&","                    typeof require('http').createServer === 'function' &&","                    'node';","            }","        }());","        // init global","        local.global = local.modeJs === 'browser'","            ? window","            : global;","        switch (local.modeJs) {","        // re-init local from window.local","        case 'browser':","            local = local.global.utility2.objectSetDefault(","                local.global.utility2_rollup || local.global.local,","                local.global.utility2","            );","            break;","        // re-init local from example.js","        case 'node':","            local = (local.global.utility2_rollup || require('utility2'))","                .requireExampleJsFromReadme();","            break;","        }","        // export local","        local.global.local = local;","    }());","","","","    // run shared js-env code - function","    (function () {","        return;","    }());","    switch (local.modeJs) {","","","","    // run browser js-env code - function","    case 'browser':","        break;","","","","    // run node js-env code - function","    case 'node':","        break;","    }","","","","    // run shared js-env code - post-init","    (function () {","        return;","    }());","    switch (local.modeJs) {","","","","    // run browser js-env code - post-init","    case 'browser':","        // run tests","        local.nop(local.modeTest &&","            document.querySelector('#testRunButton1') &&","            document.querySelector('#testRunButton1').click());","        break;","","","","    // run node js-env code - post-init","    /* istanbul ignore next */","    case 'node':","        local.testCase_buildApidoc_default = local.testCase_buildApidoc_default || function (","            options,","            onError","        ) {","        /*","         * this function will test buildApidoc's default handling-behavior-behavior","         */","            options = { modulePathList: module.paths };","            local.buildApidoc(options, onError);","        };","","        local.testCase_buildApp_default = local.testCase_buildApp_default || function (","            options,","            onError","        ) {","        /*","         * this function will test buildApp's default handling-behavior-behavior","         */","            local.testCase_buildReadme_default(options, local.onErrorThrow);","            local.testCase_buildLib_default(options, local.onErrorThrow);","            local.testCase_buildTest_default(options, local.onErrorThrow);","            local.testCase_buildCustomOrg_default(options, local.onErrorThrow);","            options = [];","            local.buildApp(options, onError);","        };","","        local.testCase_buildCustomOrg_default = local.testCase_buildCustomOrg_default ||","            function (options, onError) {","            /*","             * this function will test buildCustomOrg's default handling-behavior","             */","                options = {};","                local.buildCustomOrg(options, onError);","            };","","        local.testCase_buildLib_default = local.testCase_buildLib_default || function (","            options,","            onError","        ) {","        /*","         * this function will test buildLib's default handling-behavior","         */","            options = {};","            local.buildLib(options, onError);","        };","","        local.testCase_buildReadme_default = local.testCase_buildReadme_default || function (","            options,","            onError","        ) {","        /*","         * this function will test buildReadme's default handling-behavior-behavior","         */","            options = {};","            local.buildReadme(options, onError);","        };","","        local.testCase_buildTest_default = local.testCase_buildTest_default || function (","            options,","            onError","        ) {","        /*","         * this function will test buildTest's default handling-behavior","         */","            options = {};","            local.buildTest(options, onError);","        };","","        local.testCase_webpage_default = local.testCase_webpage_default || function (","            options,","            onError","        ) {","        /*","         * this function will test webpage's default handling-behavior","         */","            options = { modeCoverageMerge: true, url: local.serverLocalHost + '?modeTest=1' };","            local.browserTest(options, onError);","        };","","        // run test-server","        local.testRunServer(local);","        break;","    }","}());",""],"l":{"12":2,"14":2,"19":2,"21":2,"23":2,"24":2,"25":2,"30":1,"37":2,"40":2,"43":1,"47":1,"50":1,"52":1,"55":2,"61":2,"62":2,"64":2,"70":1,"76":1,"82":2,"83":2,"85":2,"92":1,"95":1,"102":1,"109":1,"110":1,"113":1,"120":1,"121":1,"122":1,"123":1,"124":1,"125":1,"128":1,"133":2,"134":2,"137":1,"144":2,"145":2,"148":1,"155":2,"156":2,"159":1,"166":2,"167":2,"170":1,"177":1,"178":1,"182":1,"183":1}},"/home/travis/build/npmtest/node-npmtest-swagger-node-express/lib.npmtest_swagger_node_express.js":{"path":"/home/travis/build/npmtest/node-npmtest-swagger-node-express/lib.npmtest_swagger_node_express.js","s":{"1":2,"2":2,"3":2,"4":2,"5":2,"6":2,"7":2,"8":1,"9":2,"10":2,"11":2,"12":2,"13":1,"14":1,"15":1,"16":1},"b":{"1":[2,1,1,1],"2":[1,1,1,1],"3":[1,1],"4":[2,2],"5":[1,1]},"f":{"1":2,"2":2,"3":2},"fnMap":{"1":{"name":"(anonymous_1)","line":12,"loc":{"start":{"line":12,"column":1},"end":{"line":12,"column":13}}},"2":{"name":"(anonymous_2)","line":19,"loc":{"start":{"line":19,"column":5},"end":{"line":19,"column":17}}},"3":{"name":"(anonymous_3)","line":23,"loc":{"start":{"line":23,"column":24},"end":{"line":23,"column":36}}}},"statementMap":{"1":{"start":{"line":12,"column":0},"end":{"line":53,"column":5}},"2":{"start":{"line":14,"column":4},"end":{"line":14,"column":14}},"3":{"start":{"line":19,"column":4},"end":{"line":52,"column":9}},"4":{"start":{"line":21,"column":8},"end":{"line":21,"column":19}},"5":{"start":{"line":23,"column":8},"end":{"line":35,"column":13}},"6":{"start":{"line":24,"column":12},"end":{"line":34,"column":13}},"7":{"start":{"line":25,"column":16},"end":{"line":28,"column":30}},"8":{"start":{"line":30,"column":16},"end":{"line":33,"column":27}},"9":{"start":{"line":37,"column":8},"end":{"line":39,"column":21}},"10":{"start":{"line":41,"column":8},"end":{"line":41,"column":54}},"11":{"start":{"line":43,"column":8},"end":{"line":43,"column":65}},"12":{"start":{"line":45,"column":8},"end":{"line":51,"column":9}},"13":{"start":{"line":46,"column":12},"end":{"line":46,"column":71}},"14":{"start":{"line":48,"column":12},"end":{"line":48,"column":35}},"15":{"start":{"line":49,"column":12},"end":{"line":49,"column":49}},"16":{"start":{"line":50,"column":12},"end":{"line":50,"column":43}}},"branchMap":{"1":{"line":25,"type":"binary-expr","locations":[{"start":{"line":25,"column":23},"end":{"line":25,"column":62}},{"start":{"line":26,"column":20},"end":{"line":26,"column":70}},{"start":{"line":27,"column":20},"end":{"line":27,"column":71}},{"start":{"line":28,"column":20},"end":{"line":28,"column":29}}]},"2":{"line":30,"type":"binary-expr","locations":[{"start":{"line":30,"column":23},"end":{"line":30,"column":37}},{"start":{"line":31,"column":20},"end":{"line":31,"column":61}},{"start":{"line":32,"column":20},"end":{"line":32,"column":70}},{"start":{"line":33,"column":20},"end":{"line":33,"column":26}}]},"3":{"line":37,"type":"cond-expr","locations":[{"start":{"line":38,"column":14},"end":{"line":38,"column":20}},{"start":{"line":39,"column":14},"end":{"line":39,"column":20}}]},"4":{"line":41,"type":"binary-expr","locations":[{"start":{"line":41,"column":16},"end":{"line":41,"column":44}},{"start":{"line":41,"column":48},"end":{"line":41,"column":53}}]},"5":{"line":45,"type":"if","locations":[{"start":{"line":45,"column":8},"end":{"line":45,"column":8}},{"start":{"line":45,"column":8},"end":{"line":45,"column":8}}]}},"code":["/* istanbul instrument in package npmtest_swagger_node_express */","/*jslint","    bitwise: true,","    browser: true,","    maxerr: 8,","    maxlen: 96,","    node: true,","    nomen: true,","    regexp: true,","    stupid: true","*/","(function () {","    'use strict';","    var local;","","","","    // run shared js-env code - pre-init","    (function () {","        // init local","        local = {};","        // init modeJs","        local.modeJs = (function () {","            try {","                return typeof navigator.userAgent === 'string' &&","                    typeof document.querySelector('body') === 'object' &&","                    typeof XMLHttpRequest.prototype.open === 'function' &&","                    'browser';","            } catch (errorCaughtBrowser) {","                return module.exports &&","                    typeof process.versions.node === 'string' &&","                    typeof require('http').createServer === 'function' &&","                    'node';","            }","        }());","        // init global","        local.global = local.modeJs === 'browser'","            ? window","            : global;","        // init utility2_rollup","        local = local.global.utility2_rollup || local;","        // init lib","        local.local = local.npmtest_swagger_node_express = local;","        // init exports","        if (local.modeJs === 'browser') {","            local.global.utility2_npmtest_swagger_node_express = local;","        } else {","            module.exports = local;","            module.exports.__dirname = __dirname;","            module.exports.module = module;","        }","    }());","}());",""],"l":{"12":2,"14":2,"19":2,"21":2,"23":2,"24":2,"25":2,"30":1,"37":2,"41":2,"43":2,"45":2,"46":1,"48":1,"49":1,"50":1}},"/home/travis/build/npmtest/node-npmtest-swagger-node-express/example.js":{"path":"/home/travis/build/npmtest/node-npmtest-swagger-node-express/example.js","s":{"1":2,"2":2,"3":2,"4":2,"5":2,"6":2,"7":2,"8":1,"9":2,"10":2,"11":2,"12":2,"13":1,"14":2,"15":2,"16":2,"17":2,"18":2,"19":0,"20":2,"21":1,"22":1,"23":1,"24":1,"25":1,"26":0,"27":0,"28":1,"29":1,"30":2,"31":0,"32":0,"33":0,"34":1,"35":2,"36":2,"37":2,"38":2,"39":2,"40":2,"41":0,"42":2,"43":2,"44":2,"45":1,"46":3,"47":1,"48":1,"49":1,"50":1,"51":1,"52":1,"53":1,"54":1,"55":1,"56":1,"57":0,"58":1,"59":6,"60":6,"61":1,"62":2,"63":0,"64":2,"65":1,"66":1,"67":0,"68":0,"69":0,"70":0,"71":0,"72":0,"73":0,"74":0,"75":0,"76":0,"77":0,"78":0,"79":0,"80":0,"81":0,"82":0,"83":0},"b":{"1":[2,1,1,1],"2":[1,1,1,1],"3":[1,1],"4":[2,2],"5":[1,1],"6":[1,1],"7":[2,0],"8":[2,1,1,1,1,1],"9":[0,2,0],"10":[1,1],"11":[2,1,1],"12":[1,0],"13":[0,2],"14":[2,0,0,0,0,0,0],"15":[0,2],"16":[2,0],"17":[1,1],"18":[0,1],"19":[1,2,0,2],"20":[1,0],"21":[1,1],"22":[0,0],"23":[0,0],"24":[0,0],"25":[0,0],"26":[0,0],"27":[0,0],"28":[0,0]},"f":{"1":2,"2":2,"3":2,"4":2,"5":2,"6":2,"7":2,"8":2,"9":3,"10":1,"11":6,"12":0},"fnMap":{"1":{"name":"(anonymous_1)","line":26,"loc":{"start":{"line":26,"column":1},"end":{"line":26,"column":13}}},"2":{"name":"(anonymous_2)","line":33,"loc":{"start":{"line":33,"column":5},"end":{"line":33,"column":17}}},"3":{"name":"(anonymous_3)","line":37,"loc":{"start":{"line":37,"column":24},"end":{"line":37,"column":36}}},"4":{"name":"(anonymous_4)","line":69,"loc":{"start":{"line":69,"column":31},"end":{"line":69,"column":48}},"skip":true},"5":{"name":"(anonymous_5)","line":78,"loc":{"start":{"line":78,"column":26},"end":{"line":78,"column":45}},"skip":true},"6":{"name":"(anonymous_6)","line":123,"loc":{"start":{"line":123,"column":33},"end":{"line":123,"column":48}},"skip":true},"7":{"name":"(anonymous_7)","line":125,"loc":{"start":{"line":125,"column":27},"end":{"line":125,"column":39}},"skip":true},"8":{"name":"(anonymous_8)","line":133,"loc":{"start":{"line":133,"column":59},"end":{"line":133,"column":74}},"skip":true},"9":{"name":"(anonymous_9)","line":143,"loc":{"start":{"line":143,"column":45},"end":{"line":143,"column":62}},"skip":true},"10":{"name":"(anonymous_10)","line":144,"loc":{"start":{"line":144,"column":73},"end":{"line":144,"column":92}},"skip":true},"11":{"name":"(anonymous_11)","line":272,"loc":{"start":{"line":272,"column":51},"end":{"line":272,"column":77}},"skip":true},"12":{"name":"(anonymous_12)","line":314,"loc":{"start":{"line":314,"column":32},"end":{"line":314,"column":61}},"skip":true}},"statementMap":{"1":{"start":{"line":26,"column":0},"end":{"line":325,"column":5}},"2":{"start":{"line":28,"column":4},"end":{"line":28,"column":14}},"3":{"start":{"line":33,"column":4},"end":{"line":60,"column":9}},"4":{"start":{"line":35,"column":8},"end":{"line":35,"column":19}},"5":{"start":{"line":37,"column":8},"end":{"line":49,"column":13}},"6":{"start":{"line":38,"column":12},"end":{"line":48,"column":13}},"7":{"start":{"line":39,"column":16},"end":{"line":42,"column":30}},"8":{"start":{"line":44,"column":16},"end":{"line":47,"column":27}},"9":{"start":{"line":51,"column":8},"end":{"line":53,"column":21}},"10":{"start":{"line":55,"column":8},"end":{"line":57,"column":45}},"11":{"start":{"line":59,"column":8},"end":{"line":59,"column":35}},"12":{"start":{"line":61,"column":4},"end":{"line":324,"column":5}},"13":{"start":{"line":69,"column":8},"end":{"line":121,"column":10},"skip":true},"14":{"start":{"line":70,"column":12},"end":{"line":88,"column":13},"skip":true},"15":{"start":{"line":76,"column":16},"end":{"line":87,"column":19},"skip":true},"16":{"start":{"line":79,"column":20},"end":{"line":86,"column":21},"skip":true},"17":{"start":{"line":82,"column":24},"end":{"line":82,"column":43},"skip":true},"18":{"start":{"line":83,"column":24},"end":{"line":83,"column":30},"skip":true},"19":{"start":{"line":85,"column":24},"end":{"line":85,"column":49},"skip":true},"20":{"start":{"line":89,"column":12},"end":{"line":107,"column":13},"skip":true},"21":{"start":{"line":92,"column":16},"end":{"line":102,"column":17},"skip":true},"22":{"start":{"line":93,"column":20},"end":{"line":93,"column":86},"skip":true},"23":{"start":{"line":94,"column":20},"end":{"line":95,"column":45},"skip":true},"24":{"start":{"line":96,"column":20},"end":{"line":96,"column":42},"skip":true},"25":{"start":{"line":97,"column":20},"end":{"line":97,"column":48},"skip":true},"26":{"start":{"line":100,"column":20},"end":{"line":100,"column":85},"skip":true},"27":{"start":{"line":101,"column":20},"end":{"line":101,"column":96},"skip":true},"28":{"start":{"line":103,"column":16},"end":{"line":103,"column":22},"skip":true},"29":{"start":{"line":106,"column":16},"end":{"line":106,"column":22},"skip":true},"30":{"start":{"line":108,"column":12},"end":{"line":120,"column":13},"skip":true},"31":{"start":{"line":114,"column":16},"end":{"line":119,"column":17},"skip":true},"32":{"start":{"line":116,"column":20},"end":{"line":116,"column":78},"skip":true},"33":{"start":{"line":118,"column":20},"end":{"line":118,"column":53},"skip":true},"34":{"start":{"line":123,"column":8},"end":{"line":141,"column":11},"skip":true},"35":{"start":{"line":124,"column":12},"end":{"line":124,"column":54},"skip":true},"36":{"start":{"line":125,"column":12},"end":{"line":140,"column":14},"skip":true},"37":{"start":{"line":126,"column":16},"end":{"line":126,"column":28},"skip":true},"38":{"start":{"line":127,"column":16},"end":{"line":127,"column":69},"skip":true},"39":{"start":{"line":128,"column":16},"end":{"line":128,"column":75},"skip":true},"40":{"start":{"line":129,"column":16},"end":{"line":131,"column":17},"skip":true},"41":{"start":{"line":130,"column":20},"end":{"line":130,"column":27},"skip":true},"42":{"start":{"line":133,"column":16},"end":{"line":137,"column":36},"skip":true},"43":{"start":{"line":134,"column":20},"end":{"line":136,"column":55},"skip":true},"44":{"start":{"line":139,"column":16},"end":{"line":139,"column":57},"skip":true},"45":{"start":{"line":143,"column":8},"end":{"line":147,"column":11},"skip":true},"46":{"start":{"line":144,"column":12},"end":{"line":146,"column":15},"skip":true},"47":{"start":{"line":145,"column":16},"end":{"line":145,"column":70},"skip":true},"48":{"start":{"line":149,"column":8},"end":{"line":149,"column":31},"skip":true},"49":{"start":{"line":150,"column":8},"end":{"line":150,"column":14},"skip":true},"50":{"start":{"line":158,"column":8},"end":{"line":158,"column":31},"skip":true},"51":{"start":{"line":160,"column":8},"end":{"line":160,"column":33},"skip":true},"52":{"start":{"line":161,"column":8},"end":{"line":161,"column":37},"skip":true},"53":{"start":{"line":162,"column":8},"end":{"line":162,"column":35},"skip":true},"54":{"start":{"line":164,"column":8},"end":{"line":164,"column":50},"skip":true},"55":{"start":{"line":166,"column":8},"end":{"line":256,"column":2},"skip":true},"56":{"start":{"line":258,"column":8},"end":{"line":286,"column":9},"skip":true},"57":{"start":{"line":259,"column":12},"end":{"line":269,"column":14},"skip":true},"58":{"start":{"line":271,"column":12},"end":{"line":285,"column":19},"skip":true},"59":{"start":{"line":274,"column":20},"end":{"line":274,"column":35},"skip":true},"60":{"start":{"line":275,"column":20},"end":{"line":284,"column":21},"skip":true},"61":{"start":{"line":277,"column":24},"end":{"line":277,"column":64},"skip":true},"62":{"start":{"line":279,"column":24},"end":{"line":279,"column":40},"skip":true},"63":{"start":{"line":281,"column":24},"end":{"line":281,"column":40},"skip":true},"64":{"start":{"line":283,"column":24},"end":{"line":283,"column":39},"skip":true},"65":{"start":{"line":288,"column":8},"end":{"line":290,"column":9},"skip":true},"66":{"start":{"line":289,"column":12},"end":{"line":289,"column":18},"skip":true},"67":{"start":{"line":291,"column":8},"end":{"line":293,"column":54},"skip":true},"68":{"start":{"line":294,"column":8},"end":{"line":301,"column":37},"skip":true},"69":{"start":{"line":302,"column":8},"end":{"line":302,"column":82},"skip":true},"70":{"start":{"line":305,"column":8},"end":{"line":307,"column":9},"skip":true},"71":{"start":{"line":306,"column":12},"end":{"line":306,"column":82},"skip":true},"72":{"start":{"line":309,"column":8},"end":{"line":311,"column":9},"skip":true},"73":{"start":{"line":310,"column":12},"end":{"line":310,"column":18},"skip":true},"74":{"start":{"line":312,"column":8},"end":{"line":312,"column":54},"skip":true},"75":{"start":{"line":313,"column":8},"end":{"line":313,"column":69},"skip":true},"76":{"start":{"line":314,"column":8},"end":{"line":322,"column":36},"skip":true},"77":{"start":{"line":315,"column":12},"end":{"line":315,"column":61},"skip":true},"78":{"start":{"line":316,"column":12},"end":{"line":319,"column":13},"skip":true},"79":{"start":{"line":317,"column":16},"end":{"line":317,"column":75},"skip":true},"80":{"start":{"line":318,"column":16},"end":{"line":318,"column":23},"skip":true},"81":{"start":{"line":320,"column":12},"end":{"line":320,"column":38},"skip":true},"82":{"start":{"line":321,"column":12},"end":{"line":321,"column":27},"skip":true},"83":{"start":{"line":323,"column":8},"end":{"line":323,"column":14},"skip":true}},"branchMap":{"1":{"line":39,"type":"binary-expr","locations":[{"start":{"line":39,"column":23},"end":{"line":39,"column":62}},{"start":{"line":40,"column":20},"end":{"line":40,"column":70}},{"start":{"line":41,"column":20},"end":{"line":41,"column":71}},{"start":{"line":42,"column":20},"end":{"line":42,"column":29}}]},"2":{"line":44,"type":"binary-expr","locations":[{"start":{"line":44,"column":23},"end":{"line":44,"column":37}},{"start":{"line":45,"column":20},"end":{"line":45,"column":61}},{"start":{"line":46,"column":20},"end":{"line":46,"column":70}},{"start":{"line":47,"column":20},"end":{"line":47,"column":26}}]},"3":{"line":51,"type":"cond-expr","locations":[{"start":{"line":52,"column":14},"end":{"line":52,"column":20}},{"start":{"line":53,"column":14},"end":{"line":53,"column":20}}]},"4":{"line":55,"type":"binary-expr","locations":[{"start":{"line":55,"column":16},"end":{"line":55,"column":44}},{"start":{"line":55,"column":49},"end":{"line":57,"column":43}}]},"5":{"line":55,"type":"cond-expr","locations":[{"start":{"line":56,"column":14},"end":{"line":56,"column":64}},{"start":{"line":57,"column":14},"end":{"line":57,"column":43}}]},"6":{"line":61,"type":"switch","locations":[{"start":{"line":68,"column":4},"end":{"line":150,"column":14},"skip":true},{"start":{"line":156,"column":4},"end":{"line":323,"column":14},"skip":true}]},"7":{"line":70,"type":"if","locations":[{"start":{"line":70,"column":12},"end":{"line":70,"column":12},"skip":true},{"start":{"line":70,"column":12},"end":{"line":70,"column":12},"skip":true}]},"8":{"line":70,"type":"binary-expr","locations":[{"start":{"line":70,"column":16},"end":{"line":70,"column":22},"skip":true},{"start":{"line":70,"column":27},"end":{"line":70,"column":32},"skip":true},{"start":{"line":71,"column":20},"end":{"line":71,"column":39},"skip":true},{"start":{"line":72,"column":20},"end":{"line":72,"column":49},"skip":true},{"start":{"line":73,"column":20},"end":{"line":73,"column":58},"skip":true},{"start":{"line":74,"column":20},"end":{"line":74,"column":69},"skip":true}]},"9":{"line":79,"type":"switch","locations":[{"start":{"line":80,"column":20},"end":{"line":80,"column":33},"skip":true},{"start":{"line":81,"column":20},"end":{"line":83,"column":30},"skip":true},{"start":{"line":84,"column":20},"end":{"line":85,"column":49},"skip":true}]},"10":{"line":89,"type":"switch","locations":[{"start":{"line":90,"column":12},"end":{"line":103,"column":22},"skip":true},{"start":{"line":105,"column":12},"end":{"line":106,"column":22},"skip":true}]},"11":{"line":89,"type":"binary-expr","locations":[{"start":{"line":89,"column":20},"end":{"line":89,"column":25},"skip":true},{"start":{"line":89,"column":29},"end":{"line":89,"column":48},"skip":true},{"start":{"line":89,"column":52},"end":{"line":89,"column":74},"skip":true}]},"12":{"line":92,"type":"if","locations":[{"start":{"line":92,"column":16},"end":{"line":92,"column":16},"skip":true},{"start":{"line":92,"column":16},"end":{"line":92,"column":16},"skip":true}]},"13":{"line":108,"type":"if","locations":[{"start":{"line":108,"column":12},"end":{"line":108,"column":12},"skip":true},{"start":{"line":108,"column":12},"end":{"line":108,"column":12},"skip":true}]},"14":{"line":108,"type":"binary-expr","locations":[{"start":{"line":108,"column":16},"end":{"line":108,"column":61},"skip":true},{"start":{"line":108,"column":66},"end":{"line":108,"column":72},"skip":true},{"start":{"line":108,"column":77},"end":{"line":108,"column":82},"skip":true},{"start":{"line":109,"column":20},"end":{"line":109,"column":39},"skip":true},{"start":{"line":110,"column":20},"end":{"line":110,"column":49},"skip":true},{"start":{"line":111,"column":20},"end":{"line":111,"column":58},"skip":true},{"start":{"line":112,"column":20},"end":{"line":112,"column":68},"skip":true}]},"15":{"line":129,"type":"if","locations":[{"start":{"line":129,"column":16},"end":{"line":129,"column":16},"skip":true},{"start":{"line":129,"column":16},"end":{"line":129,"column":16},"skip":true}]},"16":{"line":134,"type":"cond-expr","locations":[{"start":{"line":135,"column":26},"end":{"line":135,"column":29},"skip":true},{"start":{"line":136,"column":26},"end":{"line":136,"column":54},"skip":true}]},"17":{"line":164,"type":"binary-expr","locations":[{"start":{"line":164,"column":27},"end":{"line":164,"column":43},"skip":true},{"start":{"line":164,"column":47},"end":{"line":164,"column":49},"skip":true}]},"18":{"line":258,"type":"if","locations":[{"start":{"line":258,"column":8},"end":{"line":258,"column":8},"skip":true},{"start":{"line":258,"column":8},"end":{"line":258,"column":8},"skip":true}]},"19":{"line":275,"type":"switch","locations":[{"start":{"line":276,"column":20},"end":{"line":277,"column":64},"skip":true},{"start":{"line":278,"column":20},"end":{"line":279,"column":40},"skip":true},{"start":{"line":280,"column":20},"end":{"line":281,"column":40},"skip":true},{"start":{"line":282,"column":20},"end":{"line":283,"column":39},"skip":true}]},"20":{"line":288,"type":"if","locations":[{"start":{"line":288,"column":8},"end":{"line":288,"column":8},"skip":true},{"start":{"line":288,"column":8},"end":{"line":288,"column":8},"skip":true}]},"21":{"line":288,"type":"binary-expr","locations":[{"start":{"line":288,"column":12},"end":{"line":288,"column":40},"skip":true},{"start":{"line":288,"column":44},"end":{"line":288,"column":67},"skip":true}]},"22":{"line":292,"type":"binary-expr","locations":[{"start":{"line":292,"column":12},"end":{"line":292,"column":50},"skip":true},{"start":{"line":293,"column":12},"end":{"line":293,"column":53},"skip":true}]},"23":{"line":295,"type":"binary-expr","locations":[{"start":{"line":295,"column":12},"end":{"line":295,"column":78},"skip":true},{"start":{"line":296,"column":12},"end":{"line":301,"column":36},"skip":true}]},"24":{"line":302,"type":"binary-expr","locations":[{"start":{"line":302,"column":43},"end":{"line":302,"column":75},"skip":true},{"start":{"line":302,"column":79},"end":{"line":302,"column":81},"skip":true}]},"25":{"line":305,"type":"if","locations":[{"start":{"line":305,"column":8},"end":{"line":305,"column":8},"skip":true},{"start":{"line":305,"column":8},"end":{"line":305,"column":8},"skip":true}]},"26":{"line":309,"type":"if","locations":[{"start":{"line":309,"column":8},"end":{"line":309,"column":8},"skip":true},{"start":{"line":309,"column":8},"end":{"line":309,"column":8},"skip":true}]},"27":{"line":312,"type":"binary-expr","locations":[{"start":{"line":312,"column":27},"end":{"line":312,"column":43},"skip":true},{"start":{"line":312,"column":47},"end":{"line":312,"column":53},"skip":true}]},"28":{"line":316,"type":"if","locations":[{"start":{"line":316,"column":12},"end":{"line":316,"column":12},"skip":true},{"start":{"line":316,"column":12},"end":{"line":316,"column":12},"skip":true}]}},"code":["/*","example.js","","quickstart example","","instruction","    1. save this script as example.js","    2. run the shell command:","        $ npm install npmtest-swagger-node-express && PORT=8081 node example.js","    3. play with the browser-demo on http://127.0.0.1:8081","*/","","","","/* istanbul instrument in package npmtest_swagger_node_express */","/*jslint","    bitwise: true,","    browser: true,","    maxerr: 8,","    maxlen: 96,","    node: true,","    nomen: true,","    regexp: true,","    stupid: true","*/","(function () {","    'use strict';","    var local;","","","","    // run shared js-env code - pre-init","    (function () {","        // init local","        local = {};","        // init modeJs","        local.modeJs = (function () {","            try {","                return typeof navigator.userAgent === 'string' &&","                    typeof document.querySelector('body') === 'object' &&","                    typeof XMLHttpRequest.prototype.open === 'function' &&","                    'browser';","            } catch (errorCaughtBrowser) {","                return module.exports &&","                    typeof process.versions.node === 'string' &&","                    typeof require('http').createServer === 'function' &&","                    'node';","            }","        }());","        // init global","        local.global = local.modeJs === 'browser'","            ? window","            : global;","        // init utility2_rollup","        local = local.global.utility2_rollup || (local.modeJs === 'browser'","            ? local.global.utility2_npmtest_swagger_node_express","            : global.utility2_moduleExports);","        // export local","        local.global.local = local;","    }());","    switch (local.modeJs) {","","","","    // post-init","    // run browser js-env code - post-init","    /* istanbul ignore next */","    case 'browser':","        local.testRunBrowser = function (event) {","            if (!event || (event &&","                    event.currentTarget &&","                    event.currentTarget.className &&","                    event.currentTarget.className.includes &&","                    event.currentTarget.className.includes('onreset'))) {","                // reset output","                Array.from(","                    document.querySelectorAll('body > .resettable')","                ).forEach(function (element) {","                    switch (element.tagName) {","                    case 'INPUT':","                    case 'TEXTAREA':","                        element.value = '';","                        break;","                    default:","                        element.textContent = '';","                    }","                });","            }","            switch (event && event.currentTarget && event.currentTarget.id) {","            case 'testRunButton1':","                // show tests","                if (document.querySelector('#testReportDiv1').style.display === 'none') {","                    document.querySelector('#testReportDiv1').style.display = 'block';","                    document.querySelector('#testRunButton1').textContent =","                        'hide internal test';","                    local.modeTest = true;","                    local.testRunDefault(local);","                // hide tests","                } else {","                    document.querySelector('#testReportDiv1').style.display = 'none';","                    document.querySelector('#testRunButton1').textContent = 'run internal test';","                }","                break;","            // custom-case","            default:","                break;","            }","            if (document.querySelector('#inputTextareaEval1') && (!event || (event &&","                    event.currentTarget &&","                    event.currentTarget.className &&","                    event.currentTarget.className.includes &&","                    event.currentTarget.className.includes('oneval')))) {","                // try to eval input-code","                try {","                    /*jslint evil: true*/","                    eval(document.querySelector('#inputTextareaEval1').value);","                } catch (errorCaught) {","                    console.error(errorCaught.stack);","                }","            }","        };","        // log stderr and stdout to #outputTextareaStdout1","        ['error', 'log'].forEach(function (key) {","            console[key + '_original'] = console[key];","            console[key] = function () {","                var element;","                console[key + '_original'].apply(console, arguments);","                element = document.querySelector('#outputTextareaStdout1');","                if (!element) {","                    return;","                }","                // append text to #outputTextareaStdout1","                element.value += Array.from(arguments).map(function (arg) {","                    return typeof arg === 'string'","                        ? arg","                        : JSON.stringify(arg, null, 4);","                }).join(' ') + '\\n';","                // scroll textarea to bottom","                element.scrollTop = element.scrollHeight;","            };","        });","        // init event-handling","        ['change', 'click', 'keyup'].forEach(function (event) {","            Array.from(document.querySelectorAll('.on' + event)).forEach(function (element) {","                element.addEventListener(event, local.testRunBrowser);","            });","        });","        // run tests","        local.testRunBrowser();","        break;","","","","    // run node js-env code - post-init","    /* istanbul ignore next */","    case 'node':","        // export local","        module.exports = local;","        // require modules","        local.fs = require('fs');","        local.http = require('http');","        local.url = require('url');","        // init assets","        local.assetsDict = local.assetsDict || {};","        /* jslint-ignore-begin */","        local.assetsDict['/assets.index.template.html'] = '\\","<!doctype html>\\n\\","<html lang=\"en\">\\n\\","<head>\\n\\","<meta charset=\"UTF-8\">\\n\\","<meta name=\"viewport\" content=\"width=device-width, initial-scale=1\">\\n\\","<title>{{env.npm_package_name}} (v{{env.npm_package_version}})</title>\\n\\","<style>\\n\\","/*csslint\\n\\","    box-sizing: false,\\n\\","    universal-selector: false\\n\\","*/\\n\\","* {\\n\\","    box-sizing: border-box;\\n\\","}\\n\\","body {\\n\\","    background: #dde;\\n\\","    font-family: Arial, Helvetica, sans-serif;\\n\\","    margin: 2rem;\\n\\","}\\n\\","body > * {\\n\\","    margin-bottom: 1rem;\\n\\","}\\n\\",".utility2FooterDiv {\\n\\","    margin-top: 20px;\\n\\","    text-align: center;\\n\\","}\\n\\","</style>\\n\\","<style>\\n\\","/*csslint\\n\\","*/\\n\\","textarea {\\n\\","    font-family: monospace;\\n\\","    height: 10rem;\\n\\","    width: 100%;\\n\\","}\\n\\","textarea[readonly] {\\n\\","    background: #ddd;\\n\\","}\\n\\","</style>\\n\\","</head>\\n\\","<body>\\n\\","<!-- utility2-comment\\n\\","<div id=\"ajaxProgressDiv1\" style=\"background: #d00; height: 2px; left: 0; margin: 0; padding: 0; position: fixed; top: 0; transition: background 0.5s, width 1.5s; width: 25%;\"></div>\\n\\","utility2-comment -->\\n\\","<h1>\\n\\","<!-- utility2-comment\\n\\","    <a\\n\\","        {{#if env.npm_package_homepage}}\\n\\","        href=\"{{env.npm_package_homepage}}\"\\n\\","        {{/if env.npm_package_homepage}}\\n\\","        target=\"_blank\"\\n\\","    >\\n\\","utility2-comment -->\\n\\","        {{env.npm_package_name}} (v{{env.npm_package_version}})\\n\\","<!-- utility2-comment\\n\\","    </a>\\n\\","utility2-comment -->\\n\\","</h1>\\n\\","<h3>{{env.npm_package_description}}</h3>\\n\\","<!-- utility2-comment\\n\\","<h4><a download href=\"assets.app.js\">download standalone app</a></h4>\\n\\","<button class=\"onclick onreset\" id=\"testRunButton1\">run internal test</button><br>\\n\\","<div id=\"testReportDiv1\" style=\"display: none;\"></div>\\n\\","utility2-comment -->\\n\\","\\n\\","\\n\\","\\n\\","<label>stderr and stdout</label>\\n\\","<textarea class=\"resettable\" id=\"outputTextareaStdout1\" readonly></textarea>\\n\\","<!-- utility2-comment\\n\\","{{#if isRollup}}\\n\\","<script src=\"assets.app.js\"></script>\\n\\","{{#unless isRollup}}\\n\\","utility2-comment -->\\n\\","<script src=\"assets.utility2.rollup.js\"></script>\\n\\","<script src=\"jsonp.utility2._stateInit?callback=window.utility2._stateInit\"></script>\\n\\","<script src=\"assets.npmtest_swagger_node_express.rollup.js\"></script>\\n\\","<script src=\"assets.example.js\"></script>\\n\\","<script src=\"assets.test.js\"></script>\\n\\","<!-- utility2-comment\\n\\","{{/if isRollup}}\\n\\","utility2-comment -->\\n\\","<div class=\"utility2FooterDiv\">\\n\\","    [ this app was created with\\n\\","    <a href=\"https://github.com/kaizhu256/node-utility2\" target=\"_blank\">utility2</a>\\n\\","    ]\\n\\","</div>\\n\\","</body>\\n\\","</html>\\n\\","';","        /* jslint-ignore-end */","        if (local.templateRender) {","            local.assetsDict['/'] = local.templateRender(","                local.assetsDict['/assets.index.template.html'],","                {","                    env: local.objectSetDefault(local.env, {","                        npm_package_description: 'the greatest app in the world!',","                        npm_package_name: 'my-app',","                        npm_package_nameAlias: 'my_app',","                        npm_package_version: '0.0.1'","                    })","                }","            );","        } else {","            local.assetsDict['/'] = local.assetsDict['/assets.index.template.html']","                .replace((/\\{\\{env\\.(\\w+?)\\}\\}/g), function (match0, match1) {","                    // jslint-hack","                    String(match0);","                    switch (match1) {","                    case 'npm_package_description':","                        return 'the greatest app in the world!';","                    case 'npm_package_name':","                        return 'my-app';","                    case 'npm_package_nameAlias':","                        return 'my_app';","                    case 'npm_package_version':","                        return '0.0.1';","                    }","                });","        }","        // run the cli","        if (local.global.utility2_rollup || module !== require.main) {","            break;","        }","        local.assetsDict['/assets.example.js'] =","            local.assetsDict['/assets.example.js'] ||","            local.fs.readFileSync(__filename, 'utf8');","        local.assetsDict['/assets.npmtest_swagger_node_express.rollup.js'] =","            local.assetsDict['/assets.npmtest_swagger_node_express.rollup.js'] ||","            local.fs.readFileSync(","                // buildCustomOrg-hack","                local.npmtest_swagger_node_express.__dirname +","                    '/lib.npmtest_swagger_node_express.js',","                'utf8'","            ).replace((/^#!/), '//');","        local.assetsDict['/favicon.ico'] = local.assetsDict['/favicon.ico'] || '';","        // if $npm_config_timeout_exit exists,","        // then exit this process after $npm_config_timeout_exit ms","        if (Number(process.env.npm_config_timeout_exit)) {","            setTimeout(process.exit, Number(process.env.npm_config_timeout_exit));","        }","        // start server","        if (local.global.utility2_serverHttp1) {","            break;","        }","        process.env.PORT = process.env.PORT || '8081';","        console.error('server starting on port ' + process.env.PORT);","        local.http.createServer(function (request, response) {","            request.urlParsed = local.url.parse(request.url);","            if (local.assetsDict[request.urlParsed.pathname] !== undefined) {","                response.end(local.assetsDict[request.urlParsed.pathname]);","                return;","            }","            response.statusCode = 404;","            response.end();","        }).listen(process.env.PORT);","        break;","    }","}());",""],"l":{"26":2,"28":2,"33":2,"35":2,"37":2,"38":2,"39":2,"44":1,"51":2,"55":2,"59":2,"61":2,"69":1,"70":2,"76":2,"79":2,"82":2,"83":2,"85":1,"89":2,"92":1,"93":1,"94":1,"96":1,"97":1,"100":1,"101":1,"103":1,"106":1,"108":2,"114":1,"116":1,"118":1,"123":1,"124":2,"125":2,"126":2,"127":2,"128":2,"129":2,"130":1,"133":2,"134":2,"139":2,"143":1,"144":3,"145":1,"149":1,"150":1,"158":1,"160":1,"161":1,"162":1,"164":1,"166":1,"258":1,"259":1,"271":1,"274":6,"275":6,"277":1,"279":2,"281":1,"283":2,"288":1,"289":1,"291":1,"294":1,"302":1,"305":1,"306":1,"309":1,"310":1,"312":1,"313":1,"314":1,"315":1,"316":1,"317":1,"318":1,"320":1,"321":1,"323":1}},"/home/travis/build/npmtest/node-npmtest-swagger-node-express/swagger-node-express/index.js":{"path":"/home/travis/build/npmtest/node-npmtest-swagger-node-express/swagger-node-express/index.js","s":{"1":1},"b":{},"f":{},"fnMap":{},"statementMap":{"1":{"start":{"line":1,"column":0},"end":{"line":1,"column":34}}},"branchMap":{},"code":["module.exports = require('./lib');",""],"l":{"1":1}},"/home/travis/build/npmtest/node-npmtest-swagger-node-express/swagger-node-express/lib/index.js":{"path":"/home/travis/build/npmtest/node-npmtest-swagger-node-express/swagger-node-express/lib/index.js","s":{"1":1,"2":1,"3":1,"4":1,"5":1,"6":1,"7":1,"8":1,"9":1,"10":1,"11":1},"b":{},"f":{},"fnMap":{},"statementMap":{"1":{"start":{"line":1,"column":0},"end":{"line":1,"column":48}},"2":{"start":{"line":2,"column":0},"end":{"line":2,"column":51}},"3":{"start":{"line":3,"column":0},"end":{"line":3,"column":45}},"4":{"start":{"line":5,"column":0},"end":{"line":5,"column":32}},"5":{"start":{"line":6,"column":0},"end":{"line":6,"column":31}},"6":{"start":{"line":7,"column":0},"end":{"line":7,"column":44}},"7":{"start":{"line":8,"column":0},"end":{"line":8,"column":43}},"8":{"start":{"line":9,"column":0},"end":{"line":9,"column":43}},"9":{"start":{"line":10,"column":0},"end":{"line":10,"column":43}},"10":{"start":{"line":11,"column":0},"end":{"line":11,"column":45}},"11":{"start":{"line":12,"column":0},"end":{"line":12,"column":51}}},"branchMap":{},"code":["var params            = require('./paramTypes');","var errorHandling     = require('./errorHandling');","var swagger           = require('./swagger');","","module.exports        = swagger;","module.exports.params = params;","module.exports.queryParam    = params.query;","module.exports.pathParam     = params.path;","module.exports.bodyParam     = params.body;","module.exports.formParam     = params.form;","module.exports.headerParam   = params.header;","module.exports.error         = errorHandling.error;","",""],"l":{"1":1,"2":1,"3":1,"5":1,"6":1,"7":1,"8":1,"9":1,"10":1,"11":1,"12":1}},"/home/travis/build/npmtest/node-npmtest-swagger-node-express/swagger-node-express/lib/paramTypes.js":{"path":"/home/travis/build/npmtest/node-npmtest-swagger-node-express/swagger-node-express/lib/paramTypes.js","s":{"1":1,"2":0,"3":1,"4":0,"5":1,"6":0,"7":1,"8":0,"9":1,"10":0},"b":{"1":[0,0],"2":[0,0]},"f":{"1":0,"2":0,"3":0,"4":0,"5":0},"fnMap":{"1":{"name":"(anonymous_1)","line":20,"loc":{"start":{"line":20,"column":28},"end":{"line":20,"column":107}}},"2":{"name":"(anonymous_2)","line":32,"loc":{"start":{"line":32,"column":15},"end":{"line":32,"column":84}}},"3":{"name":"(anonymous_3)","line":44,"loc":{"start":{"line":44,"column":15},"end":{"line":44,"column":73}}},"4":{"name":"(anonymous_4)","line":55,"loc":{"start":{"line":55,"column":15},"end":{"line":55,"column":94}}},"5":{"name":"(anonymous_5)","line":67,"loc":{"start":{"line":67,"column":17},"end":{"line":67,"column":61}}}},"statementMap":{"1":{"start":{"line":20,"column":0},"end":{"line":30,"column":2}},"2":{"start":{"line":21,"column":2},"end":{"line":29,"column":4}},"3":{"start":{"line":32,"column":0},"end":{"line":42,"column":2}},"4":{"start":{"line":33,"column":2},"end":{"line":41,"column":4}},"5":{"start":{"line":44,"column":0},"end":{"line":53,"column":2}},"6":{"start":{"line":45,"column":2},"end":{"line":52,"column":4}},"7":{"start":{"line":55,"column":0},"end":{"line":65,"column":2}},"8":{"start":{"line":56,"column":2},"end":{"line":64,"column":4}},"9":{"start":{"line":67,"column":0},"end":{"line":76,"column":2}},"10":{"start":{"line":68,"column":2},"end":{"line":75,"column":4}}},"branchMap":{"1":{"line":49,"type":"binary-expr","locations":[{"start":{"line":49,"column":17},"end":{"line":49,"column":25}},{"start":{"line":49,"column":29},"end":{"line":49,"column":34}}]},"2":{"line":60,"type":"cond-expr","locations":[{"start":{"line":60,"column":53},"end":{"line":60,"column":61}},{"start":{"line":60,"column":64},"end":{"line":60,"column":68}}]}},"code":["/**"," *  Copyright 2013 Wordnik, Inc."," *"," *  Licensed under the Apache License, Version 2.0 (the \"License\");"," *  you may not use this file except in compliance with the License."," *  You may obtain a copy of the License at"," *"," *      http://www.apache.org/licenses/LICENSE-2.0"," *"," *  Unless required by applicable law or agreed to in writing, software"," *  distributed under the License is distributed on an \"AS IS\" BASIS,"," *  WITHOUT WARRANTIES OR CONDITIONS OF ANY KIND, either express or implied."," *  See the License for the specific language governing permissions and"," *  limitations under the License."," */","","'use strict';","","","exports.query = exports.q = function(name, description, type, required, allowableValuesEnum, defaultValue) {","  return {","    'name' : name,","    'description' : description,","    'type' : type,","    'required' : required,","    'enum' : allowableValuesEnum,","    'defaultValue' : defaultValue,","    'paramType' : 'query'","  };","};","","exports.path = function(name, description, type, allowableValuesEnum, defaultValue) {","  return {","    'name' : name,","    'description' : description,","    'type' : type,","    'required' : true,","    'enum' : allowableValuesEnum,","    'paramType' : 'path',","    'defaultValue' : defaultValue","  };","};","","exports.body = function(name, description, type, defaultValue, required) {","  return {","    'name' : name,","    'description' : description,","    'type' : type,","    'required' : required || false,","    'paramType' : 'body',","    'defaultValue' : defaultValue","  };","};","","exports.form = function(name, description, type, required, allowableValuesEnum, defaultValue) {","  return {","    'name' : name,","    'description' : description,","    'type' : type,","    'required' : (typeof required !== 'undefined') ? required : true,","    'enum' : allowableValuesEnum,","    'paramType' : 'form',","    'defaultValue' : defaultValue","  };","};","","exports.header = function(name, description, type, required) {","  return {","    'name' : name,","    'description' : description,","    'type' : type,","    'required' : required,","    'allowMultiple' : false,","    'paramType' : 'header'","  };","};",""],"l":{"20":1,"21":0,"32":1,"33":0,"44":1,"45":0,"55":1,"56":0,"67":1,"68":0}},"/home/travis/build/npmtest/node-npmtest-swagger-node-express/swagger-node-express/lib/errorHandling.js":{"path":"/home/travis/build/npmtest/node-npmtest-swagger-node-express/swagger-node-express/lib/errorHandling.js","s":{"1":1,"2":1,"3":0},"b":{},"f":{"1":0},"fnMap":{"1":{"name":"error","line":7,"loc":{"start":{"line":7,"column":0},"end":{"line":7,"column":34}}}},"statementMap":{"1":{"start":{"line":3,"column":0},"end":{"line":3,"column":22}},"2":{"start":{"line":7,"column":0},"end":{"line":12,"column":1}},"3":{"start":{"line":8,"column":2},"end":{"line":11,"column":4}}},"branchMap":{},"code":["'use strict';","","exports.error = error;","","// TODO can this be removed?","// Create Error JSON by code and text","function error(code, description) {","  return {","    'code'   : code,","    'message': description","  };","}",""],"l":{"3":1,"7":1,"8":0}},"/home/travis/build/npmtest/node-npmtest-swagger-node-express/swagger-node-express/lib/swagger.js":{"path":"/home/travis/build/npmtest/node-npmtest-swagger-node-express/swagger-node-express/lib/swagger.js","s":{"1":1,"2":1,"3":1,"4":1,"5":1,"6":1,"7":1,"8":1,"9":1,"10":1,"11":1,"12":1,"13":1,"14":0,"15":1,"16":1,"17":1,"18":1,"19":1,"20":1,"21":1,"22":1,"23":1,"24":1,"25":1,"26":1,"27":1,"28":1,"29":1,"30":1,"31":0,"32":1,"33":0,"34":0,"35":0,"36":0,"37":0,"38":1,"39":0,"40":0,"41":0,"42":0,"43":0,"44":0,"45":0,"46":0,"47":0,"48":1,"49":0,"50":0,"51":1,"52":0,"53":0,"54":0,"55":0,"56":0,"57":0,"58":0,"59":0,"60":0,"61":0,"62":0,"63":0,"64":0,"65":0,"66":0,"67":1,"68":0,"69":0,"70":0,"71":1,"72":0,"73":0,"74":1,"75":0,"76":0,"77":0,"78":0,"79":0,"80":0,"81":0,"82":0,"83":0,"84":0,"85":0,"86":0,"87":0,"88":0,"89":0,"90":0,"91":0,"92":0,"93":0,"94":0,"95":1,"96":0,"97":0,"98":0,"99":0,"100":0,"101":0,"102":0,"103":0,"104":0,"105":0,"106":0,"107":0,"108":0,"109":0,"110":0,"111":0,"112":0,"113":0,"114":0,"115":0,"116":0,"117":0,"118":0,"119":0,"120":0,"121":0,"122":0,"123":0,"124":0,"125":0,"126":0,"127":0,"128":0,"129":0,"130":0,"131":0,"132":0,"133":0,"134":0,"135":0,"136":0,"137":0,"138":0,"139":0,"140":0,"141":0,"142":0,"143":0,"144":0,"145":0,"146":0,"147":0,"148":0,"149":0,"150":0,"151":1,"152":0,"153":0,"154":0,"155":0,"156":0,"157":0,"158":1,"159":0,"160":0,"161":0,"162":0,"163":0,"164":0,"165":0,"166":0,"167":0,"168":1,"169":0,"170":0,"171":0,"172":0,"173":0,"174":1,"175":0,"176":0,"177":0,"178":0,"179":0,"180":0,"181":0,"182":0,"183":0,"184":0,"185":0,"186":0,"187":1,"188":0,"189":0,"190":0,"191":0,"192":0,"193":0,"194":0,"195":0,"196":0,"197":0,"198":0,"199":0,"200":0,"201":0,"202":0,"203":0,"204":0,"205":0,"206":0,"207":0,"208":0,"209":0,"210":0,"211":0,"212":0,"213":0,"214":0,"215":1,"216":0,"217":0,"218":0,"219":1,"220":0,"221":0,"222":0,"223":0,"224":1,"225":0,"226":0,"227":0,"228":0,"229":0,"230":1,"231":0,"232":1,"233":0,"234":1,"235":0,"236":0,"237":1,"238":0,"239":0,"240":1,"241":0,"242":0,"243":1,"244":0,"245":0,"246":1,"247":0,"248":0,"249":1,"250":0,"251":0,"252":0,"253":0,"254":0,"255":0,"256":0,"257":1,"258":0,"259":1,"260":0,"261":0,"262":0,"263":0,"264":1,"265":0,"266":1,"267":0,"268":1,"269":0,"270":0,"271":0,"272":0,"273":0,"274":0,"275":0,"276":0,"277":0,"278":1,"279":0,"280":0,"281":0,"282":0,"283":0,"284":0,"285":0,"286":0,"287":0,"288":0,"289":0,"290":0},"b":{"1":[0,1],"2":[1,1],"3":[0,0],"4":[0,0],"5":[0,0],"6":[0,0],"7":[0,0],"8":[0,0,0,0],"9":[0,0],"10":[0,0],"11":[0,0],"12":[0,0],"13":[0,0],"14":[0,0],"15":[0,0],"16":[0,0],"17":[0,0],"18":[0,0],"19":[0,0],"20":[0,0],"21":[0,0],"22":[0,0],"23":[0,0],"24":[0,0],"25":[0,0],"26":[0,0],"27":[0,0],"28":[0,0],"29":[0,0],"30":[0,0],"31":[0,0],"32":[0,0],"33":[0,0],"34":[0,0],"35":[0,0],"36":[0,0],"37":[0,0],"38":[0,0],"39":[0,0],"40":[0,0],"41":[0,0],"42":[0,0],"43":[0,0],"44":[0,0],"45":[0,0],"46":[0,0],"47":[0,0],"48":[0,0,0],"49":[0,0],"50":[0,0],"51":[0,0],"52":[0,0],"53":[0,0],"54":[0,0],"55":[0,0,0],"56":[0,0],"57":[0,0],"58":[0,0,0],"59":[0,0],"60":[0,0],"61":[0,0],"62":[0,0],"63":[0,0],"64":[0,0],"65":[0,0],"66":[0,0],"67":[0,0]},"f":{"1":1,"2":0,"3":0,"4":0,"5":0,"6":0,"7":0,"8":0,"9":0,"10":0,"11":0,"12":0,"13":0,"14":0,"15":0,"16":0,"17":0,"18":0,"19":0,"20":0,"21":0,"22":0,"23":0,"24":0,"25":0,"26":0,"27":0,"28":0,"29":0,"30":0,"31":0,"32":0,"33":0,"34":0,"35":0,"36":0,"37":0,"38":0,"39":0,"40":0,"41":0,"42":0,"43":0,"44":0,"45":0,"46":0,"47":0,"48":0,"49":0,"50":0,"51":0},"fnMap":{"1":{"name":"Swagger","line":37,"loc":{"start":{"line":37,"column":0},"end":{"line":37,"column":29}}},"2":{"name":"(anonymous_2)","line":68,"loc":{"start":{"line":68,"column":30},"end":{"line":68,"column":50}}},"3":{"name":"(anonymous_3)","line":72,"loc":{"start":{"line":72,"column":42},"end":{"line":72,"column":73}}},"4":{"name":"(anonymous_4)","line":82,"loc":{"start":{"line":82,"column":30},"end":{"line":82,"column":47}}},"5":{"name":"(anonymous_5)","line":94,"loc":{"start":{"line":94,"column":27},"end":{"line":94,"column":47}}},"6":{"name":"(anonymous_6)","line":102,"loc":{"start":{"line":102,"column":31},"end":{"line":102,"column":45}}},"7":{"name":"(anonymous_7)","line":109,"loc":{"start":{"line":109,"column":44},"end":{"line":109,"column":58}}},"8":{"name":"(anonymous_8)","line":111,"loc":{"start":{"line":111,"column":27},"end":{"line":111,"column":52}}},"9":{"name":"(anonymous_9)","line":115,"loc":{"start":{"line":115,"column":18},"end":{"line":115,"column":38}}},"10":{"name":"(anonymous_10)","line":144,"loc":{"start":{"line":144,"column":36},"end":{"line":144,"column":51}}},"11":{"name":"(anonymous_11)","line":150,"loc":{"start":{"line":150,"column":36},"end":{"line":150,"column":51}}},"12":{"name":"(anonymous_12)","line":155,"loc":{"start":{"line":155,"column":50},"end":{"line":155,"column":87}}},"13":{"name":"(anonymous_13)","line":157,"loc":{"start":{"line":157,"column":23},"end":{"line":157,"column":43}}},"14":{"name":"(anonymous_14)","line":195,"loc":{"start":{"line":195,"column":37},"end":{"line":195,"column":59}}},"15":{"name":"(anonymous_15)","line":206,"loc":{"start":{"line":206,"column":19},"end":{"line":206,"column":34}}},"16":{"name":"(anonymous_16)","line":234,"loc":{"start":{"line":234,"column":17},"end":{"line":234,"column":32}}},"17":{"name":"(anonymous_17)","line":238,"loc":{"start":{"line":238,"column":29},"end":{"line":238,"column":50}}},"18":{"name":"(anonymous_18)","line":263,"loc":{"start":{"line":263,"column":27},"end":{"line":263,"column":48}}},"19":{"name":"(anonymous_19)","line":271,"loc":{"start":{"line":271,"column":26},"end":{"line":271,"column":43}}},"20":{"name":"(anonymous_20)","line":276,"loc":{"start":{"line":276,"column":27},"end":{"line":276,"column":48}}},"21":{"name":"(anonymous_21)","line":292,"loc":{"start":{"line":292,"column":38},"end":{"line":292,"column":66}}},"22":{"name":"(anonymous_22)","line":295,"loc":{"start":{"line":295,"column":35},"end":{"line":295,"column":52}}},"23":{"name":"(anonymous_23)","line":306,"loc":{"start":{"line":306,"column":42},"end":{"line":306,"column":70}}},"24":{"name":"(anonymous_24)","line":326,"loc":{"start":{"line":326,"column":38},"end":{"line":326,"column":66}}},"25":{"name":"(anonymous_25)","line":343,"loc":{"start":{"line":343,"column":36},"end":{"line":343,"column":55}}},"26":{"name":"(anonymous_26)","line":357,"loc":{"start":{"line":357,"column":27},"end":{"line":357,"column":49}}},"27":{"name":"(anonymous_27)","line":371,"loc":{"start":{"line":371,"column":30},"end":{"line":371,"column":60}}},"28":{"name":"(anonymous_28)","line":378,"loc":{"start":{"line":378,"column":24},"end":{"line":378,"column":39}}},"29":{"name":"(anonymous_29)","line":413,"loc":{"start":{"line":413,"column":33},"end":{"line":413,"column":59}}},"30":{"name":"(anonymous_30)","line":436,"loc":{"start":{"line":436,"column":34},"end":{"line":436,"column":48}}},"31":{"name":"(anonymous_31)","line":445,"loc":{"start":{"line":445,"column":32},"end":{"line":445,"column":57}}},"32":{"name":"(anonymous_32)","line":447,"loc":{"start":{"line":447,"column":21},"end":{"line":447,"column":40}}},"33":{"name":"(anonymous_33)","line":455,"loc":{"start":{"line":455,"column":29},"end":{"line":455,"column":48}}},"34":{"name":"(anonymous_34)","line":457,"loc":{"start":{"line":457,"column":21},"end":{"line":457,"column":45}}},"35":{"name":"(anonymous_35)","line":467,"loc":{"start":{"line":467,"column":35},"end":{"line":467,"column":53}}},"36":{"name":"(anonymous_36)","line":474,"loc":{"start":{"line":474,"column":33},"end":{"line":474,"column":48}}},"37":{"name":"(anonymous_37)","line":480,"loc":{"start":{"line":480,"column":54},"end":{"line":480,"column":65}}},"38":{"name":"(anonymous_38)","line":487,"loc":{"start":{"line":487,"column":56},"end":{"line":487,"column":67}}},"39":{"name":"(anonymous_39)","line":494,"loc":{"start":{"line":494,"column":60},"end":{"line":494,"column":71}}},"40":{"name":"(anonymous_40)","line":501,"loc":{"start":{"line":501,"column":54},"end":{"line":501,"column":65}}},"41":{"name":"(anonymous_41)","line":508,"loc":{"start":{"line":508,"column":58},"end":{"line":508,"column":69}}},"42":{"name":"(anonymous_42)","line":515,"loc":{"start":{"line":515,"column":30},"end":{"line":515,"column":47}}},"43":{"name":"(anonymous_43)","line":521,"loc":{"start":{"line":521,"column":21},"end":{"line":521,"column":43}}},"44":{"name":"(anonymous_44)","line":528,"loc":{"start":{"line":528,"column":33},"end":{"line":528,"column":45}}},"45":{"name":"(anonymous_45)","line":533,"loc":{"start":{"line":533,"column":34},"end":{"line":533,"column":55}}},"46":{"name":"(anonymous_46)","line":544,"loc":{"start":{"line":544,"column":31},"end":{"line":544,"column":46}}},"47":{"name":"(anonymous_47)","line":548,"loc":{"start":{"line":548,"column":38},"end":{"line":548,"column":53}}},"48":{"name":"(anonymous_48)","line":554,"loc":{"start":{"line":554,"column":14},"end":{"line":554,"column":36}}},"49":{"name":"(anonymous_49)","line":567,"loc":{"start":{"line":567,"column":13},"end":{"line":567,"column":35}}},"50":{"name":"(anonymous_50)","line":580,"loc":{"start":{"line":580,"column":15},"end":{"line":580,"column":30}}},"51":{"name":"(anonymous_51)","line":595,"loc":{"start":{"line":595,"column":41},"end":{"line":595,"column":69}}}},"statementMap":{"1":{"start":{"line":19,"column":0},"end":{"line":19,"column":26}},"2":{"start":{"line":20,"column":0},"end":{"line":20,"column":63}},"3":{"start":{"line":21,"column":0},"end":{"line":21,"column":65}},"4":{"start":{"line":22,"column":0},"end":{"line":22,"column":41}},"5":{"start":{"line":23,"column":0},"end":{"line":23,"column":45}},"6":{"start":{"line":24,"column":0},"end":{"line":24,"column":51}},"7":{"start":{"line":25,"column":0},"end":{"line":25,"column":32}},"8":{"start":{"line":26,"column":0},"end":{"line":26,"column":46}},"9":{"start":{"line":27,"column":0},"end":{"line":27,"column":37}},"10":{"start":{"line":31,"column":0},"end":{"line":31,"column":41}},"11":{"start":{"line":35,"column":0},"end":{"line":35,"column":41}},"12":{"start":{"line":37,"column":0},"end":{"line":62,"column":1}},"13":{"start":{"line":39,"column":2},"end":{"line":41,"column":3}},"14":{"start":{"line":40,"column":4},"end":{"line":40,"column":35}},"15":{"start":{"line":43,"column":2},"end":{"line":43,"column":34}},"16":{"start":{"line":44,"column":2},"end":{"line":44,"column":54}},"17":{"start":{"line":45,"column":2},"end":{"line":45,"column":28}},"18":{"start":{"line":46,"column":2},"end":{"line":46,"column":22}},"19":{"start":{"line":47,"column":2},"end":{"line":47,"column":22}},"20":{"start":{"line":48,"column":2},"end":{"line":48,"column":29}},"21":{"start":{"line":49,"column":2},"end":{"line":49,"column":30}},"22":{"start":{"line":50,"column":2},"end":{"line":50,"column":26}},"23":{"start":{"line":51,"column":2},"end":{"line":51,"column":22}},"24":{"start":{"line":52,"column":2},"end":{"line":52,"column":23}},"25":{"start":{"line":53,"column":2},"end":{"line":53,"column":39}},"26":{"start":{"line":54,"column":2},"end":{"line":54,"column":22}},"27":{"start":{"line":55,"column":2},"end":{"line":55,"column":27}},"28":{"start":{"line":58,"column":2},"end":{"line":58,"column":34}},"29":{"start":{"line":61,"column":2},"end":{"line":61,"column":40}},"30":{"start":{"line":68,"column":0},"end":{"line":70,"column":2}},"31":{"start":{"line":69,"column":2},"end":{"line":69,"column":33}},"32":{"start":{"line":72,"column":0},"end":{"line":77,"column":2}},"33":{"start":{"line":73,"column":2},"end":{"line":73,"column":48}},"34":{"start":{"line":73,"column":30},"end":{"line":73,"column":48}},"35":{"start":{"line":74,"column":2},"end":{"line":74,"column":29}},"36":{"start":{"line":75,"column":2},"end":{"line":75,"column":27}},"37":{"start":{"line":76,"column":2},"end":{"line":76,"column":27}},"38":{"start":{"line":82,"column":0},"end":{"line":98,"column":2}},"39":{"start":{"line":83,"column":2},"end":{"line":83,"column":18}},"40":{"start":{"line":84,"column":2},"end":{"line":84,"column":21}},"41":{"start":{"line":85,"column":2},"end":{"line":85,"column":23}},"42":{"start":{"line":86,"column":2},"end":{"line":86,"column":48}},"43":{"start":{"line":89,"column":2},"end":{"line":89,"column":59}},"44":{"start":{"line":90,"column":2},"end":{"line":90,"column":102}},"45":{"start":{"line":94,"column":2},"end":{"line":97,"column":5}},"46":{"start":{"line":95,"column":4},"end":{"line":95,"column":29}},"47":{"start":{"line":96,"column":4},"end":{"line":96,"column":27}},"48":{"start":{"line":102,"column":0},"end":{"line":105,"column":2}},"49":{"start":{"line":103,"column":2},"end":{"line":103,"column":70}},"50":{"start":{"line":104,"column":2},"end":{"line":104,"column":64}},"51":{"start":{"line":109,"column":0},"end":{"line":142,"column":2}},"52":{"start":{"line":110,"column":2},"end":{"line":110,"column":18}},"53":{"start":{"line":111,"column":2},"end":{"line":141,"column":5}},"54":{"start":{"line":114,"column":4},"end":{"line":114,"column":41}},"55":{"start":{"line":115,"column":4},"end":{"line":140,"column":7}},"56":{"start":{"line":119,"column":6},"end":{"line":119,"column":58}},"57":{"start":{"line":123,"column":6},"end":{"line":123,"column":84}},"58":{"start":{"line":124,"column":6},"end":{"line":139,"column":7}},"59":{"start":{"line":125,"column":8},"end":{"line":125,"column":48}},"60":{"start":{"line":126,"column":8},"end":{"line":129,"column":11}},"61":{"start":{"line":131,"column":8},"end":{"line":131,"column":29}},"62":{"start":{"line":132,"column":8},"end":{"line":132,"column":54}},"63":{"start":{"line":133,"column":8},"end":{"line":133,"column":38}},"64":{"start":{"line":134,"column":8},"end":{"line":138,"column":9}},"65":{"start":{"line":135,"column":10},"end":{"line":135,"column":36}},"66":{"start":{"line":137,"column":10},"end":{"line":137,"column":41}},"67":{"start":{"line":144,"column":0},"end":{"line":148,"column":2}},"68":{"start":{"line":145,"column":2},"end":{"line":145,"column":72}},"69":{"start":{"line":146,"column":2},"end":{"line":146,"column":59}},"70":{"start":{"line":147,"column":2},"end":{"line":147,"column":11}},"71":{"start":{"line":150,"column":0},"end":{"line":153,"column":2}},"72":{"start":{"line":151,"column":2},"end":{"line":151,"column":116}},"73":{"start":{"line":152,"column":2},"end":{"line":152,"column":11}},"74":{"start":{"line":155,"column":0},"end":{"line":190,"column":2}},"75":{"start":{"line":156,"column":2},"end":{"line":156,"column":18}},"76":{"start":{"line":157,"column":2},"end":{"line":189,"column":5}},"77":{"start":{"line":158,"column":4},"end":{"line":158,"column":29}},"78":{"start":{"line":159,"column":4},"end":{"line":185,"column":5}},"79":{"start":{"line":160,"column":6},"end":{"line":178,"column":7}},"80":{"start":{"line":162,"column":8},"end":{"line":168,"column":9}},"81":{"start":{"line":163,"column":10},"end":{"line":163,"column":40}},"82":{"start":{"line":164,"column":10},"end":{"line":167,"column":11}},"83":{"start":{"line":165,"column":12},"end":{"line":165,"column":37}},"84":{"start":{"line":166,"column":12},"end":{"line":166,"column":95}},"85":{"start":{"line":169,"column":8},"end":{"line":169,"column":14}},"86":{"start":{"line":172,"column":8},"end":{"line":172,"column":14}},"87":{"start":{"line":174,"column":8},"end":{"line":176,"column":9}},"88":{"start":{"line":175,"column":10},"end":{"line":175,"column":36}},"89":{"start":{"line":177,"column":8},"end":{"line":177,"column":14}},"90":{"start":{"line":181,"column":6},"end":{"line":184,"column":7}},"91":{"start":{"line":182,"column":8},"end":{"line":182,"column":43}},"92":{"start":{"line":183,"column":8},"end":{"line":183,"column":101}},"93":{"start":{"line":186,"column":4},"end":{"line":188,"column":5}},"94":{"start":{"line":187,"column":6},"end":{"line":187,"column":78}},"95":{"start":{"line":195,"column":0},"end":{"line":286,"column":2}},"96":{"start":{"line":196,"column":2},"end":{"line":196,"column":18}},"97":{"start":{"line":197,"column":2},"end":{"line":197,"column":25}},"98":{"start":{"line":199,"column":2},"end":{"line":204,"column":3}},"99":{"start":{"line":200,"column":4},"end":{"line":203,"column":7}},"100":{"start":{"line":206,"column":2},"end":{"line":217,"column":5}},"101":{"start":{"line":207,"column":4},"end":{"line":216,"column":5}},"102":{"start":{"line":208,"column":6},"end":{"line":210,"column":7}},"103":{"start":{"line":209,"column":8},"end":{"line":209,"column":17}},"104":{"start":{"line":211,"column":6},"end":{"line":211,"column":37}},"105":{"start":{"line":212,"column":6},"end":{"line":212,"column":79}},"106":{"start":{"line":213,"column":6},"end":{"line":215,"column":7}},"107":{"start":{"line":214,"column":8},"end":{"line":214,"column":55}},"108":{"start":{"line":220,"column":2},"end":{"line":220,"column":31}},"109":{"start":{"line":223,"column":2},"end":{"line":223,"column":55}},"110":{"start":{"line":223,"column":17},"end":{"line":223,"column":55}},"111":{"start":{"line":224,"column":2},"end":{"line":224,"column":55}},"112":{"start":{"line":224,"column":17},"end":{"line":224,"column":55}},"113":{"start":{"line":225,"column":2},"end":{"line":225,"column":73}},"114":{"start":{"line":225,"column":23},"end":{"line":225,"column":73}},"115":{"start":{"line":226,"column":2},"end":{"line":226,"column":58}},"116":{"start":{"line":226,"column":18},"end":{"line":226,"column":58}},"117":{"start":{"line":229,"column":2},"end":{"line":229,"column":26}},"118":{"start":{"line":232,"column":2},"end":{"line":232,"column":19}},"119":{"start":{"line":233,"column":2},"end":{"line":233,"column":48}},"120":{"start":{"line":234,"column":2},"end":{"line":259,"column":5}},"121":{"start":{"line":235,"column":4},"end":{"line":235,"column":38}},"122":{"start":{"line":237,"column":4},"end":{"line":237,"column":30}},"123":{"start":{"line":238,"column":4},"end":{"line":254,"column":7}},"124":{"start":{"line":239,"column":6},"end":{"line":253,"column":7}},"125":{"start":{"line":240,"column":8},"end":{"line":240,"column":55}},"126":{"start":{"line":241,"column":8},"end":{"line":241,"column":23}},"127":{"start":{"line":243,"column":8},"end":{"line":243,"column":39}},"128":{"start":{"line":244,"column":8},"end":{"line":249,"column":9}},"129":{"start":{"line":245,"column":10},"end":{"line":248,"column":11}},"130":{"start":{"line":246,"column":12},"end":{"line":246,"column":26}},"131":{"start":{"line":247,"column":12},"end":{"line":247,"column":30}},"132":{"start":{"line":250,"column":8},"end":{"line":250,"column":38}},"133":{"start":{"line":251,"column":8},"end":{"line":251,"column":58}},"134":{"start":{"line":252,"column":8},"end":{"line":252,"column":62}},"135":{"start":{"line":256,"column":4},"end":{"line":258,"column":5}},"136":{"start":{"line":257,"column":6},"end":{"line":257,"column":34}},"137":{"start":{"line":262,"column":2},"end":{"line":262,"column":21}},"138":{"start":{"line":263,"column":2},"end":{"line":268,"column":5}},"139":{"start":{"line":264,"column":4},"end":{"line":264,"column":42}},"140":{"start":{"line":265,"column":4},"end":{"line":267,"column":5}},"141":{"start":{"line":266,"column":6},"end":{"line":266,"column":39}},"142":{"start":{"line":271,"column":2},"end":{"line":275,"column":5}},"143":{"start":{"line":272,"column":4},"end":{"line":274,"column":5}},"144":{"start":{"line":273,"column":6},"end":{"line":273,"column":75}},"145":{"start":{"line":276,"column":2},"end":{"line":283,"column":5}},"146":{"start":{"line":277,"column":4},"end":{"line":282,"column":5}},"147":{"start":{"line":278,"column":6},"end":{"line":278,"column":44}},"148":{"start":{"line":279,"column":6},"end":{"line":281,"column":7}},"149":{"start":{"line":280,"column":8},"end":{"line":280,"column":41}},"150":{"start":{"line":285,"column":2},"end":{"line":285,"column":16}},"151":{"start":{"line":292,"column":0},"end":{"line":302,"column":2}},"152":{"start":{"line":293,"column":2},"end":{"line":293,"column":18}},"153":{"start":{"line":294,"column":2},"end":{"line":301,"column":3}},"154":{"start":{"line":295,"column":4},"end":{"line":300,"column":7}},"155":{"start":{"line":296,"column":6},"end":{"line":299,"column":7}},"156":{"start":{"line":297,"column":8},"end":{"line":297,"column":72}},"157":{"start":{"line":298,"column":8},"end":{"line":298,"column":27}},"158":{"start":{"line":306,"column":0},"end":{"line":320,"column":2}},"159":{"start":{"line":307,"column":2},"end":{"line":307,"column":37}},"160":{"start":{"line":308,"column":2},"end":{"line":319,"column":3}},"161":{"start":{"line":309,"column":4},"end":{"line":309,"column":32}},"162":{"start":{"line":310,"column":4},"end":{"line":314,"column":5}},"163":{"start":{"line":311,"column":6},"end":{"line":311,"column":30}},"164":{"start":{"line":312,"column":11},"end":{"line":314,"column":5}},"165":{"start":{"line":313,"column":6},"end":{"line":313,"column":30}},"166":{"start":{"line":317,"column":7},"end":{"line":319,"column":3}},"167":{"start":{"line":318,"column":4},"end":{"line":318,"column":31}},"168":{"start":{"line":326,"column":0},"end":{"line":334,"column":2}},"169":{"start":{"line":327,"column":2},"end":{"line":332,"column":3}},"170":{"start":{"line":328,"column":4},"end":{"line":328,"column":39}},"171":{"start":{"line":329,"column":4},"end":{"line":331,"column":5}},"172":{"start":{"line":330,"column":6},"end":{"line":330,"column":19}},"173":{"start":{"line":333,"column":2},"end":{"line":333,"column":14}},"174":{"start":{"line":343,"column":0},"end":{"line":367,"column":2}},"175":{"start":{"line":344,"column":2},"end":{"line":344,"column":18}},"176":{"start":{"line":345,"column":2},"end":{"line":349,"column":4}},"177":{"start":{"line":351,"column":2},"end":{"line":352,"column":43}},"178":{"start":{"line":352,"column":4},"end":{"line":352,"column":43}},"179":{"start":{"line":354,"column":2},"end":{"line":355,"column":26}},"180":{"start":{"line":355,"column":4},"end":{"line":355,"column":26}},"181":{"start":{"line":357,"column":2},"end":{"line":363,"column":5}},"182":{"start":{"line":358,"column":4},"end":{"line":358,"column":53}},"183":{"start":{"line":359,"column":4},"end":{"line":362,"column":7}},"184":{"start":{"line":364,"column":2},"end":{"line":364,"column":23}},"185":{"start":{"line":365,"column":2},"end":{"line":365,"column":31}},"186":{"start":{"line":366,"column":2},"end":{"line":366,"column":12}},"187":{"start":{"line":371,"column":0},"end":{"line":431,"column":2}},"188":{"start":{"line":372,"column":2},"end":{"line":372,"column":18}},"189":{"start":{"line":373,"column":2},"end":{"line":373,"column":49}},"190":{"start":{"line":374,"column":2},"end":{"line":374,"column":41}},"191":{"start":{"line":376,"column":2},"end":{"line":385,"column":3}},"192":{"start":{"line":378,"column":4},"end":{"line":384,"column":7}},"193":{"start":{"line":379,"column":6},"end":{"line":383,"column":7}},"194":{"start":{"line":381,"column":8},"end":{"line":381,"column":37}},"195":{"start":{"line":382,"column":8},"end":{"line":382,"column":15}},"196":{"start":{"line":387,"column":2},"end":{"line":389,"column":4}},"197":{"start":{"line":390,"column":2},"end":{"line":404,"column":3}},"198":{"start":{"line":391,"column":4},"end":{"line":402,"column":5}},"199":{"start":{"line":393,"column":6},"end":{"line":393,"column":74}},"200":{"start":{"line":394,"column":6},"end":{"line":401,"column":8}},"201":{"start":{"line":403,"column":4},"end":{"line":403,"column":39}},"202":{"start":{"line":406,"column":2},"end":{"line":406,"col
[...]
urceListing = function(req, res) {","  var self = this;","  var r = {","    'apiVersion': self.apiVersion,","    'swaggerVersion': self.swaggerVersion,","    'apis': []","  };","","  if(self.authorizations)","    r.authorizations = self.authorizations;","","  if(self.apiInfo)","    r.info = self.apiInfo;","","  _.forOwn(self.resources, function (value, key) {","    var p = '/' + key.replace(self.formatString, '');","    r.apis.push({","      'path': p,","      'description': value.description","    });","  });","  self.setHeaders(res);","  res.write(JSON.stringify(r));","  res.end();","};","","// Adds a method to the api along with a spec.  If the spec fails to validate, it won't be added","","Swagger.prototype.addMethod = function(app, callback, spec) {","  var self = this;","  var apiRootPath = spec.path.split(/[\\/\\(]/)[1];","  var root = self.resources[apiRootPath];","","  if (root && root.apis) {","    // this path already exists in swagger resources","    _.forOwn(root.apis, function (api) {","      if (api && api.path === spec.path && api.method === spec.method) {","        // add operation & return","        appendToApi(root, api, spec);","        return;","      }","    });","  }","","  var api = {","    'path': spec.path","  };","  if (!self.resources[apiRootPath]) {","    if (!root) {","      //","      var resourcePath = '/' + apiRootPath.replace(self.formatString, '');","      root = {","        'apiVersion': self.apiVersion,","        'swaggerVersion': self.swaggerVersion,","        'basePath': self.basePath,","        'resourcePath': resourcePath,","        'apis': [],","        'models': []","      };","    }","    self.resources[apiRootPath] = root;","  }","","  root.apis.push(api);","  appendToApi(root, api, spec);","","  //  convert .{format} to .json, make path params happy","  var fullPath = spec.path.replace(self.formatString, self.jsonSuffix).replace(/\\/{/g, '/:').replace(/\\}/g, '');","  var currentMethod = spec.method.toLowerCase();","  if (allowedMethods.indexOf(currentMethod) > -1) {","    app[currentMethod](fullPath, function (req, res, next) {","      self.setHeaders(res);","","      // todo: needs to do smarter matching against the defined paths","      var path = req.url.split('?')[0].replace(self.jsonSuffix, '').replace(/{.*\\}/, '*');","      if (!self.canAccessResource(req, path, req.method)) {","        res.send(JSON.stringify({","          'message': 'forbidden',","          'code': 403","        }), 403);","      } else {","        callback(req, res, next);","      }","    });","  } else {","    console.error('unable to add ' + currentMethod.toUpperCase() + ' handler');","    return;","  }","};","","// Set expressjs app handler","","// TODO-3.0.0 REMOVE","Swagger.prototype.setAppHandler = function(app) {","  if (!ignoreAppHandlerInConstructor) {","    console.warn('setAppHandler is deprecated!  Pass it to the constructor instead.');","  }","  this.appHandler = app;","};","","// Add swagger handlers to express","","Swagger.prototype.addHandlers = function(type, handlers) {","  var self = this;","  _.forOwn(handlers, function (handler) {","    handler.spec.method = type;","    self.addMethod(self.appHandler, handler.action, handler.spec);","  });","};","","// Discover swagger handler from resource","","Swagger.prototype.discover = function(resource) {","  var self = this;","  _.forOwn(resource, function (handler, key) {","    if (handler.spec && handler.spec.method && allowedMethods.indexOf(handler.spec.method.toLowerCase()) > -1) {","      self.addMethod(self.appHandler, handler.action, handler.spec);","    } else","      console.error('auto discover failed for: ' + key);","  });","};","","// Discover swagger handler from resource file path","","Swagger.prototype.setErrorHandler= function(handler) {","  console.warn(","    '.setErrorHandler() has been deprecated and is no longer used!  '","    + 'You should use middleware with your express app instead.'","  );","};","","Swagger.prototype.discoverFile = function(file) {","  return this.discover(require(file));","};","","// adds get handler","","Swagger.prototype.addGet = Swagger.prototype.addGET = function() {","  this.addHandlers('GET', arguments);","  return this;","};","","// adds post handler","","Swagger.prototype.addPost = Swagger.prototype.addPOST = function() {","  this.addHandlers('POST', arguments);","  return this;","};","","// adds delete handler","","Swagger.prototype.addDelete = Swagger.prototype.addDELETE = function() {","  this.addHandlers('DELETE', arguments);","  return this;","};","","// adds put handler","","Swagger.prototype.addPut = Swagger.prototype.addPUT = function() {","  this.addHandlers('PUT', arguments);","  return this;","};","","// adds patch handler","","Swagger.prototype.addPatch = Swagger.prototype.addPATCH = function() {","  this.addHandlers('PATCH', arguments);","  return this;","};","","// adds models to swagger","","Swagger.prototype.addModels = function(models) {","  models = _.cloneDeep(models).models;","  var self = this;","  if (!self.allModels) {","    self.allModels = models;","  } else {","    _.forOwn(models, function (model, key) {","      self.allModels[key] = model;","    });","  }","  return this;","};","","Swagger.prototype.addValidator = function(v) {","  this.validators.push(v);","};","","// Stop express ressource with error code","Swagger.prototype.stopWithError = function(res, error) {","  this.setHeaders(res);","  if (error && error.message && error.code)","    console.log(JSON.stringify(error));","","  res.send(JSON.stringify({","    'message': 'internal error',","    'code': 500","  }), 500);","};","","Swagger.prototype.setApiInfo = function(data) {","  this.apiInfo = data;","};","","Swagger.prototype.setAuthorizations = function(data) {","  this.authorizations = data;","};","","// Export most needed error types for easier handling","Swagger.prototype.errors = {","  'notFound': function (field, res) {","    if (!res) {","      return {","        'code': 404,","        'message': field + ' not found'","      };","    } else {","      res.send({","        'code': 404,","        'message': field + ' not found'","      }, 404);","    }","  },","  'invalid': function (field, res) {","    if (!res) {","      return {","        'code': 400,","        'message': 'invalid ' + field","      };","    } else {","      res.send({","        'code': 400,","        'message': 'invalid ' + field","      }, 404);","    }","  },","  'forbidden': function (res) {","    if (!res) {","      return {","        'code': 403,","        'message': 'forbidden'","      };","    } else {","      res.send({","        'code': 403,","        'message': 'forbidden'","      }, 403);","    }","  }","};","","Swagger.prototype.configureDeclaration = function(resourceName, obj) {","  if(this.resources[resourceName]) {","    var resource = this.resources[resourceName];","","    if(obj.description) {","      resource.description = obj.description;","    }","    if(obj.consumes) {","      resource.consumes = obj.consumes;","    }","    if(obj.produces) {","      resource.produces = obj.produces;","    }","    if(obj.protocols) {","      resource.protocols = obj.protocols;","    }","    if(obj.authorizations) {","      resource.authorizations = obj.authorizations;","    }","  }","};",""],"l":{"19":1,"20":1,"21":1,"22":1,"23":1,"24":1,"25":1,"26":1,"27":1,"31":1,"35":1,"37":1,"39":1,"40":0,"43":1,"44":1,"45":1,"46":1,"47":1,"48":1,"49":1,"50":1,"51":1,"52":1,"53":1,"54":1,"55":1,"58":1,"61":1,"68":1,"69":0,"72":1,"73":0,"74":0,"75":0,"76":0,"82":1,"83":0,"84":0,"85":0,"86":0,"89":0,"90":0,"94":0,"95":0,"96":0,"102":1,"103":0,"104":0,"109":1,"110":0,"111":0,"114":0,"115":0,"119":0,"123":0,"124":0,"125":0,"126":0,"131":0,"132":0,"133":0,"134":0,"135":0,"137":0,"144":1,"145":0,"146":0,"147":0,"150":1,"151":0,"152":0,"155":1,"156":0,"157":0,"158":0,"159":0,"160":0,"162":0,"163":0,"164":0,"165":0,"166":0,"169":0,"172":0,"174":0,"175":0,"177":0,"181":0,"182":0,"183":0,"186":0,"187":0,"195":1,"196":0,"197":0,"199":0,"200":0,"206":0,"207":0,"208":0,"209":0,"211":0,"212":0,"213":0,"214":0,"220":0,"223":0,"224":0,"225":0,"226":0,"229":0,"232":0,"233":0,"234":0,"235":0,"237":0,"238":0,"239":0,"240":0,"241":0,"243":0,"244":0,"245":0,"246":0,"247":0,"250":0,"251":0,"252":0,"256":0,"257":0,"262":0,"263":0,"264":0,"265":0,"266":0,"271":0,"272":0,"273":0,"276":0,"277":0,"278":0,"279":0,"280":0,"285":0,"292":1,"293":0,"294":0,"295":0,"296":0,"297":0,"298":0,"306":1,"307":0,"308":0,"309":0,"310":0,"311":0,"312":0,"313":0,"317":0,"318":0,"326":1,"327":0,"328":0,"329":0,"330":0,"333":0,"343":1,"344":0,"345":0,"351":0,"352":0,"354":0,"355":0,"357":0,"358":0,"359":0,"364":0,"365":0,"366":0,"371":1,"372":0,"373":0,"374":0,"376":0,"378":0,"379":0,"381":0,"382":0,"387":0,"390":0,"391":0,"393":0,"394":0,"403":0,"406":0,"407":0,"410":0,"411":0,"412":0,"413":0,"414":0,"417":0,"418":0,"419":0,"424":0,"428":0,"429":0,"436":1,"437":0,"438":0,"440":0,"445":1,"446":0,"447":0,"448":0,"449":0,"455":1,"456":0,"457":0,"458":0,"459":0,"461":0,"467":1,"468":0,"474":1,"475":0,"480":1,"481":0,"482":0,"487":1,"488":0,"489":0,"494":1,"495":0,"496":0,"501":1,"502":0,"503":0,"508":1,"509":0,"510":0,"515":1,"516":0,"517":0,"518":0,"519":0,"521":0,"522":0,"525":0,"528":1,"529":0,"533":1,"534":0,"535":0,"536":0,"538":0,"544":1,"545":0,"548":1,"549":0,"553":1,"555":0,"556":0,"561":0,"568":0,"569":0,"574":0,"581":0,"582":0,"587":0,"595":1,"596":0,"597":0,"599":0,"600":0,"602":0,"603":0,"605":0,"606":0,"608":0,"609":0,"611":0,"612":0}},"/home/travis/build/npmtest/node-npmtest-swagger-node-express/swagger-node-express/lib/toJsonType.js":{"path":"/home/travis/build/npmtest/node-npmtest-swagger-node-express/swagger-node-express/lib/toJsonType.js","s":{"1":1,"2":1,"3":1,"4":0,"5":0},"b":{"1":[0,0],"2":[0,0]},"f":{"1":0},"fnMap":{"1":{"name":"toJsonType","line":28,"loc":{"start":{"line":28,"column":0},"end":{"line":28,"column":27}}}},"statementMap":{"1":{"start":{"line":3,"column":0},"end":{"line":3,"column":28}},"2":{"start":{"line":5,"column":0},"end":{"line":26,"column":2}},"3":{"start":{"line":28,"column":0},"end":{"line":32,"column":1}},"4":{"start":{"line":29,"column":2},"end":{"line":31,"column":3}},"5":{"start":{"line":30,"column":4},"end":{"line":30,"column":27}}},"branchMap":{"1":{"line":29,"type":"if","locations":[{"start":{"line":29,"column":2},"end":{"line":29,"column":2}},{"start":{"line":29,"column":2},"end":{"line":29,"column":2}}]},"2":{"line":29,"type":"binary-expr","locations":[{"start":{"line":29,"column":5},"end":{"line":29,"column":10}},{"start":{"line":29,"column":14},"end":{"line":29,"column":29}}]}},"code":["'use strict';","","module.exports = toJsonType;","","var mappings = {","  'int': {","    type: 'integer',","    format: 'int32'","  },","  'long': {","    type: 'integer',","    format: 'int64'","  },","  'float': {","    type: 'number',","    format: 'float'","  },","  'double': {","    type: 'number',","    format: 'double'","  },","  'date': {","    type: 'string',","    format: 'date-time'","  }","};","","function toJsonType(model) {","  if(model && mappings[model]) {","    return mappings[model];","  }","}","",""],"l":{"3":1,"5":1,"28":1,"29":0,"30":0}},"/home/travis/build/npmtest/node-npmtest-swagger-node-express/swagger-node-express/lib/shallowClone.js":{"path":"/home/travis/build/npmtest/node-npmtest-swagger-node-express/swagger-node-express/lib/shallowClone.js","s":{"1":1,"2":1,"3":0,"4":0,"5":0,"6":0,"7":0,"8":0,"9":0},"b":{"1":[0,0],"2":[0,0]},"f":{"1":0},"fnMap":{"1":{"name":"shallowClone","line":6,"loc":{"start":{"line":6,"column":0},"end":{"line":6,"column":27}}}},"statementMap":{"1":{"start":{"line":3,"column":0},"end":{"line":3,"column":30}},"2":{"start":{"line":6,"column":0},"end":{"line":17,"column":1}},"3":{"start":{"line":7,"column":2},"end":{"line":7,"column":18}},"4":{"start":{"line":8,"column":2},"end":{"line":15,"column":3}},"5":{"start":{"line":9,"column":4},"end":{"line":11,"column":5}},"6":{"start":{"line":10,"column":6},"end":{"line":10,"column":15}},"7":{"start":{"line":12,"column":4},"end":{"line":14,"column":5}},"8":{"start":{"line":13,"column":6},"end":{"line":13,"column":25}},"9":{"start":{"line":16,"column":2},"end":{"line":16,"column":16}}},"branchMap":{"1":{"line":9,"type":"if","locations":[{"start":{"line":9,"column":4},"end":{"line":9,"column":4}},{"start":{"line":9,"column":4},"end":{"line":9,"column":4}}]},"2":{"line":12,"type":"if","locations":[{"start":{"line":12,"column":4},"end":{"line":12,"column":4}},{"start":{"line":12,"column":4},"end":{"line":12,"column":4}}]}},"code":["'use strict';","","module.exports = shallowClone;","","// clone anything but objects to avoid shared references","function shallowClone(obj) {","  var cloned = {};","  for (var i in obj) {","    if (!obj.hasOwnProperty(i)) {","      continue;","    }","    if (typeof (obj[i]) !== 'object') {","      cloned[i] = obj[i];","    }","  }","  return cloned;","}",""],"l":{"3":1,"6":1,"7":0,"8":0,"9":0,"10":0,"12":0,"13":0,"16":0}},"/home/travis/build/npmtest/node-npmtest-swagger-node-express/swagger-node-express/lib/resourceHelpers.js":{"path":"/home/travis/build/npmtest/node-npmtest-swagger-node-express/swagger-node-express/lib/resourceHelpers.js","s":{"1":1,"2":1,"3":1,"4":1,"5":0,"6":1,"7":0,"8":0,"9":0,"10":0,"11":0,"12":0,"13":0,"14":0,"15":0,"16":0,"17":0,"18":0,"19":0,"20":0,"21":0,"22":0,"23":0,"24":0,"25":0,"26":0,"27":0,"28":0,"29":0,"30":0,"31":0,"32":0},"b":{"1":[0,0],"2":[0,0],"3":[0,0,0,0,0,0],"4":[0,0],"5":[0,0],"6":[0,0],"7":[0,0],"8":[0,0]},"f":{"1":0,"2":0,"3":0},"fnMap":{"1":{"name":"wrap","line":8,"loc":{"start":{"line":8,"column":0},"end":{"line":8,"column":35}}},"2":{"name":"appendToApi","line":14,"loc":{"start":{"line":14,"column":0},"end":{"line":14,"column":46}}},"3":{"name":"(anonymous_3)","line":25,"loc":{"start":{"line":25,"column":28},"end":{"line":25,"column":49}}}},"statementMap":{"1":{"start":{"line":3,"column":0},"end":{"line":3,"column":26}},"2":{"start":{"line":5,"column":0},"end":{"line":5,"column":27}},"3":{"start":{"line":6,"column":0},"end":{"line":6,"column":41}},"4":{"start":{"line":8,"column":0},"end":{"line":10,"column":1}},"5":{"start":{"line":9,"column":2},"end":{"line":9,"column":22}},"6":{"start":{"line":14,"column":0},"end":{"line":87,"column":1}},"7":{"start":{"line":15,"column":2},"end":{"line":15,"column":28}},"8":{"start":{"line":17,"column":2},"end":{"line":23,"column":3}},"9":{"start":{"line":19,"column":4},"end":{"line":22,"column":7}},"10":{"start":{"line":25,"column":2},"end":{"line":53,"column":5}},"11":{"start":{"line":27,"column":4},"end":{"line":52,"column":5}},"12":{"start":{"line":29,"column":6},"end":{"line":35,"column":7}},"13":{"start":{"line":30,"column":8},"end":{"line":34,"column":11}},"14":{"start":{"line":36,"column":6},"end":{"line":36,"column":12}},"15":{"start":{"line":38,"column":6},"end":{"line":38,"column":12}},"16":{"start":{"line":40,"column":6},"end":{"line":40,"column":12}},"17":{"start":{"line":42,"column":6},"end":{"line":42,"column":12}},"18":{"start":{"line":44,"column":6},"end":{"line":44,"column":12}},"19":{"start":{"line":46,"column":6},"end":{"line":50,"column":9}},"20":{"start":{"line":51,"column":6},"end":{"line":51,"column":12}},"21":{"start":{"line":55,"column":2},"end":{"line":58,"column":3}},"22":{"start":{"line":56,"column":4},"end":{"line":56,"column":36}},"23":{"start":{"line":57,"column":4},"end":{"line":57,"column":11}},"24":{"start":{"line":60,"column":2},"end":{"line":62,"column":3}},"25":{"start":{"line":61,"column":4},"end":{"line":61,"column":24}},"26":{"start":{"line":65,"column":2},"end":{"line":74,"column":4}},"27":{"start":{"line":77,"column":2},"end":{"line":77,"column":30}},"28":{"start":{"line":79,"column":2},"end":{"line":81,"column":3}},"29":{"start":{"line":80,"column":4},"end":{"line":80,"column":21}},"30":{"start":{"line":82,"column":2},"end":{"line":82,"column":26}},"31":{"start":{"line":84,"column":2},"end":{"line":86,"column":3}},"32":{"start":{"line":85,"column":4},"end":{"line":85,"column":29}}},"branchMap":{"1":{"line":17,"type":"if","locations":[{"start":{"line":17,"column":2},"end":{"line":17,"column":2}},{"start":{"line":17,"column":2},"end":{"line":17,"column":2}}]},"2":{"line":17,"type":"binary-expr","locations":[{"start":{"line":17,"column":6},"end":{"line":17,"column":20}},{"start":{"line":17,"column":24},"end":{"line":17,"column":55}}]},"3":{"line":27,"type":"switch","locations":[{"start":{"line":28,"column":4},"end":{"line":36,"column":12}},{"start":{"line":37,"column":4},"end":{"line":38,"column":12}},{"start":{"line":39,"column":4},"end":{"line":40,"column":12}},{"start":{"line":41,"column":4},"end":{"line":42,"column":12}},{"start":{"line":43,"column":4},"end":{"line":44,"column":12}},{"start":{"line":45,"column":4},"end":{"line":51,"column":12}}]},"4":{"line":29,"type":"if","locations":[{"start":{"line":29,"column":6},"end":{"line":29,"column":6}},{"start":{"line":29,"column":6},"end":{"line":29,"column":6}}]},"5":{"line":55,"type":"if","locations":[{"start":{"line":55,"column":2},"end":{"line":55,"column":2}},{"start":{"line":55,"column":2},"end":{"line":55,"column":2}}]},"6":{"line":60,"type":"if","locations":[{"start":{"line":60,"column":2},"end":{"line":60,"column":2}},{"start":{"line":60,"column":2},"end":{"line":60,"column":2}}]},"7":{"line":79,"type":"if","locations":[{"start":{"line":79,"column":2},"end":{"line":79,"column":2}},{"start":{"line":79,"column":2},"end":{"line":79,"column":2}}]},"8":{"line":84,"type":"if","locations":[{"start":{"line":84,"column":2},"end":{"line":84,"column":2}},{"start":{"line":84,"column":2},"end":{"line":84,"column":2}}]}},"code":["'use strict';","","var _ = require('lodash');","","module.exports.wrap = wrap;","module.exports.appendToApi = appendToApi;","","function wrap(callback, req, resp) {","  callback(req, resp);","}","","// appends a spec to an existing operation","","function appendToApi(rootResource, api, spec) {","  var validationErrors = [];","","  if (!spec.nickname || spec.nickname.indexOf(' ') >= 0) {","    //  nicknames don't allow spaces","    validationErrors.push({","      'path': api.path,","      'error': 'invalid nickname \"' + spec.nickname + '\"'","    });","  }","  // validate params","  _.forOwn(spec.parameters, function (parameter) {","","    switch (parameter.paramType) {","    case 'path':","      if (api.path.indexOf('{' + parameter.name + '}') < 0) {","        validationErrors.push({","          'path': api.path,","          'name': parameter.name,","          'error': 'invalid path'","        });","      }","      break;","    case 'query':","      break;","    case 'body':","      break;","    case 'form':","      break;","    case 'header':","      break;","    default:","      validationErrors.push({","        'path': api.path,","        'name': parameter.name,","        'error': 'invalid param type ' + parameter.paramType","      });","      break;","    }","  });","","  if (validationErrors.length > 0) {","    console.error(validationErrors);","    return;","  }","","  if (!api.operations) {","    api.operations = [];","  }","","  // TODO: replace if existing HTTP operation in same api path","  var op = {","    'parameters': spec.parameters,","    'method': spec.method,","    'notes': spec.notes,","    'responseMessages': spec.responseMessages,","    'nickname': spec.nickname,","    'summary': spec.summary,","    'consumes' : spec.consumes,","    'produces' : spec.produces","  };","","  // Add custom fields.","  op = _.extend({}, spec, op);","","  if (!spec.type) {","    op.type = 'void';","  }","  api.operations.push(op);","","  if (!rootResource.models) {","    rootResource.models = {};","  }","}",""],"l":{"3":1,"5":1,"6":1,"8":1,"9":0,"14":1,"15":0,"17":0,"19":0,"25":0,"27":0,"29":0,"30":0,"36":0,"38":0,"40":0,"42":0,"44":0,"46":0,"51":0,"55":0,"56":0,"57":0,"60":0,"61":0,"65":0,"77":0,"79":0,"80":0,"82":0,"84":0,"85":0}}}