{"/home/travis/build/npmtest/node-npmtest-swagger-node-express/test.js":{"path":"/home/travis/build/npmtest/node-npmtest-swagger-node-express/test.js","s":{"1":2,"2":2,"3":2,"4":2,"5":2,"6":2,"7":2,"8":1,"9":2,"10":2,"11":1,"12":1,"13":1,"14":1,"15":2,"16":2,"17":2,"18":2,"19":1,"20":1,"21":2,"22":2,"23":2,"24":1,"25":1,"26":1,"27":1,"28":1,"29":1,"30":1,"31":1,"32":1,"33":1,"34":1,"35":1,"36":1,"37":1,"38":1,"39":2,"40":2,"41":1,"42":2,"43":2,"44":1,"45":2,"46":2,"47":1,"48":2,"49":2,"50":1,"51":1,"52":1,"53":1,"54":1},"b":{"1":[2,1,1,1],"2":[1,1,1,1],"3":[1,1],"4":[1,1],"5":[1,1],"6":[1,1],"7":[1,1],"8":[1,1],"9":[1,1],"10":[1,1,1],"11":[1,1],"12":[1,1],"13":[1,1],"14":[1,1],"15":[1,1],"16":[1,1],"17":[1,1]},"f":{"1":2,"2":2,"3":2,"4":2,"5":2,"6":1,"7":1,"8":1,"9":2,"10":2,"11":2,"12":2,"13":1},"fnMap":{"1":{"name":"(anonymous_1)","line":12,"loc":{"start":{"line":12,"column":1},"end":{"line":12,"column":13}}},"2":{"name":"(anonymous_2)","line":19,"loc":{"start":{"line":19,"column":5},"end":{"line":19,"column":17}}},"3":{"name":"(anonymous_3)","line":23,"loc":{"start":{"line":23,"column":24},"end":{"line":23,"column":36}}},"4":{"name":"(anonymous_4)","line":61,"loc":{"start":{"line":61,"column":5},"end":{"line":61,"column":17}}},"5":{"name":"(anonymous_5)","line":82,"loc":{"start":{"line":82,"column":5},"end":{"line":82,"column":17}}},"6":{"name":"(anonymous_6)","line":91,"loc":{"start":{"line":91,"column":77},"end":{"line":94,"column":10}}},"7":{"name":"(anonymous_7)","line":112,"loc":{"start":{"line":112,"column":83},"end":{"line":115,"column":10}},"skip":true},"8":{"name":"(anonymous_8)","line":123,"loc":{"start":{"line":123,"column":77},"end":{"line":126,"column":10}},"skip":true},"9":{"name":"(anonymous_9)","line":139,"loc":{"start":{"line":139,"column":12},"end":{"line":139,"column":40}},"skip":true},"10":{"name":"(anonymous_10)","line":147,"loc":{"start":{"line":147,"column":77},"end":{"line":150,"column":10}},"skip":true},"11":{"name":"(anonymous_11)","line":158,"loc":{"start":{"line":158,"column":83},"end":{"line":161,"column":10}},"skip":true},"12":{"name":"(anonymous_12)","line":169,"loc":{"start":{"line":169,"column":79},"end":{"line":172,"column":10}},"skip":true},"13":{"name":"(anonymous_13)","line":180,"loc":{"start":{"line":180,"column":75},"end":{"line":183,"column":10}},"skip":true}},"statementMap":{"1":{"start":{"line":12,"column":0},"end":{"line":195,"column":5}},"2":{"start":{"line":14,"column":4},"end":{"line":14,"column":14}},"3":{"start":{"line":19,"column":4},"end":{"line":56,"column":9}},"4":{"start":{"line":21,"column":8},"end":{"line":21,"column":19}},"5":{"start":{"line":23,"column":8},"end":{"line":35,"column":13}},"6":{"start":{"line":24,"column":12},"end":{"line":34,"column":13}},"7":{"start":{"line":25,"column":16},"end":{"line":28,"column":30}},"8":{"start":{"line":30,"column":16},"end":{"line":33,"column":27}},"9":{"start":{"line":37,"column":8},"end":{"line":39,"column":21}},"10":{"start":{"line":40,"column":8},"end":{"line":53,"column":9}},"11":{"start":{"line":43,"column":12},"end":{"line":46,"column":14}},"12":{"start":{"line":47,"column":12},"end":{"line":47,"column":18}},"13":{"start":{"line":50,"column":12},"end":{"line":51,"column":46}},"14":{"start":{"line":52,"column":12},"end":{"line":52,"column":18}},"15":{"start":{"line":55,"column":8},"end":{"line":55,"column":35}},"16":{"start":{"line":61,"column":4},"end":{"line":63,"column":9}},"17":{"start":{"line":62,"column":8},"end":{"line":62,"column":15}},"18":{"start":{"line":64,"column":4},"end":{"line":77,"column":5}},"19":{"start":{"line":70,"column":8},"end":{"line":70,"column":14}},"20":{"start":{"line":76,"column":8},"end":{"line":76,"column":14}},"21":{"start":{"line":82,"column":4},"end":{"line":84,"column":9}},"22":{"start":{"line":83,"column":8},"end":{"line":83,"column":15}},"23":{"start":{"line":85,"column":4},"end":{"line":194,"column":5}},"24":{"start":{"line":91,"column":8},"end":{"line":99,"column":10}},"25":{"start":{"line":98,"column":12},"end":{"line":98,"column":35}},"26":{"start":{"line":102,"column":8},"end":{"line":104,"column":63}},"27":{"start":{"line":105,"column":8},"end":{"line":105,"column":14}},"28":{"start":{"line":112,"column":8},"end":{"line":121,"column":10},"skip":true},"29":{"start":{"line":119,"column":12},"end":{"line":119,"column":55},"skip":true},"30":{"start":{"line":120,"column":12},"end":{"line":120,"column":48},"skip":true},"31":{"start":{"line":123,"column":8},"end":{"line":136,"column":10},"skip":true},"32":{"start":{"line":130,"column":12},"end":{"line":130,"column":76},"skip":true},"33":{"start":{"line":131,"column":12},"end":{"line":131,"column":73},"skip":true},"34":{"start":{"line":132,"column":12},"end":{"line":132,"column":74},"skip":true},"35":{"start":{"line":133,"column":12},"end":{"line":133,"column":79},"skip":true},"36":{"start":{"line":134,"column":12},"end":{"line":134,"column":25},"skip":true},"37":{"start":{"line":135,"column":12},"end":{"line":135,"column":45},"skip":true},"38":{"start":{"line":138,"column":8},"end":{"line":145,"column":14},"skip":true},"39":{"start":{"line":143,"column":16},"end":{"line":143,"column":29},"skip":true},"40":{"start":{"line":144,"column":16},"end":{"line":144,"column":55},"skip":true},"41":{"start":{"line":147,"column":8},"end":{"line":156,"column":10},"skip":true},"42":{"start":{"line":154,"column":12},"end":{"line":154,"column":25},"skip":true},"43":{"start":{"line":155,"column":12},"end":{"line":155,"column":45},"skip":true},"44":{"start":{"line":158,"column":8},"end":{"line":167,"column":10},"skip":true},"45":{"start":{"line":165,"column":12},"end":{"line":165,"column":25},"skip":true},"46":{"start":{"line":166,"column":12},"end":{"line":166,"column":48},"skip":true},"47":{"start":{"line":169,"column":8},"end":{"line":178,"column":10},"skip":true},"48":{"start":{"line":176,"column":12},"end":{"line":176,"column":25},"skip":true},"49":{"start":{"line":177,"column":12},"end":{"line":177,"column":46},"skip":true},"50":{"start":{"line":180,"column":8},"end":{"line":189,"column":10},"skip":true},"51":{"start":{"line":187,"column":12},"end":{"line":187,"column":94},"skip":true},"52":{"start":{"line":188,"column":12},"end":{"line":188,"column":48},"skip":true},"53":{"start":{"line":192,"column":8},"end":{"line":192,"column":35},"skip":true},"54":{"start":{"line":193,"column":8},"end":{"line":193,"column":14},"skip":true}},"branchMap":{"1":{"line":25,"type":"binary-expr","locations":[{"start":{"line":25,"column":23},"end":{"line":25,"column":62}},{"start":{"line":26,"column":20},"end":{"line":26,"column":70}},{"start":{"line":27,"column":20},"end":{"line":27,"column":71}},{"start":{"line":28,"column":20},"end":{"line":28,"column":29}}]},"2":{"line":30,"type":"binary-expr","locations":[{"start":{"line":30,"column":23},"end":{"line":30,"column":37}},{"start":{"line":31,"column":20},"end":{"line":31,"column":61}},{"start":{"line":32,"column":20},"end":{"line":32,"column":70}},{"start":{"line":33,"column":20},"end":{"line":33,"column":26}}]},"3":{"line":37,"type":"cond-expr","locations":[{"start":{"line":38,"column":14},"end":{"line":38,"column":20}},{"start":{"line":39,"column":14},"end":{"line":39,"column":20}}]},"4":{"line":40,"type":"switch","locations":[{"start":{"line":42,"column":8},"end":{"line":47,"column":18}},{"start":{"line":49,"column":8},"end":{"line":52,"column":18}}]},"5":{"line":44,"type":"binary-expr","locations":[{"start":{"line":44,"column":16},"end":{"line":44,"column":44}},{"start":{"line":44,"column":48},"end":{"line":44,"column":66}}]},"6":{"line":50,"type":"binary-expr","locations":[{"start":{"line":50,"column":21},"end":{"line":50,"column":49}},{"start":{"line":50,"column":53},"end":{"line":50,"column":72}}]},"7":{"line":64,"type":"switch","locations":[{"start":{"line":69,"column":4},"end":{"line":70,"column":14}},{"start":{"line":75,"column":4},"end":{"line":76,"column":14}}]},"8":{"line":85,"type":"switch","locations":[{"start":{"line":90,"column":4},"end":{"line":105,"column":14}},{"start":{"line":111,"column":4},"end":{"line":193,"column":14},"skip":true}]},"9":{"line":91,"type":"binary-expr","locations":[{"start":{"line":91,"column":42},"end":{"line":91,"column":73}},{"start":{"line":91,"column":77},"end":{"line":99,"column":9}}]},"10":{"line":102,"type":"binary-expr","locations":[{"start":{"line":102,"column":18},"end":{"line":102,"column":32}},{"start":{"line":103,"column":12},"end":{"line":103,"column":53}},{"start":{"line":104,"column":12},"end":{"line":104,"column":61}}]},"11":{"line":112,"type":"binary-expr","locations":[{"start":{"line":112,"column":45},"end":{"line":112,"column":79},"skip":true},{"start":{"line":112,"column":83},"end":{"line":121,"column":9},"skip":true}]},"12":{"line":123,"type":"binary-expr","locations":[{"start":{"line":123,"column":42},"end":{"line":123,"column":73},"skip":true},{"start":{"line":123,"column":77},"end":{"line":136,"column":9},"skip":true}]},"13":{"line":138,"type":"binary-expr","locations":[{"start":{"line":138,"column":48},"end":{"line":138,"column":85},"skip":true},{"start":{"line":139,"column":12},"end":{"line":145,"column":13},"skip":true}]},"14":{"line":147,"type":"binary-expr","locations":[{"start":{"line":147,"column":42},"end":{"line":147,"column":73},"skip":true},{"start":{"line":147,"column":77},"end":{"line":156,"column":9},"skip":true}]},"15":{"line":158,"type":"binary-expr","locations":[{"start":{"line":158,"column":45},"end":{"line":158,"column":79},"skip":true},{"start":{"line":158,"column":83},"end":{"line":167,"column":9},"skip":true}]},"16":{"line":169,"type":"binary-expr","locations":[{"start":{"line":169,"column":43},"end":{"line":169,"column":75},"skip":true},{"start":{"line":169,"column":79},"end":{"line":178,"column":9},"skip":true}]},"17":{"line":180,"type":"binary-expr","locations":[{"start":{"line":180,"column":41},"end":{"line":180,"column":71},"skip":true},{"start":{"line":180,"column":75},"end":{"line":189,"column":9},"skip":true}]}},"code":["/* istanbul instrument in package npmtest_swagger_node_express */","/*jslint","    bitwise: true,","    browser: true,","    maxerr: 8,","    maxlen: 96,","    node: true,","    nomen: true,","    regexp: true,","    stupid: true","*/","(function () {","    'use strict';","    var local;","","","","    // run shared js-env code - pre-init","    (function () {","        // init local","        local = {};","        // init modeJs","        local.modeJs = (function () {","            try {","                return typeof navigator.userAgent === 'string' &&","                    typeof document.querySelector('body') === 'object' &&","                    typeof XMLHttpRequest.prototype.open === 'function' &&","                    'browser';","            } catch (errorCaughtBrowser) {","                return module.exports &&","                    typeof process.versions.node === 'string' &&","                    typeof require('http').createServer === 'function' &&","                    'node';","            }","        }());","        // init global","        local.global = local.modeJs === 'browser'","            ? window","            : global;","        switch (local.modeJs) {","        // re-init local from window.local","        case 'browser':","            local = local.global.utility2.objectSetDefault(","                local.global.utility2_rollup || local.global.local,","                local.global.utility2","            );","            break;","        // re-init local from example.js","        case 'node':","            local = (local.global.utility2_rollup || require('utility2'))","                .requireExampleJsFromReadme();","            break;","        }","        // export local","        local.global.local = local;","    }());","","","","    // run shared js-env code - function","    (function () {","        return;","    }());","    switch (local.modeJs) {","","","","    // run browser js-env code - function","    case 'browser':","        break;","","","","    // run node js-env code - function","    case 'node':","        break;","    }","","","","    // run shared js-env code - post-init","    (function () {","        return;","    }());","    switch (local.modeJs) {","","","","    // run browser js-env code - post-init","    case 'browser':","        local.testCase_browser_nullCase = local.testCase_browser_nullCase || function (","            options,","            onError","        ) {","        /*","         * this function will test browsers's null-case handling-behavior-behavior","         */","            onError(null, options);","        };","","        // run tests","        local.nop(local.modeTest &&","            document.querySelector('#testRunButton1') &&","            document.querySelector('#testRunButton1').click());","        break;","","","","    // run node js-env code - post-init","    /* istanbul ignore next */","    case 'node':","        local.testCase_buildApidoc_default = local.testCase_buildApidoc_default || function (","            options,","            onError","        ) {","        /*","         * this function will test buildApidoc's default handling-behavior-behavior","         */","            options = { modulePathList: module.paths };","            local.buildApidoc(options, onError);","        };","","        local.testCase_buildApp_default = local.testCase_buildApp_default || function (","            options,","            onError","        ) {","        /*","         * this function will test buildApp's default handling-behavior-behavior","         */","            local.testCase_buildReadme_default(options, local.onErrorThrow);","            local.testCase_buildLib_default(options, local.onErrorThrow);","            local.testCase_buildTest_default(options, local.onErrorThrow);","            local.testCase_buildCustomOrg_default(options, local.onErrorThrow);","            options = [];","            local.buildApp(options, onError);","        };","","        local.testCase_buildCustomOrg_default = local.testCase_buildCustomOrg_default ||","            function (options, onError) {","            /*","             * this function will test buildCustomOrg's default handling-behavior","             */","                options = {};","                local.buildCustomOrg(options, onError);","            };","","        local.testCase_buildLib_default = local.testCase_buildLib_default || function (","            options,","            onError","        ) {","        /*","         * this function will test buildLib's default handling-behavior","         */","            options = {};","            local.buildLib(options, onError);","        };","","        local.testCase_buildReadme_default = local.testCase_buildReadme_default || function (","            options,","            onError","        ) {","        /*","         * this function will test buildReadme's default handling-behavior-behavior","         */","            options = {};","            local.buildReadme(options, onError);","        };","","        local.testCase_buildTest_default = local.testCase_buildTest_default || function (","            options,","            onError","        ) {","        /*","         * this function will test buildTest's default handling-behavior","         */","            options = {};","            local.buildTest(options, onError);","        };","","        local.testCase_webpage_default = local.testCase_webpage_default || function (","            options,","            onError","        ) {","        /*","         * this function will test webpage's default handling-behavior","         */","            options = { modeCoverageMerge: true, url: local.serverLocalHost + '?modeTest=1' };","            local.browserTest(options, onError);","        };","","        // run test-server","        local.testRunServer(local);","        break;","    }","}());",""],"l":{"12":2,"14":2,"19":2,"21":2,"23":2,"24":2,"25":2,"30":1,"37":2,"40":2,"43":1,"47":1,"50":1,"52":1,"55":2,"61":2,"62":2,"64":2,"70":1,"76":1,"82":2,"83":2,"85":2,"91":1,"98":1,"102":1,"105":1,"112":1,"119":1,"120":1,"123":1,"130":1,"131":1,"132":1,"133":1,"134":1,"135":1,"138":1,"143":2,"144":2,"147":1,"154":2,"155":2,"158":1,"165":2,"166":2,"169":1,"176":2,"177":2,"180":1,"187":1,"188":1,"192":1,"193":1}},"/home/travis/build/npmtest/node-npmtest-swagger-node-express/lib.npmtest_swagger_node_express.js":{"path":"/home/travis/build/npmtest/node-npmtest-swagger-node-express/lib.npmtest_swagger_node_express.js","s":{"1":2,"2":2,"3":2,"4":2,"5":2,"6":2,"7":2,"8":1,"9":2,"10":2,"11":2,"12":2,"13":1,"14":1,"15":1,"16":1},"b":{"1":[2,1,1,1],"2":[1,1,1,1],"3":[1,1],"4":[2,2],"5":[1,1]},"f":{"1":2,"2":2,"3":2},"fnMap":{"1":{"name":"(anonymous_1)","line":12,"loc":{"start":{"line":12,"column":1},"end":{"line":12,"column":13}}},"2":{"name":"(anonymous_2)","line":19,"loc":{"start":{"line":19,"column":5},"end":{"line":19,"column":17}}},"3":{"name":"(anonymous_3)","line":23,"loc":{"start":{"line":23,"column":24},"end":{"line":23,"column":36}}}},"statementMap":{"1":{"start":{"line":12,"column":0},"end":{"line":53,"column":5}},"2":{"start":{"line":14,"column":4},"end":{"line":14,"column":14}},"3":{"start":{"line":19,"column":4},"end":{"line":52,"column":9}},"4":{"start":{"line":21,"column":8},"end":{"line":21,"column":19}},"5":{"start":{"line":23,"column":8},"end":{"line":35,"column":13}},"6":{"start":{"line":24,"column":12},"end":{"line":34,"column":13}},"7":{"start":{"line":25,"column":16},"end":{"line":28,"column":30}},"8":{"start":{"line":30,"column":16},"end":{"line":33,"column":27}},"9":{"start":{"line":37,"column":8},"end":{"line":39,"column":21}},"10":{"start":{"line":41,"column":8},"end":{"line":41,"column":54}},"11":{"start":{"line":43,"column":8},"end":{"line":43,"column":65}},"12":{"start":{"line":45,"column":8},"end":{"line":51,"column":9}},"13":{"start":{"line":46,"column":12},"end":{"line":46,"column":71}},"14":{"start":{"line":48,"column":12},"end":{"line":48,"column":35}},"15":{"start":{"line":49,"column":12},"end":{"line":49,"column":49}},"16":{"start":{"line":50,"column":12},"end":{"line":50,"column":43}}},"branchMap":{"1":{"line":25,"type":"binary-expr","locations":[{"start":{"line":25,"column":23},"end":{"line":25,"column":62}},{"start":{"line":26,"column":20},"end":{"line":26,"column":70}},{"start":{"line":27,"column":20},"end":{"line":27,"column":71}},{"start":{"line":28,"column":20},"end":{"line":28,"column":29}}]},"2":{"line":30,"type":"binary-expr","locations":[{"start":{"line":30,"column":23},"end":{"line":30,"column":37}},{"start":{"line":31,"column":20},"end":{"line":31,"column":61}},{"start":{"line":32,"column":20},"end":{"line":32,"column":70}},{"start":{"line":33,"column":20},"end":{"line":33,"column":26}}]},"3":{"line":37,"type":"cond-expr","locations":[{"start":{"line":38,"column":14},"end":{"line":38,"column":20}},{"start":{"line":39,"column":14},"end":{"line":39,"column":20}}]},"4":{"line":41,"type":"binary-expr","locations":[{"start":{"line":41,"column":16},"end":{"line":41,"column":44}},{"start":{"line":41,"column":48},"end":{"line":41,"column":53}}]},"5":{"line":45,"type":"if","locations":[{"start":{"line":45,"column":8},"end":{"line":45,"column":8}},{"start":{"line":45,"column":8},"end":{"line":45,"column":8}}]}},"code":["/* istanbul instrument in package npmtest_swagger_node_express */","/*jslint","    bitwise: true,","    browser: true,","    maxerr: 8,","    maxlen: 96,","    node: true,","    nomen: true,","    regexp: true,","    stupid: true","*/","(function () {","    'use strict';","    var local;","","","","    // run shared js-env code - pre-init","    (function () {","        // init local","        local = {};","        // init modeJs","        local.modeJs = (function () {","            try {","                return typeof navigator.userAgent === 'string' &&","                    typeof document.querySelector('body') === 'object' &&","                    typeof XMLHttpRequest.prototype.open === 'function' &&","                    'browser';","            } catch (errorCaughtBrowser) {","                return module.exports &&","                    typeof process.versions.node === 'string' &&","                    typeof require('http').createServer === 'function' &&","                    'node';","            }","        }());","        // init global","        local.global = local.modeJs === 'browser'","            ? window","            : global;","        // init utility2_rollup","        local = local.global.utility2_rollup || local;","        // init lib","        local.local = local.npmtest_swagger_node_express = local;","        // init exports","        if (local.modeJs === 'browser') {","            local.global.utility2_npmtest_swagger_node_express = local;","        } else {","            module.exports = local;","            module.exports.__dirname = __dirname;","            module.exports.module = module;","        }","    }());","}());",""],"l":{"12":2,"14":2,"19":2,"21":2,"23":2,"24":2,"25":2,"30":1,"37":2,"41":2,"43":2,"45":2,"46":1,"48":1,"49":1,"50":1}},"/home/travis/build/npmtest/node-npmtest-swagger-node-express/example.js":{"path":"/home/travis/build/npmtest/node-npmtest-swagger-node-express/example.js","s":{"1":2,"2":2,"3":2,"4":2,"5":2,"6":2,"7":2,"8":1,"9":2,"10":2,"11":2,"12":2,"13":1,"14":2,"15":2,"16":2,"17":2,"18":2,"19":0,"20":2,"21":1,"22":1,"23":1,"24":1,"25":1,"26":0,"27":0,"28":1,"29":1,"30":2,"31":0,"32":0,"33":0,"34":1,"35":2,"36":2,"37":3,"38":3,"39":3,"40":3,"41":0,"42":3,"43":3,"44":3,"45":1,"46":3,"47":1,"48":1,"49":1,"50":1,"51":1,"52":1,"53":1,"54":1,"55":1,"56":1,"57":0,"58":1,"59":6,"60":6,"61":1,"62":2,"63":0,"64":2,"65":1,"66":1,"67":0,"68":0,"69":0,"70":0,"71":0,"72":0,"73":0,"74":0,"75":0,"76":0,"77":0,"78":0,"79":0,"80":0,"81":0,"82":0,"83":0},"b":{"1":[2,1,1,1],"2":[1,1,1,1],"3":[1,1],"4":[2,2],"5":[1,1],"6":[1,1],"7":[2,0],"8":[2,1,1,1,1,1],"9":[0,2,0],"10":[1,1],"11":[2,1,1],"12":[1,0],"13":[0,2],"14":[2,0,0,0,0,0,0],"15":[0,3],"16":[3,0],"17":[1,1],"18":[0,1],"19":[1,2,0,2],"20":[1,0],"21":[1,1],"22":[0,0],"23":[0,0],"24":[0,0],"25":[0,0],"26":[0,0],"27":[0,0],"28":[0,0]},"f":{"1":2,"2":2,"3":2,"4":2,"5":2,"6":2,"7":3,"8":3,"9":3,"10":1,"11":6,"12":0},"fnMap":{"1":{"name":"(anonymous_1)","line":26,"loc":{"start":{"line":26,"column":1},"end":{"line":26,"column":13}}},"2":{"name":"(anonymous_2)","line":33,"loc":{"start":{"line":33,"column":5},"end":{"line":33,"column":17}}},"3":{"name":"(anonymous_3)","line":37,"loc":{"start":{"line":37,"column":24},"end":{"line":37,"column":36}}},"4":{"name":"(anonymous_4)","line":69,"loc":{"start":{"line":69,"column":31},"end":{"line":69,"column":48}},"skip":true},"5":{"name":"(anonymous_5)","line":78,"loc":{"start":{"line":78,"column":26},"end":{"line":78,"column":45}},"skip":true},"6":{"name":"(anonymous_6)","line":123,"loc":{"start":{"line":123,"column":33},"end":{"line":123,"column":48}},"skip":true},"7":{"name":"(anonymous_7)","line":125,"loc":{"start":{"line":125,"column":27},"end":{"line":125,"column":39}},"skip":true},"8":{"name":"(anonymous_8)","line":133,"loc":{"start":{"line":133,"column":59},"end":{"line":133,"column":74}},"skip":true},"9":{"name":"(anonymous_9)","line":143,"loc":{"start":{"line":143,"column":45},"end":{"line":143,"column":62}},"skip":true},"10":{"name":"(anonymous_10)","line":144,"loc":{"start":{"line":144,"column":73},"end":{"line":144,"column":92}},"skip":true},"11":{"name":"(anonymous_11)","line":272,"loc":{"start":{"line":272,"column":51},"end":{"line":272,"column":77}},"skip":true},"12":{"name":"(anonymous_12)","line":315,"loc":{"start":{"line":315,"column":32},"end":{"line":315,"column":61}},"skip":true}},"statementMap":{"1":{"start":{"line":26,"column":0},"end":{"line":326,"column":5}},"2":{"start":{"line":28,"column":4},"end":{"line":28,"column":14}},"3":{"start":{"line":33,"column":4},"end":{"line":60,"column":9}},"4":{"start":{"line":35,"column":8},"end":{"line":35,"column":19}},"5":{"start":{"line":37,"column":8},"end":{"line":49,"column":13}},"6":{"start":{"line":38,"column":12},"end":{"line":48,"column":13}},"7":{"start":{"line":39,"column":16},"end":{"line":42,"column":30}},"8":{"start":{"line":44,"column":16},"end":{"line":47,"column":27}},"9":{"start":{"line":51,"column":8},"end":{"line":53,"column":21}},"10":{"start":{"line":55,"column":8},"end":{"line":57,"column":45}},"11":{"start":{"line":59,"column":8},"end":{"line":59,"column":35}},"12":{"start":{"line":61,"column":4},"end":{"line":325,"column":5}},"13":{"start":{"line":69,"column":8},"end":{"line":121,"column":10},"skip":true},"14":{"start":{"line":70,"column":12},"end":{"line":88,"column":13},"skip":true},"15":{"start":{"line":76,"column":16},"end":{"line":87,"column":19},"skip":true},"16":{"start":{"line":79,"column":20},"end":{"line":86,"column":21},"skip":true},"17":{"start":{"line":82,"column":24},"end":{"line":82,"column":43},"skip":true},"18":{"start":{"line":83,"column":24},"end":{"line":83,"column":30},"skip":true},"19":{"start":{"line":85,"column":24},"end":{"line":85,"column":49},"skip":true},"20":{"start":{"line":89,"column":12},"end":{"line":107,"column":13},"skip":true},"21":{"start":{"line":92,"column":16},"end":{"line":102,"column":17},"skip":true},"22":{"start":{"line":93,"column":20},"end":{"line":93,"column":86},"skip":true},"23":{"start":{"line":94,"column":20},"end":{"line":95,"column":45},"skip":true},"24":{"start":{"line":96,"column":20},"end":{"line":96,"column":42},"skip":true},"25":{"start":{"line":97,"column":20},"end":{"line":97,"column":48},"skip":true},"26":{"start":{"line":100,"column":20},"end":{"line":100,"column":85},"skip":true},"27":{"start":{"line":101,"column":20},"end":{"line":101,"column":96},"skip":true},"28":{"start":{"line":103,"column":16},"end":{"line":103,"column":22},"skip":true},"29":{"start":{"line":106,"column":16},"end":{"line":106,"column":22},"skip":true},"30":{"start":{"line":108,"column":12},"end":{"line":120,"column":13},"skip":true},"31":{"start":{"line":114,"column":16},"end":{"line":119,"column":17},"skip":true},"32":{"start":{"line":116,"column":20},"end":{"line":116,"column":78},"skip":true},"33":{"start":{"line":118,"column":20},"end":{"line":118,"column":47},"skip":true},"34":{"start":{"line":123,"column":8},"end":{"line":141,"column":11},"skip":true},"35":{"start":{"line":124,"column":12},"end":{"line":124,"column":54},"skip":true},"36":{"start":{"line":125,"column":12},"end":{"line":140,"column":14},"skip":true},"37":{"start":{"line":126,"column":16},"end":{"line":126,"column":28},"skip":true},"38":{"start":{"line":127,"column":16},"end":{"line":127,"column":69},"skip":true},"39":{"start":{"line":128,"column":16},"end":{"line":128,"column":75},"skip":true},"40":{"start":{"line":129,"column":16},"end":{"line":131,"column":17},"skip":true},"41":{"start":{"line":130,"column":20},"end":{"line":130,"column":27},"skip":true},"42":{"start":{"line":133,"column":16},"end":{"line":137,"column":36},"skip":true},"43":{"start":{"line":134,"column":20},"end":{"line":136,"column":55},"skip":true},"44":{"start":{"line":139,"column":16},"end":{"line":139,"column":57},"skip":true},"45":{"start":{"line":143,"column":8},"end":{"line":147,"column":11},"skip":true},"46":{"start":{"line":144,"column":12},"end":{"line":146,"column":15},"skip":true},"47":{"start":{"line":145,"column":16},"end":{"line":145,"column":70},"skip":true},"48":{"start":{"line":149,"column":8},"end":{"line":149,"column":31},"skip":true},"49":{"start":{"line":150,"column":8},"end":{"line":150,"column":14},"skip":true},"50":{"start":{"line":158,"column":8},"end":{"line":158,"column":31},"skip":true},"51":{"start":{"line":160,"column":8},"end":{"line":160,"column":33},"skip":true},"52":{"start":{"line":161,"column":8},"end":{"line":161,"column":37},"skip":true},"53":{"start":{"line":162,"column":8},"end":{"line":162,"column":35},"skip":true},"54":{"start":{"line":164,"column":8},"end":{"line":164,"column":50},"skip":true},"55":{"start":{"line":166,"column":8},"end":{"line":256,"column":2},"skip":true},"56":{"start":{"line":258,"column":8},"end":{"line":286,"column":9},"skip":true},"57":{"start":{"line":259,"column":12},"end":{"line":269,"column":14},"skip":true},"58":{"start":{"line":271,"column":12},"end":{"line":285,"column":19},"skip":true},"59":{"start":{"line":274,"column":20},"end":{"line":274,"column":35},"skip":true},"60":{"start":{"line":275,"column":20},"end":{"line":284,"column":21},"skip":true},"61":{"start":{"line":277,"column":24},"end":{"line":277,"column":64},"skip":true},"62":{"start":{"line":279,"column":24},"end":{"line":279,"column":40},"skip":true},"63":{"start":{"line":281,"column":24},"end":{"line":281,"column":40},"skip":true},"64":{"start":{"line":283,"column":24},"end":{"line":283,"column":39},"skip":true},"65":{"start":{"line":288,"column":8},"end":{"line":290,"column":9},"skip":true},"66":{"start":{"line":289,"column":12},"end":{"line":289,"column":18},"skip":true},"67":{"start":{"line":291,"column":8},"end":{"line":293,"column":54},"skip":true},"68":{"start":{"line":296,"column":8},"end":{"line":301,"column":37},"skip":true},"69":{"start":{"line":303,"column":8},"end":{"line":303,"column":82},"skip":true},"70":{"start":{"line":306,"column":8},"end":{"line":308,"column":9},"skip":true},"71":{"start":{"line":307,"column":12},"end":{"line":307,"column":82},"skip":true},"72":{"start":{"line":310,"column":8},"end":{"line":312,"column":9},"skip":true},"73":{"start":{"line":311,"column":12},"end":{"line":311,"column":18},"skip":true},"74":{"start":{"line":313,"column":8},"end":{"line":313,"column":54},"skip":true},"75":{"start":{"line":314,"column":8},"end":{"line":314,"column":69},"skip":true},"76":{"start":{"line":315,"column":8},"end":{"line":323,"column":36},"skip":true},"77":{"start":{"line":316,"column":12},"end":{"line":316,"column":61},"skip":true},"78":{"start":{"line":317,"column":12},"end":{"line":320,"column":13},"skip":true},"79":{"start":{"line":318,"column":16},"end":{"line":318,"column":75},"skip":true},"80":{"start":{"line":319,"column":16},"end":{"line":319,"column":23},"skip":true},"81":{"start":{"line":321,"column":12},"end":{"line":321,"column":38},"skip":true},"82":{"start":{"line":322,"column":12},"end":{"line":322,"column":27},"skip":true},"83":{"start":{"line":324,"column":8},"end":{"line":324,"column":14},"skip":true}},"branchMap":{"1":{"line":39,"type":"binary-expr","locations":[{"start":{"line":39,"column":23},"end":{"line":39,"column":62}},{"start":{"line":40,"column":20},"end":{"line":40,"column":70}},{"start":{"line":41,"column":20},"end":{"line":41,"column":71}},{"start":{"line":42,"column":20},"end":{"line":42,"column":29}}]},"2":{"line":44,"type":"binary-expr","locations":[{"start":{"line":44,"column":23},"end":{"line":44,"column":37}},{"start":{"line":45,"column":20},"end":{"line":45,"column":61}},{"start":{"line":46,"column":20},"end":{"line":46,"column":70}},{"start":{"line":47,"column":20},"end":{"line":47,"column":26}}]},"3":{"line":51,"type":"cond-expr","locations":[{"start":{"line":52,"column":14},"end":{"line":52,"column":20}},{"start":{"line":53,"column":14},"end":{"line":53,"column":20}}]},"4":{"line":55,"type":"binary-expr","locations":[{"start":{"line":55,"column":16},"end":{"line":55,"column":44}},{"start":{"line":55,"column":49},"end":{"line":57,"column":43}}]},"5":{"line":55,"type":"cond-expr","locations":[{"start":{"line":56,"column":14},"end":{"line":56,"column":64}},{"start":{"line":57,"column":14},"end":{"line":57,"column":43}}]},"6":{"line":61,"type":"switch","locations":[{"start":{"line":68,"column":4},"end":{"line":150,"column":14},"skip":true},{"start":{"line":156,"column":4},"end":{"line":324,"column":14},"skip":true}]},"7":{"line":70,"type":"if","locations":[{"start":{"line":70,"column":12},"end":{"line":70,"column":12},"skip":true},{"start":{"line":70,"column":12},"end":{"line":70,"column":12},"skip":true}]},"8":{"line":70,"type":"binary-expr","locations":[{"start":{"line":70,"column":16},"end":{"line":70,"column":22},"skip":true},{"start":{"line":70,"column":27},"end":{"line":70,"column":32},"skip":true},{"start":{"line":71,"column":20},"end":{"line":71,"column":39},"skip":true},{"start":{"line":72,"column":20},"end":{"line":72,"column":49},"skip":true},{"start":{"line":73,"column":20},"end":{"line":73,"column":58},"skip":true},{"start":{"line":74,"column":20},"end":{"line":74,"column":69},"skip":true}]},"9":{"line":79,"type":"switch","locations":[{"start":{"line":80,"column":20},"end":{"line":80,"column":33},"skip":true},{"start":{"line":81,"column":20},"end":{"line":83,"column":30},"skip":true},{"start":{"line":84,"column":20},"end":{"line":85,"column":49},"skip":true}]},"10":{"line":89,"type":"switch","locations":[{"start":{"line":90,"column":12},"end":{"line":103,"column":22},"skip":true},{"start":{"line":105,"column":12},"end":{"line":106,"column":22},"skip":true}]},"11":{"line":89,"type":"binary-expr","locations":[{"start":{"line":89,"column":20},"end":{"line":89,"column":25},"skip":true},{"start":{"line":89,"column":29},"end":{"line":89,"column":48},"skip":true},{"start":{"line":89,"column":52},"end":{"line":89,"column":74},"skip":true}]},"12":{"line":92,"type":"if","locations":[{"start":{"line":92,"column":16},"end":{"line":92,"column":16},"skip":true},{"start":{"line":92,"column":16},"end":{"line":92,"column":16},"skip":true}]},"13":{"line":108,"type":"if","locations":[{"start":{"line":108,"column":12},"end":{"line":108,"column":12},"skip":true},{"start":{"line":108,"column":12},"end":{"line":108,"column":12},"skip":true}]},"14":{"line":108,"type":"binary-expr","locations":[{"start":{"line":108,"column":16},"end":{"line":108,"column":61},"skip":true},{"start":{"line":108,"column":66},"end":{"line":108,"column":72},"skip":true},{"start":{"line":108,"column":77},"end":{"line":108,"column":82},"skip":true},{"start":{"line":109,"column":20},"end":{"line":109,"column":39},"skip":true},{"start":{"line":110,"column":20},"end":{"line":110,"column":49},"skip":true},{"start":{"line":111,"column":20},"end":{"line":111,"column":58},"skip":true},{"start":{"line":112,"column":20},"end":{"line":112,"column":68},"skip":true}]},"15":{"line":129,"type":"if","locations":[{"start":{"line":129,"column":16},"end":{"line":129,"column":16},"skip":true},{"start":{"line":129,"column":16},"end":{"line":129,"column":16},"skip":true}]},"16":{"line":134,"type":"cond-expr","locations":[{"start":{"line":135,"column":26},"end":{"line":135,"column":29},"skip":true},{"start":{"line":136,"column":26},"end":{"line":136,"column":54},"skip":true}]},"17":{"line":164,"type":"binary-expr","locations":[{"start":{"line":164,"column":27},"end":{"line":164,"column":43},"skip":true},{"start":{"line":164,"column":47},"end":{"line":164,"column":49},"skip":true}]},"18":{"line":258,"type":"if","locations":[{"start":{"line":258,"column":8},"end":{"line":258,"column":8},"skip":true},{"start":{"line":258,"column":8},"end":{"line":258,"column":8},"skip":true}]},"19":{"line":275,"type":"switch","locations":[{"start":{"line":276,"column":20},"end":{"line":277,"column":64},"skip":true},{"start":{"line":278,"column":20},"end":{"line":279,"column":40},"skip":true},{"start":{"line":280,"column":20},"end":{"line":281,"column":40},"skip":true},{"start":{"line":282,"column":20},"end":{"line":283,"column":39},"skip":true}]},"20":{"line":288,"type":"if","locations":[{"start":{"line":288,"column":8},"end":{"line":288,"column":8},"skip":true},{"start":{"line":288,"column":8},"end":{"line":288,"column":8},"skip":true}]},"21":{"line":288,"type":"binary-expr","locations":[{"start":{"line":288,"column":12},"end":{"line":288,"column":40},"skip":true},{"start":{"line":288,"column":44},"end":{"line":288,"column":67},"skip":true}]},"22":{"line":292,"type":"binary-expr","locations":[{"start":{"line":292,"column":12},"end":{"line":292,"column":50},"skip":true},{"start":{"line":293,"column":12},"end":{"line":293,"column":53},"skip":true}]},"23":{"line":297,"type":"binary-expr","locations":[{"start":{"line":297,"column":12},"end":{"line":297,"column":78},"skip":true},{"start":{"line":298,"column":12},"end":{"line":301,"column":36},"skip":true}]},"24":{"line":303,"type":"binary-expr","locations":[{"start":{"line":303,"column":43},"end":{"line":303,"column":75},"skip":true},{"start":{"line":303,"column":79},"end":{"line":303,"column":81},"skip":true}]},"25":{"line":306,"type":"if","locations":[{"start":{"line":306,"column":8},"end":{"line":306,"column":8},"skip":true},{"start":{"line":306,"column":8},"end":{"line":306,"column":8},"skip":true}]},"26":{"line":310,"type":"if","locations":[{"start":{"line":310,"column":8},"end":{"line":310,"column":8},"skip":true},{"start":{"line":310,"column":8},"end":{"line":310,"column":8},"skip":true}]},"27":{"line":313,"type":"binary-expr","locations":[{"start":{"line":313,"column":27},"end":{"line":313,"column":43},"skip":true},{"start":{"line":313,"column":47},"end":{"line":313,"column":53},"skip":true}]},"28":{"line":317,"type":"if","locations":[{"start":{"line":317,"column":12},"end":{"line":317,"column":12},"skip":true},{"start":{"line":317,"column":12},"end":{"line":317,"column":12},"skip":true}]}},"code":["/*","example.js","","quickstart example","","instruction","    1. save this script as example.js","    2. run the shell command:","        $ npm install npmtest-swagger-node-express && PORT=8081 node example.js","    3. play with the browser-demo on http://127.0.0.1:8081","*/","","","","/* istanbul instrument in package npmtest_swagger_node_express */","/*jslint","    bitwise: true,","    browser: true,","    maxerr: 8,","    maxlen: 96,","    node: true,","    nomen: true,","    regexp: true,","    stupid: true","*/","(function () {","    'use strict';","    var local;","","","","    // run shared js-env code - pre-init","    (function () {","        // init local","        local = {};","        // init modeJs","        local.modeJs = (function () {","            try {","                return typeof navigator.userAgent === 'string' &&","                    typeof document.querySelector('body') === 'object' &&","                    typeof XMLHttpRequest.prototype.open === 'function' &&","                    'browser';","            } catch (errorCaughtBrowser) {","                return module.exports &&","                    typeof process.versions.node === 'string' &&","                    typeof require('http').createServer === 'function' &&","                    'node';","            }","        }());","        // init global","        local.global = local.modeJs === 'browser'","            ? window","            : global;","        // init utility2_rollup","        local = local.global.utility2_rollup || (local.modeJs === 'browser'","            ? local.global.utility2_npmtest_swagger_node_express","            : global.utility2_moduleExports);","        // export local","        local.global.local = local;","    }());","    switch (local.modeJs) {","","","","    // post-init","    // run browser js-env code - post-init","    /* istanbul ignore next */","    case 'browser':","        local.testRunBrowser = function (event) {","            if (!event || (event &&","                    event.currentTarget &&","                    event.currentTarget.className &&","                    event.currentTarget.className.includes &&","                    event.currentTarget.className.includes('onreset'))) {","                // reset output","                Array.from(","                    document.querySelectorAll('body > .resettable')","                ).forEach(function (element) {","                    switch (element.tagName) {","                    case 'INPUT':","                    case 'TEXTAREA':","                        element.value = '';","                        break;","                    default:","                        element.textContent = '';","                    }","                });","            }","            switch (event && event.currentTarget && event.currentTarget.id) {","            case 'testRunButton1':","                // show tests","                if (document.querySelector('#testReportDiv1').style.display === 'none') {","                    document.querySelector('#testReportDiv1').style.display = 'block';","                    document.querySelector('#testRunButton1').textContent =","                        'hide internal test';","                    local.modeTest = true;","                    local.testRunDefault(local);","                // hide tests","                } else {","                    document.querySelector('#testReportDiv1').style.display = 'none';","                    document.querySelector('#testRunButton1').textContent = 'run internal test';","                }","                break;","            // custom-case","            default:","                break;","            }","            if (document.querySelector('#inputTextareaEval1') && (!event || (event &&","                    event.currentTarget &&","                    event.currentTarget.className &&","                    event.currentTarget.className.includes &&","                    event.currentTarget.className.includes('oneval')))) {","                // try to eval input-code","                try {","                    /*jslint evil: true*/","                    eval(document.querySelector('#inputTextareaEval1').value);","                } catch (errorCaught) {","                    console.error(errorCaught);","                }","            }","        };","        // log stderr and stdout to #outputTextareaStdout1","        ['error', 'log'].forEach(function (key) {","            console[key + '_original'] = console[key];","            console[key] = function () {","                var element;","                console[key + '_original'].apply(console, arguments);","                element = document.querySelector('#outputTextareaStdout1');","                if (!element) {","                    return;","                }","                // append text to #outputTextareaStdout1","                element.value += Array.from(arguments).map(function (arg) {","                    return typeof arg === 'string'","                        ? arg","                        : JSON.stringify(arg, null, 4);","                }).join(' ') + '\\n';","                // scroll textarea to bottom","                element.scrollTop = element.scrollHeight;","            };","        });","        // init event-handling","        ['change', 'click', 'keyup'].forEach(function (event) {","            Array.from(document.querySelectorAll('.on' + event)).forEach(function (element) {","                element.addEventListener(event, local.testRunBrowser);","            });","        });","        // run tests","        local.testRunBrowser();","        break;","","","","    // run node js-env code - post-init","    /* istanbul ignore next */","    case 'node':","        // export local","        module.exports = local;","        // require modules","        local.fs = require('fs');","        local.http = require('http');","        local.url = require('url');","        // init assets","        local.assetsDict = local.assetsDict || {};","        /* jslint-ignore-begin */","        local.assetsDict['/assets.index.template.html'] = '\\","<!doctype html>\\n\\","<html lang=\"en\">\\n\\","<head>\\n\\","<meta charset=\"UTF-8\">\\n\\","<meta name=\"viewport\" content=\"width=device-width, initial-scale=1\">\\n\\","<title>{{env.npm_package_name}} (v{{env.npm_package_version}})</title>\\n\\","<style>\\n\\","/*csslint\\n\\","    box-sizing: false,\\n\\","    universal-selector: false\\n\\","*/\\n\\","* {\\n\\","    box-sizing: border-box;\\n\\","}\\n\\","body {\\n\\","    background: #dde;\\n\\","    font-family: Arial, Helvetica, sans-serif;\\n\\","    margin: 2rem;\\n\\","}\\n\\","body > * {\\n\\","    margin-bottom: 1rem;\\n\\","}\\n\\",".utility2FooterDiv {\\n\\","    margin-top: 20px;\\n\\","    text-align: center;\\n\\","}\\n\\","</style>\\n\\","<style>\\n\\","/*csslint\\n\\","*/\\n\\","textarea {\\n\\","    font-family: monospace;\\n\\","    height: 10rem;\\n\\","    width: 100%;\\n\\","}\\n\\","textarea[readonly] {\\n\\","    background: #ddd;\\n\\","}\\n\\","</style>\\n\\","</head>\\n\\","<body>\\n\\","<!-- utility2-comment\\n\\","<div id=\"ajaxProgressDiv1\" style=\"background: #d00; height: 2px; left: 0; margin: 0; padding: 0; position: fixed; top: 0; transition: background 0.5s, width 1.5s; width: 25%;\"></div>\\n\\","utility2-comment -->\\n\\","<h1>\\n\\","<!-- utility2-comment\\n\\","    <a\\n\\","        {{#if env.npm_package_homepage}}\\n\\","        href=\"{{env.npm_package_homepage}}\"\\n\\","        {{/if env.npm_package_homepage}}\\n\\","        target=\"_blank\"\\n\\","    >\\n\\","utility2-comment -->\\n\\","        {{env.npm_package_name}} (v{{env.npm_package_version}})\\n\\","<!-- utility2-comment\\n\\","    </a>\\n\\","utility2-comment -->\\n\\","</h1>\\n\\","<h3>{{env.npm_package_description}}</h3>\\n\\","<!-- utility2-comment\\n\\","<h4><a download href=\"assets.app.js\">download standalone app</a></h4>\\n\\","<button class=\"onclick onreset\" id=\"testRunButton1\">run internal test</button><br>\\n\\","<div id=\"testReportDiv1\" style=\"display: none;\"></div>\\n\\","utility2-comment -->\\n\\","\\n\\","\\n\\","\\n\\","<label>stderr and stdout</label>\\n\\","<textarea class=\"resettable\" id=\"outputTextareaStdout1\" readonly></textarea>\\n\\","<!-- utility2-comment\\n\\","{{#if isRollup}}\\n\\","<script src=\"assets.app.js\"></script>\\n\\","{{#unless isRollup}}\\n\\","utility2-comment -->\\n\\","<script src=\"assets.utility2.rollup.js\"></script>\\n\\","<script src=\"jsonp.utility2._stateInit?callback=window.utility2._stateInit\"></script>\\n\\","<script src=\"assets.npmtest_swagger_node_express.rollup.js\"></script>\\n\\","<script src=\"assets.example.js\"></script>\\n\\","<script src=\"assets.test.js\"></script>\\n\\","<!-- utility2-comment\\n\\","{{/if isRollup}}\\n\\","utility2-comment -->\\n\\","<div class=\"utility2FooterDiv\">\\n\\","    [ this app was created with\\n\\","    <a href=\"https://github.com/kaizhu256/node-utility2\" target=\"_blank\">utility2</a>\\n\\","    ]\\n\\","</div>\\n\\","</body>\\n\\","</html>\\n\\","';","        /* jslint-ignore-end */","        if (local.templateRender) {","            local.assetsDict['/'] = local.templateRender(","                local.assetsDict['/assets.index.template.html'],","                {","                    env: local.objectSetDefault(local.env, {","                        npm_package_description: 'the greatest app in the world!',","                        npm_package_name: 'my-app',","                        npm_package_nameAlias: 'my_app',","                        npm_package_version: '0.0.1'","                    })","                }","            );","        } else {","            local.assetsDict['/'] = local.assetsDict['/assets.index.template.html']","                .replace((/\\{\\{env\\.(\\w+?)\\}\\}/g), function (match0, match1) {","                    // jslint-hack","                    String(match0);","                    switch (match1) {","                    case 'npm_package_description':","                        return 'the greatest app in the world!';","                    case 'npm_package_name':","                        return 'my-app';","                    case 'npm_package_nameAlias':","                        return 'my_app';","                    case 'npm_package_version':","                        return '0.0.1';","                    }","                });","        }","        // run the cli","        if (local.global.utility2_rollup || module !== require.main) {","            break;","        }","        local.assetsDict['/assets.example.js'] =","            local.assetsDict['/assets.example.js'] ||","            local.fs.readFileSync(__filename, 'utf8');","        // bug-workaround - long $npm_package_buildCustomOrg","        /* jslint-ignore-begin */","        local.assetsDict['/assets.npmtest_swagger_node_express.rollup.js'] =","            local.assetsDict['/assets.npmtest_swagger_node_express.rollup.js'] ||","            local.fs.readFileSync(","                local.npmtest_swagger_node_express.__dirname + '/lib.npmtest_swagger_node_express.js',","                'utf8'","            ).replace((/^#!/), '//');","        /* jslint-ignore-end */","        local.assetsDict['/favicon.ico'] = local.assetsDict['/favicon.ico'] || '';","        // if $npm_config_timeout_exit exists,","        // then exit this process after $npm_config_timeout_exit ms","        if (Number(process.env.npm_config_timeout_exit)) {","            setTimeout(process.exit, Number(process.env.npm_config_timeout_exit));","        }","        // start server","        if (local.global.utility2_serverHttp1) {","            break;","        }","        process.env.PORT = process.env.PORT || '8081';","        console.error('server starting on port ' + process.env.PORT);","        local.http.createServer(function (request, response) {","            request.urlParsed = local.url.parse(request.url);","            if (local.assetsDict[request.urlParsed.pathname] !== undefined) {","                response.end(local.assetsDict[request.urlParsed.pathname]);","                return;","            }","            response.statusCode = 404;","            response.end();","        }).listen(process.env.PORT);","        break;","    }","}());",""],"l":{"26":2,"28":2,"33":2,"35":2,"37":2,"38":2,"39":2,"44":1,"51":2,"55":2,"59":2,"61":2,"69":1,"70":2,"76":2,"79":2,"82":2,"83":2,"85":1,"89":2,"92":1,"93":1,"94":1,"96":1,"97":1,"100":1,"101":1,"103":1,"106":1,"108":2,"114":1,"116":1,"118":1,"123":1,"124":2,"125":2,"126":3,"127":3,"128":3,"129":3,"130":1,"133":3,"134":3,"139":3,"143":1,"144":3,"145":1,"149":1,"150":1,"158":1,"160":1,"161":1,"162":1,"164":1,"166":1,"258":1,"259":1,"271":1,"274":6,"275":6,"277":1,"279":2,"281":1,"283":2,"288":1,"289":1,"291":1,"296":1,"303":1,"306":1,"307":1,"310":1,"311":1,"313":1,"314":1,"315":1,"316":1,"317":1,"318":1,"319":1,"321":1,"322":1,"324":1}},"/home/travis/build/npmtest/node-npmtest-swagger-node-express/node_modules/swagger-node-express/index.js":{"path":"/home/travis/build/npmtest/node-npmtest-swagger-node-express/node_modules/swagger-node-express/index.js","s":{"1":1},"b":{},"f":{},"fnMap":{},"statementMap":{"1":{"start":{"line":1,"column":0},"end":{"line":1,"column":34}}},"branchMap":{},"code":["module.exports = require('./lib');",""],"l":{"1":1}},"/home/travis/build/npmtest/node-npmtest-swagger-node-express/node_modules/swagger-node-express/lib/index.js":{"path":"/home/travis/build/npmtest/node-npmtest-swagger-node-express/node_modules/swagger-node-express/lib/index.js","s":{"1":1,"2":1,"3":1,"4":1,"5":1,"6":1,"7":1,"8":1,"9":1,"10":1,"11":1},"b":{},"f":{},"fnMap":{},"statementMap":{"1":{"start":{"line":1,"column":0},"end":{"line":1,"column":48}},"2":{"start":{"line":2,"column":0},"end":{"line":2,"column":51}},"3":{"start":{"line":3,"column":0},"end":{"line":3,"column":45}},"4":{"start":{"line":5,"column":0},"end":{"line":5,"column":32}},"5":{"start":{"line":6,"column":0},"end":{"line":6,"column":31}},"6":{"start":{"line":7,"column":0},"end":{"line":7,"column":44}},"7":{"start":{"line":8,"column":0},"end":{"line":8,"column":43}},"8":{"start":{"line":9,"column":0},"end":{"line":9,"column":43}},"9":{"start":{"line":10,"column":0},"end":{"line":10,"column":43}},"10":{"start":{"line":11,"column":0},"end":{"line":11,"column":45}},"11":{"start":{"line":12,"column":0},"end":{"line":12,"column":51}}},"branchMap":{},"code":["var params            = require('./paramTypes');","var errorHandling     = require('./errorHandling');","var swagger           = require('./swagger');","","module.exports        = swagger;","module.exports.params = params;","module.exports.queryParam    = params.query;","module.exports.pathParam     = params.path;","module.exports.bodyParam     = params.body;","module.exports.formParam     = params.form;","module.exports.headerParam   = params.header;","module.exports.error         = errorHandling.error;","",""],"l":{"1":1,"2":1,"3":1,"5":1,"6":1,"7":1,"8":1,"9":1,"10":1,"11":1,"12":1}},"/home/travis/build/npmtest/node-npmtest-swagger-node-express/node_modules/swagger-node-express/lib/paramTypes.js":{"path":"/home/travis/build/npmtest/node-npmtest-swagger-node-express/node_modules/swagger-node-express/lib/paramTypes.js","s":{"1":1,"2":0,"3":1,"4":0,"5":1,"6":0,"7":1,"8":0,"9":1,"10":0},"b":{"1":[0,0],"2":[0,0]},"f":{"1":0,"2":0,"3":0,"4":0,"5":0},"fnMap":{"1":{"name":"(anonymous_1)","line":20,"loc":{"start":{"line":20,"column":28},"end":{"line":20,"column":107}}},"2":{"name":"(anonymous_2)","line":32,"loc":{"start":{"line":32,"column":15},"end":{"line":32,"column":84}}},"3":{"name":"(anonymous_3)","line":44,"loc":{"start":{"line":44,"column":15},"end":{"line":44,"column":73}}},"4":{"name":"(anonymous_4)","line":55,"loc":{"start":{"line":55,"column":15},"end":{"line":55,"column":94}}},"5":{"name":"(anonymous_5)","line":67,"loc":{"start":{"line":67,"column":17},"end":{"line":67,"column":61}}}},"statementMap":{"1":{"start":{"line":20,"column":0},"end":{"line":30,"column":2}},"2":{"start":{"line":21,"column":2},"end":{"line":29,"column":4}},"3":{"start":{"line":32,"column":0},"end":{"line":42,"column":2}},"4":{"start":{"line":33,"column":2},"end":{"line":41,"column":4}},"5":{"start":{"line":44,"column":0},"end":{"line":53,"column":2}},"6":{"start":{"line":45,"column":2},"end":{"line":52,"column":4}},"7":{"start":{"line":55,"column":0},"end":{"line":65,"column":2}},"8":{"start":{"line":56,"column":2},"end":{"line":64,"column":4}},"9":{"start":{"line":67,"column":0},"end":{"line":76,"column":2}},"10":{"start":{"line":68,"column":2},"end":{"line":75,"column":4}}},"branchMap":{"1":{"line":49,"type":"binary-expr","locations":[{"start":{"line":49,"column":17},"end":{"line":49,"column":25}},{"start":{"line":49,"column":29},"end":{"line":49,"column":34}}]},"2":{"line":60,"type":"cond-expr","locations":[{"start":{"line":60,"column":53},"end":{"line":60,"column":61}},{"start":{"line":60,"column":64},"end":{"line":60,"column":68}}]}},"code":["/**"," *  Copyright 2013 Wordnik, Inc."," *"," *  Licensed under the Apache License, Version 2.0 (the \"License\");"," *  you may not use this file except in compliance with the License."," *  You may obtain a copy of the License at"," *"," *      http://www.apache.org/licenses/LICENSE-2.0"," *"," *  Unless required by applicable law or agreed to in writing, software"," *  distributed under the License is distributed on an \"AS IS\" BASIS,"," *  WITHOUT WARRANTIES OR CONDITIONS OF ANY KIND, either express or implied."," *  See the License for the specific language governing permissions and"," *  limitations under the License."," */","","'use strict';","","","exports.query = exports.q = function(name, description, type, required, allowableValuesEnum, defaultValue) {","  return {","    'name' : name,","    'description' : description,","    'type' : type,","    'required' : required,","    'enum' : allowableValuesEnum,","    'defaultValue' : defaultValue,","    'paramType' : 'query'","  };","};","","exports.path = function(name, description, type, allowableValuesEnum, defaultValue) {","  return {","    'name' : name,","    'description' : description,","    'type' : type,","    'required' : true,","    'enum' : allowableValuesEnum,","    'paramType' : 'path',","    'defaultValue' : defaultValue","  };","};","","exports.body = function(name, description, type, defaultValue, required) {","  return {","    'name' : name,","    'description' : description,","    'type' : type,","    'required' : required || false,","    'paramType' : 'body',","    'defaultValue' : defaultValue","  };","};","","exports.form = function(name, description, type, required, allowableValuesEnum, defaultValue) {","  return {","    'name' : name,","    'description' : description,","    'type' : type,","    'required' : (typeof required !== 'undefined') ? required : true,","    'enum' : allowableValuesEnum,","    'paramType' : 'form',","    'defaultValue' : defaultValue","  };","};","","exports.header = function(name, description, type, required) {","  return {","    'name' : name,","    'description' : description,","    'type' : type,","    'required' : required,","    'allowMultiple' : false,","    'paramType' : 'header'","  };","};",""],"l":{"20":1,"21":0,"32":1,"33":0,"44":1,"45":0,"55":1,"56":0,"67":1,"68":0}},"/home/travis/build/npmtest/node-npmtest-swagger-node-express/node_modules/swagger-node-express/lib/errorHandling.js":{"path":"/home/travis/build/npmtest/node-npmtest-swagger-node-express/node_modules/swagger-node-express/lib/errorHandling.js","s":{"1":1,"2":1,"3":0},"b":{},"f":{"1":0},"fnMap":{"1":{"name":"error","line":7,"loc":{"start":{"line":7,"column":0},"end":{"line":7,"column":34}}}},"statementMap":{"1":{"start":{"line":3,"column":0},"end":{"line":3,"column":22}},"2":{"start":{"line":7,"column":0},"end":{"line":12,"column":1}},"3":{"start":{"line":8,"column":2},"end":{"line":11,"column":4}}},"branchMap":{},"code":["'use strict';","","exports.error = error;","","// TODO can this be removed?","// Create Error JSON by code and text","function error(code, description) {","  return {","    'code'   : code,","    'message': description","  };","}",""],"l":{"3":1,"7":1,"8":0}},"/home/travis/build/npmtest/node-npmtest-swagger-node-express/node_modules/swagger-node-express/lib/swagger.js":{"path":"/home/travis/build/npmtest/node-npmtest-swagger-node-express/node_modules/swagger-node-express/lib/swagger.js","s":{"1":1,"2":1,"3":1,"4":1,"5":1,"6":1,"7":1,"8":1,"9":1,"10":1,"11":1,"12":1,"13":1,"14":0,"15":1,"16":1,"17":1,"18":1,"19":1,"20":1,"21":1,"22":1,"23":1,"24":1,"25":1,"26":1,"27":1,"28":1,"29":1,"30":1,"31":0,"32":1,"33":0,"34":0,"35":0,"36":0,"37":0,"38":1,"39":0,"40":0,"41":0,"42":0,"43":0,"44":0,"45":0,"46":0,"47":0,"48":1,"49":0,"50":0,"51":1,"52":0,"53":0,"54":0,"55":0,"56":0,"57":0,"58":0,"59":0,"60":0,"61":0,"62":0,"63":0,"64":0,"65":0,"66":0,"67":1,"68":0,"69":0,"70":0,"71":1,"72":0,"73":0,"74":1,"75":0,"76":0,"77":0,"78":0,"79":0,"80":0,"81":0,"82":0,"83":0,"84":0,"85":0,"86":0,"87":0,"88":0,"89":0,"90":0,"91":0,"92":0,"93":0,"94":0,"95":1,"96":0,"97":0,"98":0,"99":0,"100":0,"101":0,"102":0,"103":0,"104":0,"105":0,"106":0,"107":0,"108":0,"109":0,"110":0,"111":0,"112":0,"113":0,"114":0,"115":0,"116":0,"117":0,"118":0,"119":0,"120":0,"121":0,"122":0,"123":0,"124":0,"125":0,"126":0,"127":0,"128":0,"129":0,"130":0,"131":0,"132":0,"133":0,"134":0,"135":0,"136":0,"137":0,"138":0,"139":0,"140":0,"141":0,"142":0,"143":0,"144":0,"145":0,"146":0,"147":0,"148":0,"149":0,"150":0,"151":1,"152":0,"153":0,"154":0,"155":0,"156":0,"157":0,"158":1,"159":0,"160":0,"161":0,"162":0,"163":0,"164":0,"165":0,"166":0,"167":0,"168":1,"169":0,"170":0,"171":0,"172":0,"173":0,"174":1,"175":0,"176":0,"177":0,"178":0,"179":0,"180":0,"181":0,"182":0,"183":0,"184":0,"185":0,"186":0,"187":1,"188":0,"189":0,"190":0,"191":0,"192":0,"193":0,"194":0,"195":0,"196":0,"197":0,"198":0,"199":0,"200":0,"201":0,"202":0,"203":0,"204":0,"205":0,"206":0,"207":0,"208":0,"209":0,"210":0,"211":0,"212":0,"213":0,"214":0,"215":1,"216":0,"217":0,"218":0,"219":1,"220":0,"221":0,"222":0,"223":0,"224":1,"225":0,"226":0,"227":0,"228":0,"229":0,"230":1,"231":0,"232":1,"233":0,"234":1,"235":0,"236":0,"237":1,"238":0,"239":0,"240":1,"241":0,"242":0,"243":1,"244":0,"245":0,"246":1,"247":0,"248":0,"249":1,"250":0,"251":0,"252":0,"253":0,"254":0,"255":0,"256":0,"257":1,"258":0,"259":1,"260":0,"261":0,"262":0,"263":0,"264":1,"265":0,"266":1,"267":0,"268":1,"269":0,"270":0,"271":0,"272":0,"273":0,"274":0,"275":0,"276":0,"277":0,"278":1,"279":0,"280":0,"281":0,"282":0,"283":0,"284":0,"285":0,"286":0,"287":0,"288":0,"289":0,"290":0},"b":{"1":[0,1],"2":[1,1],"3":[0,0],"4":[0,0],"5":[0,0],"6":[0,0],"7":[0,0],"8":[0,0,0,0],"9":[0,0],"10":[0,0],"11":[0,0],"12":[0,0],"13":[0,0],"14":[0,0],"15":[0,0],"16":[0,0],"17":[0,0],"18":[0,0],"19":[0,0],"20":[0,0],"21":[0,0],"22":[0,0],"23":[0,0],"24":[0,0],"25":[0,0],"26":[0,0],"27":[0,0],"28":[0,0],"29":[0,0],"30":[0,0],"31":[0,0],"32":[0,0],"33":[0,0],"34":[0,0],"35":[0,0],"36":[0,0],"37":[0,0],"38":[0,0],"39":[0,0],"40":[0,0],"41":[0,0],"42":[0,0],"43":[0,0],"44":[0,0],"45":[0,0],"46":[0,0],"47":[0,0],"48":[0,0,0],"49":[0,0],"50":[0,0],"51":[0,0],"52":[0,0],"53":[0,0],"54":[0,0],"55":[0,0,0],"56":[0,0],"57":[0,0],"58":[0,0,0],"59":[0,0],"60":[0,0],"61":[0,0],"62":[0,0],"63":[0,0],"64":[0,0],"65":[0,0],"66":[0,0],"67":[0,0]},"f":{"1":1,"2":0,"3":0,"4":0,"5":0,"6":0,"7":0,"8":0,"9":0,"10":0,"11":0,"12":0,"13":0,"14":0,"15":0,"16":0,"17":0,"18":0,"19":0,"20":0,"21":0,"22":0,"23":0,"24":0,"25":0,"26":0,"27":0,"28":0,"29":0,"30":0,"31":0,"32":0,"33":0,"34":0,"35":0,"36":0,"37":0,"38":0,"39":0,"40":0,"41":0,"42":0,"43":0,"44":0,"45":0,"46":0,"47":0,"48":0,"49":0,"50":0,"51":0},"fnMap":{"1":{"name":"Swagger","line":37,"loc":{"start":{"line":37,"column":0},"end":{"line":37,"column":29}}},"2":{"name":"(anonymous_2)","line":68,"loc":{"start":{"line":68,"column":30},"end":{"line":68,"column":50}}},"3":{"name":"(anonymous_3)","line":72,"loc":{"start":{"line":72,"column":42},"end":{"line":72,"column":73}}},"4":{"name":"(anonymous_4)","line":82,"loc":{"start":{"line":82,"column":30},"end":{"line":82,"column":47}}},"5":{"name":"(anonymous_5)","line":94,"loc":{"start":{"line":94,"column":27},"end":{"line":94,"column":47}}},"6":{"name":"(anonymous_6)","line":102,"loc":{"start":{"line":102,"column":31},"end":{"line":102,"column":45}}},"7":{"name":"(anonymous_7)","line":109,"loc":{"start":{"line":109,"column":44},"end":{"line":109,"column":58}}},"8":{"name":"(anonymous_8)","line":111,"loc":{"start":{"line":111,"column":27},"end":{"line":111,"column":52}}},"9":{"name":"(anonymous_9)","line":115,"loc":{"start":{"line":115,"column":18},"end":{"line":115,"column":38}}},"10":{"name":"(anonymous_10)","line":144,"loc":{"start":{"line":144,"column":36},"end":{"line":144,"column":51}}},"11":{"name":"(anonymous_11)","line":150,"loc":{"start":{"line":150,"column":36},"end":{"line":150,"column":51}}},"12":{"name":"(anonymous_12)","line":155,"loc":{"start":{"line":155,"column":50},"end":{"line":155,"column":87}}},"13":{"name":"(anonymous_13)","line":157,"loc":{"start":{"line":157,"column":23},"end":{"line":157,"column":43}}},"14":{"name":"(anonymous_14)","line":195,"loc":{"start":{"line":195,"column":37},"end":{"line":195,"column":59}}},"15":{"name":"(anonymous_15)","line":206,"loc":{"start":{"line":206,"column":19},"end":{"line":206,"column":34}}},"16":{"name":"(anonymous_16)","line":234,"loc":{"start":{"line":234,"column":17},"end":{"line":234,"column":32}}},"17":{"name":"(anonymous_17)","line":238,"loc":{"start":{"line":238,"column":29},"end":{"line":238,"column":50}}},"18":{"name":"(anonymous_18)","line":263,"loc":{"start":{"line":263,"column":27},"end":{"line":263,"column":48}}},"19":{"name":"(anonymous_19)","line":271,"loc":{"start":{"line":271,"column":26},"end":{"line":271,"column":43}}},"20":{"name":"(anonymous_20)","line":276,"loc":{"start":{"line":276,"column":27},"end":{"line":276,"column":48}}},"21":{"name":"(anonymous_21)","line":292,"loc":{"start":{"line":292,"column":38},"end":{"line":292,"column":66}}},"22":{"name":"(anonymous_22)","line":295,"loc":{"start":{"line":295,"column":35},"end":{"line":295,"column":52}}},"23":{"name":"(anonymous_23)","line":306,"loc":{"start":{"line":306,"column":42},"end":{"line":306,"column":70}}},"24":{"name":"(anonymous_24)","line":326,"loc":{"start":{"line":326,"column":38},"end":{"line":326,"column":66}}},"25":{"name":"(anonymous_25)","line":343,"loc":{"start":{"line":343,"column":36},"end":{"line":343,"column":55}}},"26":{"name":"(anonymous_26)","line":357,"loc":{"start":{"line":357,"column":27},"end":{"line":357,"column":49}}},"27":{"name":"(anonymous_27)","line":371,"loc":{"start":{"line":371,"column":30},"end":{"line":371,"column":60}}},"28":{"name":"(anonymous_28)","line":378,"loc":{"start":{"line":378,"column":24},"end":{"line":378,"column":39}}},"29":{"name":"(anonymous_29)","line":413,"loc":{"start":{"line":413,"column":33},"end":{"line":413,"column":59}}},"30":{"name":"(anonymous_30)","line":436,"loc":{"start":{"line":436,"column":34},"end":{"line":436,"column":48}}},"31":{"name":"(anonymous_31)","line":445,"loc":{"start":{"line":445,"column":32},"end":{"line":445,"column":57}}},"32":{"name":"(anonymous_32)","line":447,"loc":{"start":{"line":447,"column":21},"end":{"line":447,"column":40}}},"33":{"name":"(anonymous_33)","line":455,"loc":{"start":{"line":455,"column":29},"end":{"line":455,"column":48}}},"34":{"name":"(anonymous_34)","line":457,"loc":{"start":{"line":457,"column":21},"end":{"line":457,"column":45}}},"35":{"name":"(anonymous_35)","line":467,"loc":{"start":{"line":467,"column":35},"end":{"line":467,"column":53}}},"36":{"name":"(anonymous_36)","line":474,"loc":{"start":{"line":474,"column":33},"end":{"line":474,"column":48}}},"37":{"name":"(anonymous_37)","line":480,"loc":{"start":{"line":480,"column":54},"end":{"line":480,"column":65}}},"38":{"name":"(anonymous_38)","line":487,"loc":{"start":{"line":487,"column":56},"end":{"line":487,"column":67}}},"39":{"name":"(anonymous_39)","line":494,"loc":{"start":{"line":494,"column":60},"end":{"line":494,"column":71}}},"40":{"name":"(anonymous_40)","line":501,"loc":{"start":{"line":501,"column":54},"end":{"line":501,"column":65}}},"41":{"name":"(anonymous_41)","line":508,"loc":{"start":{"line":508,"column":58},"end":{"line":508,"column":69}}},"42":{"name":"(anonymous_42)","line":515,"loc":{"start":{"line":515,"column":30},"end":{"line":515,"column":47}}},"43":{"name":"(anonymous_43)","line":521,"loc":{"start":{"line":521,"column":21},"end":{"line":521,"column":43}}},"44":{"name":"(anonymous_44)","line":528,"loc":{"start":{"line":528,"column":33},"end":{"line":528,"column":45}}},"45":{"name":"(anonymous_45)","line":533,"loc":{"start":{"line":533,"column":34},"end":{"line":533,"column":55}}},"46":{"name":"(anonymous_46)","line":544,"loc":{"start":{"line":544,"column":31},"end":{"line":544,"column":46}}},"47":{"name":"(anonymous_47)","line":548,"loc":{"start":{"line":548,"column":38},"end":{"line":548,"column":53}}},"48":{"name":"(anonymous_48)","line":554,"loc":{"start":{"line":554,"column":14},"end":{"line":554,"column":36}}},"49":{"name":"(anonymous_49)","line":567,"loc":{"start":{"line":567,"column":13},"end":{"line":567,"column":35}}},"50":{"name":"(anonymous_50)","line":580,"loc":{"start":{"line":580,"column":15},"end":{"line":580,"column":30}}},"51":{"name":"(anonymous_51)","line":595,"loc":{"start":{"line":595,"column":41},"end":{"line":595,"column":69}}}},"statementMap":{"1":{"start":{"line":19,"column":0},"end":{"line":19,"column":26}},"2":{"start":{"line":20,"column":0},"end":{"line":20,"column":63}},"3":{"start":{"line":21,"column":0},"end":{"line":21,"column":65}},"4":{"start":{"line":22,"column":0},"end":{"line":22,"column":41}},"5":{"start":{"line":23,"column":0},"end":{"line":23,"column":45}},"6":{"start":{"line":24,"column":0},"end":{"line":24,"column":51}},"7":{"start":{"line":25,"column":0},"end":{"line":25,"column":32}},"8":{"start":{"line":26,"column":0},"end":{"line":26,"column":46}},"9":{"start":{"line":27,"column":0},"end":{"line":27,"column":37}},"10":{"start":{"line":31,"column":0},"end":{"line":31,"column":41}},"11":{"start":{"line":35,"column":0},"end":{"line":35,"column":41}},"12":{"start":{"line":37,"column":0},"end":{"line":62,"column":1}},"13":{"start":{"line":39,"column":2},"end":{"line":41,"column":3}},"14":{"start":{"line":40,"column":4},"end":{"line":40,"column":35}},"15":{"start":{"line":43,"column":2},"end":{"line":43,"column":34}},"16":{"start":{"line":44,"column":2},"end":{"line":44,"column":54}},"17":{"start":{"line":45,"column":2},"end":{"line":45,"column":28}},"18":{"start":{"line":46,"column":2},"end":{"line":46,"column":22}},"19":{"start":{"line":47,"column":2},"end":{"line":47,"column":22}},"20":{"start":{"line":48,"column":2},"end":{"line":48,"column":29}},"21":{"start":{"line":49,"column":2},"end":{"line":49,"column":30}},"22":{"start":{"line":50,"column":2},"end":{"line":50,"column":26}},"23":{"start":{"line":51,"column":2},"end":{"line":51,"column":22}},"24":{"start":{"line":52,"column":2},"end":{"line":52,"column":23}},"25":{"start":{"line":53,"column":2},"end":{"line":53,"column":39}},"26":{"start":{"line":54,"column":2},"end":{"line":54,"column":22}},"27":{"start":{"line":55,"column":2},"end":{"line":55,"column":27}},"28":{"start":{"line":58,"column":2},"end":{"line":58,"column":34}},"29":{"start":{"line":61,"column":2},"end":{"line":61,"column":40}},"30":{"start":{"line":68,"column":0},"end":{"line":70,"column":2}},"31":{"start":{"line":69,"column":2},"end":{"line":69,"column":33}},"32":{"start":{"line":72,"column":0},"end":{"line":77,"column":2}},"33":{"start":{"line":73,"column":2},"end":{"line":73,"column":48}},"34":{"start":{"line":73,"column":30},"end":{"line":73,"column":48}},"35":{"start":{"line":74,"column":2},"end":{"line":74,"column":29}},"36":{"start":{"line":75,"column":2},"end":{"line":75,"column":27}},"37":{"start":{"line":76,"column":2},"end":{"line":76,"column":27}},"38":{"start":{"line":82,"column":0},"end":{"line":98,"column":2}},"39":{"start":{"line":83,"column":2},"end":{"line":83,"column":18}},"40":{"start":{"line":84,"column":2},"end":{"line":84,"column":21}},"41":{"start":{"line":85,"column":2},"end":{"line":85,"column":23}},"42":{"start":{"line":86,"column":2},"end":{"line":86,"column":48}},"43":{"start":{"line":89,"column":2},"end":{"line":89,"column":59}},"44":{"start":{"line":90,"column":2},"end":{"line":90,"column":102}},"45":{"start":{"line":94,"column":2},"end":{"line":97,"column":5}},"46":{"start":{"line":95,"column":4},"end":{"line":95,"column":29}},"47":{"start":{"line":96,"column":4},"end":{"line":96,"column":27}},"48":{"start":{"line":102,"column":0},"end":{"line":105,"column":2}},"49":{"start":{"line":103,"column":2},"end":{"line":103,"column":70}},"50":{"start":{"line":104,"column":2},"end":{"line":104,"column":64}},"51":{"start":{"line":109,"column":0},"end":{"line":142,"column":2}},"52":{"start":{"line":110,"column":2},"end":{"line":110,"column":18}},"53":{"start":{"line":111,"column":2},"end":{"line":141,"column":5}},"54":{"start":{"line":114,"column":4},"end":{"line":114,"column":41}},"55":{"start":{"line":115,"column":4},"end":{"line":140,"column":7}},"56":{"start":{"line":119,"column":6},"end":{"line":119,"column":58}},"57":{"start":{"line":123,"column":6},"end":{"line":123,"column":84}},"58":{"start":{"line":124,"column":6},"end":{"line":139,"column":7}},"59":{"start":{"line":125,"column":8},"end":{"line":125,"column":48}},"60":{"start":{"line":126,"column":8},"end":{"line":129,"column":11}},"61":{"start":{"line":131,"column":8},"end":{"line":131,"column":29}},"62":{"start":{"line":132,"column":8},"end":{"line":132,"column":54}},"63":{"start":{"line":133,"column":8},"end":{"line":133,"column":38}},"64":{"start":{"line":134,"column":8},"end":{"line":138,"column":9}},"65":{"start":{"line":135,"column":10},"end":{"line":135,"column":36}},"66":{"start":{"line":137,"column":10},"end":{"line":137,"column":41}},"67":{"start":{"line":144,"column":0},"end":{"line":148,"column":2}},"68":{"start":{"line":145,"column":2},"end":{"line":145,"column":72}},"69":{"start":{"line":146,"column":2},"end":{"line":146,"column":59}},"70":{"start":{"line":147,"column":2},"end":{"line":147,"column":11}},"71":{"start":{"line":150,"column":0},"end":{"line":153,"column":2}},"72":{"start":{"line":151,"column":2},"end":{"line":151,"column":116}},"73":{"start":{"line":152,"column":2},"end":{"line":152,"column":11}},"74":{"start":{"line":155,"column":0},"end":{"line":190,"column":2}},"75":{"start":{"line":156,"column":2},"end":{"line":156,"column":18}},"76":{"start":{"line":157,"column":2},"end":{"line":189,"column":5}},"77":{"start":{"line":158,"column":4},"end":{"line":158,"column":29}},"78":{"start":{"line":159,"column":4},"end":{"line":185,"column":5}},"79":{"start":{"line":160,"column":6},"end":{"line":178,"column":7}},"80":{"start":{"line":162,"column":8},"end":{"line":168,"column":9}},"81":{"start":{"line":163,"column":10},"end":{"line":163,"column":40}},"82":{"start":{"line":164,"column":10},"end":{"line":167,"column":11}},"83":{"start":{"line":165,"column":12},"end":{"line":165,"column":37}},"84":{"start":{"line":166,"column":12},"end":{"line":166,"column":95}},"85":{"start":{"line":169,"column":8},"end":{"line":169,"column":14}},"86":{"start":{"line":172,"column":8},"end":{"line":172,"column":14}},"87":{"start":{"line":174,"column":8},"end":{"line":176,"column":9}},"88":{"start":{"line":175,"column":10},"end":{"line":175,"column":36}},"89":{"start":{"line":177,"column":8},"end":{"line":177,"column":14}},"90":{"start":{"line":181,"column":6},"end":{"line":184,"column":7}},"91":{"start":{"line":182,"column":8},"end":{"line":182,"column":43}},"92":{"start":{"line":183,"column":8},"end":{"line":183,"column":101}},"93":{"start":{"line":186,"column":4},"end":{"line":188,"column":5}},"94":{"start":{"line":187,"column":6},"end":{"line":187,"column":78}},"95":{"start":{"line":195,"column":0},"end":{"line":286,"column":2}},"96":{"start":{"line":196,"column":2},"end":{"line":196,"column":18}},"97":{"start":{"line":197,"column":2},"end":{"line":197,"column":25}},"98":{"start":{"line":199,"column":2},"end":{"line":204,"column":3}},"99":{"start":{"line":200,"column":4},"end":{"line":203,"column":7}},"100":{"start":{"line":206,"column":2},"end":{"line":217,"column":5}},"101":{"start":{"line":207,"column":4},"end":{"line":216,"column":5}},"102":{"start":{"line":208,"column":6},"end":{"line":210,"column":7}},"103":{"start":{"line":209,"column":8},"end":{"line":209,"column":17}},"104":{"start":{"line":211,"column":6},"end":{"line":211,"column":37}},"105":{"start":{"line":212,"column":6},"end":{"line":212,"column":79}},"106":{"start":{"line":213,"column":6},"end":{"line":215,"column":7}},"107":{"start":{"line":214,"column":8},"end":{"line":214,"column":55}},"108":{"start":{"line":220,"column":2},"end":{"line":220,"column":31}},"109":{"start":{"line":223,"column":2},"end":{"line":223,"column":55}},"110":{"start":{"line":223,"column":17},"end":{"line":223,"column":55}},"111":{"start":{"line":224,"column":2},"end":{"line":224,"column":55}},"112":{"start":{"line":224,"column":17},"end":{"line":224,"column":55}},"113":{"start":{"line":225,"column":2},"end":{"line":225,"column":73}},"114":{"start":{"line":225,"column":23},"end":{"line":225,"column":73}},"115":{"start":{"line":226,"column":2},"end":{"line":226,"column":58}},"116":{"start":{"line":226,"column":18},"end":{"line":226,"column":58}},"117":{"start":{"line":229,"column":2},"end":{"line":229,"column":26}},"118":{"start":{"line":232,"column":2},"end":{"line":232,"column":19}},"119":{"start":{"line":233,"column":2},"end":{"line":233,"column":48}},"120":{"start":{"line":234,"column":2},"end":{"line":259,"column":5}},"121":{"start":{"line":235,"column":4},"end":{"line":235,"column":38}},"122":{"start":{"line":237,"column":4},"end":{"line":237,"column":30}},"123":{"start":{"line":238,"column":4},"end":{"line":254,"column":7}},"124":{"start":{"line":239,"column":6},"end":{"line":253,"column":7}},"125":{"start":{"line":240,"column":8},"end":{"line":240,"column":55}},"126":{"start":{"line":241,"column":8},"end":{"line":241,"column":23}},"127":{"start":{"line":243,"column":8},"end":{"line":243,"column":39}},"128":{"start":{"line":244,"column":8},"end":{"line":249,"column":9}},"129":{"start":{"line":245,"column":10},"end":{"line":248,"column":11}},"130":{"start":{"line":246,"column":12},"end":{"line":246,"column":26}},"131":{"start":{"line":247,"column":12},"end":{"line":247,"column":30}},"132":{"start":{"line":250,"column":8},"end":{"line":250,"column":38}},"133":{"start":{"line":251,"column":8},"end":{"line":251,"column":58}},"134":{"start":{"line":252,"column":8},"end":{"line":252,"column":62}},"135":{"start":{"line":256,"column":4},"end":{"line":258,"column":5}},"136":{"start":{"line":257,"column":6},"end":{"line":257,"column":34}},"137":{"start":{"line":262,"column":2},"end":{"line":262,"column":21}},"138":{"start":{"line":263,"column":2},"end":{"line":268,"column":5}},"139":{"start":{"line":264,"column":4},"end":{"line":264,"column":42}},"140":{"start":{"line":265,"column":4},"end":{"line":267,"column":5}},"141":{"start":{"line":266,"column":6},"end":{"line":266,"column":39}},"142":{"start":{"line":271,"column":2},"end":{"line":275,"column":5}},"143":{"start":{"line":272,"column":4},"end":{"line":274,"column":5}},"144":{"start":{"line":273,"column":6},"end":{"line":273,"column":75}},"145":{"start":{"line":276,"column":2},"end":{"line":283,"column":5}},"146":{"start":{"line":277,"column":4},"end":{"line":282,"column":5}},"147":{"start":{"line":278,"column":6},"end":{"line":278,"column":44}},"148":{"start":{"line":279,"column":6},"end":{"line":281,"column":7}},"149":{"start":{"line":280,"column":8},"end":{"line":280,"column":41}},"150":{"start":{"line":285,"column":2},"end":{"line":285,"column":16}},"151":{"start":{"line":292,"column":0},"end":{"line":302,"column":2}},"152":{"start":{"line":293,"column":2},"end":{"line":293,"column":18}},"153":{"start":{"line":294,"column":2},"end":{"line":301,"column":3}},"154":{"start":{"line":295,"column":4},"end":{"line":300,"column":7}},"155":{"start":{"line":296,"column":6},"end":{"line":299,"column":7}},"156":{"start":{"line":297,"column":8},"end":{"line":297,"column":72}},"157":{"start":{"line":298,"column":8},"end":{"line":298,"column":27}},"158":{"start":{"line":306,"column":0},"end":{"line":320,"column":2}},"159":{"start":{"line":307,"column":2},"end":{"line":307,"column":37}},"160":{"start":{"line":308,"column":2},"end":{"line":319,"column":3}},"161":{"start":{"line":309,"column":4},"end":{"line":309,"column":32}},"162":{"start":{"line":310,"column":4},"end":{"line":314,"column":5}},"163":{"start":{"line":311,"column":6},"end":{"line":311,"column":30}},"164":{"start":{"line":312,"column":11},"end":{"line":314,"column":5}},"165":{"start":{"line":313,"column":6},"end":{"line":313,"column":30}},"166":{"start":{"line":317,"column":7},"end":{"line":319,"column":3}},"167":{"start":{"line":318,"column":4},"end":{"line":318,"column":31}},"168":{"start":{"line":326,"column":0},"end":{"line":334,"column":2}},"169":{"start":{"line":327,"column":2},"end":{"line":332,"column":3}},"170":{"start":{"line":328,"column":4},"end":{"line":328,"column":39}},"171":{"start":{"line":329,"column":4},"end":{"line":331,"column":5}},"172":{"start":{"line":330,"column":6},"end":{"line":330,"column":19}},"173":{"start":{"line":333,"column":2},"end":{"line":333,"column":14}},"174":{"start":{"line":343,"column":0},"end":{"line":367,"column":2}},"175":{"start":{"line":344,"column":2},"end":{"line":344,"column":18}},"176":{"start":{"line":345,"column":2},"end":{"line":349,"column":4}},"177":{"start":{"line":351,"column":2},"end":{"line":352,"column":43}},"178":{"start":{"line":352,"column":4},"end":{"line":352,"column":43}},"179":{"start":{"line":354,"column":2},"end":{"line":355,"column":26}},"180":{"start":{"line":355,"column":4},"end":{"line":355,"column":26}},"181":{"start":{"line":357,"column":2},"end":{"line":363,"column":5}},"182":{"start":{"line":358,"column":4},"end":{"line":358,"column":53}},"183":{"start":{"line":359,"column":4},"end":{"line":362,"column":7}},"184":{"start":{"line":364,"column":2},"end":{"line":364,"column":23}},"185":{"start":{"line":365,"column":2},"end":{"line":365,"column":31}},"186":{"start":{"line":366,"column":2},"end":{"line":366,"column":12}},"187":{"start":{"line":371,"column":0},"end":{"line":431,"column":2}},"188":{"start":{"line":372,"column":2},"end":{"line"
[...]
  return textArea.val(this.model.sampleJSON);","        }","      }","    };","","    return SignatureView;","","  })(Backbone.View);","","  ContentTypeView = (function(_super) {","    __extends(ContentTypeView, _super);","","    function ContentTypeView() {","      _ref8 = ContentTypeView.__super__.constructor.apply(this, arguments);","      return _ref8;","    }","","    ContentTypeView.prototype.initialize = function() {};","","    ContentTypeView.prototype.render = function() {","      var template;","      template = this.template();","      $(this.el).html(template(this.model));","      $('label[for=contentType]', $(this.el)).text('Response Content Type');","      return this;","    };","","    ContentTypeView.prototype.template = function() {","      return Handlebars.templates.content_type;","    };","","    return ContentTypeView;","","  })(Backbone.View);","","  ResponseContentTypeView = (function(_super) {","    __extends(ResponseContentTypeView, _super);","","    function ResponseContentTypeView() {","      _ref9 = ResponseContentTypeView.__super__.constructor.apply(this, arguments);","      return _ref9;","    }","","    ResponseContentTypeView.prototype.initialize = function() {};","","    ResponseContentTypeView.prototype.render = function() {","      var template;","      template = this.template();","      $(this.el).html(template(this.model));","      $('label[for=responseContentType]', $(this.el)).text('Response Content Type');","      return this;","    };","","    ResponseContentTypeView.prototype.template = function() {","      return Handlebars.templates.response_content_type;","    };","","    return ResponseContentTypeView;","","  })(Backbone.View);","","  ParameterContentTypeView = (function(_super) {","    __extends(ParameterContentTypeView, _super);","","    function ParameterContentTypeView() {","      _ref10 = ParameterContentTypeView.__super__.constructor.apply(this, arguments);","      return _ref10;","    }","","    ParameterContentTypeView.prototype.initialize = function() {};","","    ParameterContentTypeView.prototype.render = function() {","      var template;","      template = this.template();","      $(this.el).html(template(this.model));","      $('label[for=parameterContentType]', $(this.el)).text('Parameter content type:');","      return this;","    };","","    ParameterContentTypeView.prototype.template = function() {","      return Handlebars.templates.parameter_content_type;","    };","","    return ParameterContentTypeView;","","  })(Backbone.View);","","  ApiKeyButton = (function(_super) {","    __extends(ApiKeyButton, _super);","","    function ApiKeyButton() {","      _ref11 = ApiKeyButton.__super__.constructor.apply(this, arguments);","      return _ref11;","    }","","    ApiKeyButton.prototype.initialize = function() {};","","    ApiKeyButton.prototype.render = function() {","      var template;","      template = this.template();","      $(this.el).html(template(this.model));","      return this;","    };","","    ApiKeyButton.prototype.events = {","      \"click #apikey_button\": \"toggleApiKeyContainer\",","      \"click #apply_api_key\": \"applyApiKey\"","    };","","    ApiKeyButton.prototype.applyApiKey = function() {","      var elem;","      window.authorizations.add(this.model.name, new ApiKeyAuthorization(this.model.name, $(\"#input_apiKey_entry\").val(), this.model[\"in\"]));","      window.swaggerUi.load();","      return elem = $('#apikey_container').show();","    };","","    ApiKeyButton.prototype.toggleApiKeyContainer = function() {","      var elem;","      if ($('#apikey_container').length > 0) {","        elem = $('#apikey_container').first();","        if (elem.is(':visible')) {","          return elem.hide();","        } else {","          $('.auth_container').hide();","          return elem.show();","        }","      }","    };","","    ApiKeyButton.prototype.template = function() {","      return Handlebars.templates.apikey_button_view;","    };","","    return ApiKeyButton;","","  })(Backbone.View);","","  BasicAuthButton = (function(_super) {","    __extends(BasicAuthButton, _super);","","    function BasicAuthButton() {","      _ref12 = BasicAuthButton.__super__.constructor.apply(this, arguments);","      return _ref12;","    }","","    BasicAuthButton.prototype.initialize = function() {};","","    BasicAuthButton.prototype.render = function() {","      var template;","      template = this.template();","      $(this.el).html(template(this.model));","      return this;","    };","","    BasicAuthButton.prototype.events = {","      \"click #basic_auth_button\": \"togglePasswordContainer\",","      \"click #apply_basic_auth\": \"applyPassword\"","    };","","    BasicAuthButton.prototype.applyPassword = function() {","      var elem, password, username;","      console.log(\"applying password\");","      username = $(\".input_username\").val();","      password = $(\".input_password\").val();","      window.authorizations.add(this.model.type, new PasswordAuthorization(\"basic\", username, password));","      window.swaggerUi.load();","      return elem = $('#basic_auth_container').hide();","    };","","    BasicAuthButton.prototype.togglePasswordContainer = function() {","      var elem;","      if ($('#basic_auth_container').length > 0) {","        elem = $('#basic_auth_container').show();","        if (elem.is(':visible')) {","          return elem.slideUp();","        } else {","          $('.auth_container').hide();","          return elem.show();","        }","      }","    };","","    BasicAuthButton.prototype.template = function() {","      return Handlebars.templates.basic_auth_button_view;","    };","","    return BasicAuthButton;","","  })(Backbone.View);","","}).call(this);",""],"l":{"3":2,"7":0,"8":0,"9":0,"10":0,"11":0,"12":0,"16":0,"17":0,"18":0,"19":0,"20":0,"21":0,"25":0,"29":0,"32":0,"34":0,"37":0,"40":0,"43":0,"44":0,"45":0,"46":0,"51":0,"56":1,"57":0,"67":0,"68":0,"69":0,"70":0,"71":0,"76":0,"77":0,"80":0,"84":0,"90":0,"91":0,"93":0,"96":0,"98":0,"99":0,"100":0,"105":0,"106":0,"109":0,"110":0,"113":0,"114":0,"115":0,"121":0,"122":0,"123":0,"125":0,"131":0,"132":0,"133":0,"134":0,"137":0,"139":0,"140":0,"145":0,"146":0,"148":0,"149":0,"154":0,"156":0,"157":0,"158":0,"161":0,"162":0,"168":0,"170":0,"171":0,"176":0,"180":0,"184":0,"186":0,"187":0,"188":0,"189":0,"190":0,"191":0,"194":0,"195":0,"196":0,"197":0,"199":0,"203":0,"204":0,"205":0,"206":0,"207":0,"211":0,"215":0,"216":0,"217":0,"218":0,"219":0,"220":0,"222":1,"224":0,"225":0,"226":0,"227":0,"228":0,"229":0,"231":1,"233":0,"234":0,"235":0,"236":0,"237":0,"238":0,"239":0,"240":0,"241":0,"244":1,"247":0,"250":0,"251":0,"252":0,"253":0,"254":0,"258":0,"259":0,"260":0,"261":0,"262":0,"263":0,"265":1,"267":0,"268":0,"271":0,"272":0,"273":0,"274":0,"275":0,"276":0,"277":0,"278":0,"279":0,"280":0,"281":0,"282":0,"283":0,"285":1,"287":0,"288":0,"291":0,"294":1,"296":0,"297":0,"300":0,"303":1,"305":0,"306":0,"311":0,"314":1,"316":0,"317":0,"320":0,"323":1,"325":0,"326":0,"327":0,"328":0,"329":0,"331":0,"332":0,"333":0,"335":0,"336":0,"337":0,"339":0,"340":0,"341":0,"343":0,"346":0,"347":0,"348":0,"349":0,"350":0,"351":0,"352":0,"354":0,"355":0,"356":0,"357":0,"358":0,"359":0,"360":0,"364":0,"365":0,"366":0,"367":0,"368":0,"369":0,"371":1,"374":0,"377":1,"380":0,"383":1,"385":0,"386":0,"387":0,"388":0,"389":0,"390":0,"391":0,"394":1,"397":0,"400":1,"402":0,"403":0,"404":0,"405":0,"406":0,"407":0,"409":1,"411":0,"412":0,"413":0,"414":0,"415":0,"418":0,"421":1,"424":0,"427":1,"430":0,"433":1,"436":0,"439":1,"442":0,"445":1,"448":0,"451":1,"454":0,"457":1,"460":0,"463":0,"464":0,"465":0,"466":0,"468":0,"469":0,"470":0,"472":0,"473":0,"474":0,"476":0,"477":0,"478":0,"480":0,"481":0,"482":0,"484":0,"485":0,"486":0,"488":0,"489":0,"490":0,"492":0,"493":0,"494":0,"496":0,"497":0,"498":0,"499":0,"500":0,"501":0,"503":0,"504":0,"505":0,"507":0,"508":0,"509":0,"511":0,"512":0,"513":0,"514":0,"515":0,"516":0,"517":0,"519":0,"520":0,"521":0,"523":0,"524":0,"525":0,"526":0,"527":0,"528":0,"529":0,"530":0,"531":0,"532":0,"533":0,"534":0,"535":0,"536":0,"537":0,"538":0,"539":0,"540":0,"541":0,"542":0,"543":0,"544":0,"545":0,"546":0,"547":0,"548":0,"549":0,"550":0,"551":0,"552":0,"553":0,"554":0,"555":0,"556":0,"557":0,"558":0,"559":0,"560":0,"561":0,"562":0,"566":0,"567":0,"568":0,"569":0,"570":0,"571":0,"573":1,"575":0,"576":0,"577":0,"578":0,"579":0,"580":0,"582":1,"584":0,"585":0,"586":0,"587":0,"588":0,"590":0,"593":1,"595":0,"596":0,"597":0,"598":0,"599":0,"600":0,"602":1,"604":0,"605":0,"606":0,"607":0,"608":0,"610":0,"611":0,"612":0,"614":0,"617":1,"619":0,"620":0,"621":0,"622":0,"623":0,"625":0,"628":1,"630":0,"631":0,"632":0,"633":0,"634":0,"635":0,"637":1,"639":0,"640":0,"641":0,"642":0,"643":0,"644":0,"646":1,"648":0,"649":0,"650":0,"651":0,"652":0,"654":0,"655":0,"656":0,"658":0,"661":1,"663":0,"664":0,"665":0,"666":0,"667":0,"669":0,"672":0,"673":0,"674":0,"675":0,"677":0,"678":0,"679":0,"680":0,"681":0,"682":0,"683":0,"684":0,"685":0,"686":0,"687":0,"688":0,"692":0,"693":0,"694":0,"695":0,"696":0,"697":0,"699":1,"702":0,"705":1,"708":0,"711":1,"713":0,"714":0,"715":0,"716":0,"717":0,"718":0,"720":1,"723":0,"726":1,"728":0,"729":0,"730":0,"731":0,"732":0,"733":0,"734":0,"736":1,"739":0,"742":1,"745":0,"748":1,"750":0,"751":0,"752":0,"753":0,"754":0,"755":0,"757":1,"759":0,"760":0,"761":0,"762":0,"763":0,"765":0,"766":0,"767":0,"769":0,"772":1,"774":0,"775":0,"776":0,"777":0,"778":0,"780":0,"781":0,"782":0,"784":0,"787":0,"788":0,"789":0,"790":0,"792":0,"793":0,"794":0,"795":0,"796":0,"797":0,"798":0,"800":0,"801":0,"802":0,"803":0,"804":0,"805":0,"806":0,"807":0,"808":0,"809":0,"810":0,"811":0,"812":0,"813":0,"814":0,"818":0,"819":0,"820":0,"821":0,"822":0,"823":0,"825":1,"827":0,"828":0,"829":0,"830":0,"831":0,"833":0,"834":0,"835":0,"837":0,"840":1,"842":0,"843":0,"844":0,"845":0,"846":0,"847":0,"849":1,"851":0,"852":0,"853":0,"854":0,"855":0,"857":0,"860":1,"863":0,"866":0,"867":0,"868":0,"869":0,"871":0,"872":0,"873":0,"874":0,"875":0,"876":0,"877":0,"878":0,"879":0,"880":0,"881":0,"882":0,"886":0,"887":0,"888":0,"889":0,"890":0,"891":0,"893":1,"895":0,"896":0,"897":0,"898":0,"899":0,"901":0,"902":0,"903":0,"905":0,"908":1,"910":0,"911":0,"912":0,"913":0,"914":0,"915":0,"917":1,"919":0,"920":0,"921":0,"922":0,"923":0,"925":0,"928":1,"931":0,"934":0,"935":0,"936":0,"937":0,"939":0,"940":0,"941":0,"942":0,"943":0,"944":0,"945":0,"946":0,"947":0,"948":0,"949":0,"950":0,"954":0,"955":0,"956":0,"957":0,"958":0,"959":0,"961":1,"963":0,"964":0,"965":0,"966":0,"967":0,"968":0,"970":1,"972":0,"973":0,"974":0,"975":0,"976":0,"978":0,"981":1,"983":0,"984":0,"985":0,"986":0,"987":0,"988":0,"990":1,"992":0,"993":0,"994":0,"995":0,"996":0,"998":0,"999":0,"1000":0,"1002":0,"1005":1,"1007":0,"1008":0,"1009":0,"1010":0,"1011":0,"1013":0,"1016":1,"1018":0,"1019":0,"1020":0,"1021":0,"1022":0,"1023":0,"1025":1,"1027":0,"1028":0,"1029":0,"1030":0,"1031":0,"1033":0,"1036":1,"1038":0,"1039":0,"1040":0,"1041":0,"1042":0,"1043":0,"1045":1,"1047":0,"1048":0,"1049":0,"1050":0,"1051":0,"1053":0,"1054":0,"1055":0,"1057":0,"1060":1,"1062":0,"1063":0,"1064":0,"1065":0,"1066":0,"1068":0,"1071":0,"1072":0,"1073":0,"1074":0,"1076":0,"1077":0,"1078":0,"1079":0,"1080":0,"1081":0,"1082":0,"1083":0,"1084":0,"1085":0,"1086":0,"1087":0,"1091":0,"1092":0,"1093":0,"1094":0,"1095":0,"1096":0,"1098":1,"1100":0,"1101":0,"1102":0,"1103":0,"1104":0,"1105":0,"1107":1,"1109":0,"1110":0,"1111":0,"1112":0,"1113":0,"1114":0,"1115":0,"1116":0,"1117":0,"1120":1,"1123":0,"1126":0,"1127":0,"1128":0,"1129":0,"1130":0,"1134":0,"1135":0,"1136":0,"1137":0,"1138":0,"1139":0,"1141":1,"1144":0,"1147":1,"1149":0,"1150":0,"1151":0,"1152":0,"1153":0,"1155":0,"1158":0,"1159":0,"1160":0,"1161":0,"1163":0,"1164":0,"1165":0,"1167":0,"1168":0,"1169":0,"1171":0,"1172":0,"1173":0,"1174":0,"1175":0,"1176":0,"1177":0,"1178":0,"1179":0,"1180":0,"1181":0,"1182":0,"1184":0,"1185":0,"1186":0,"1188":0,"1189":0,"1190":0,"1192":0,"1193":0,"1194":0,"1196":0,"1197":0,"1198":0,"1200":0,"1201":0,"1202":0,"1203":0,"1204":0,"1205":0,"1206":0,"1207":0,"1208":0,"1210":0,"1214":0,"1215":0,"1216":0,"1217":0,"1218":0,"1219":0,"1221":1,"1223":0,"1224":0,"1225":0,"1226":0,"1227":0,"1228":0,"1230":1,"1232":0,"1233":0,"1234":0,"1235":0,"1236":0,"1237":0,"1238":0,"1239":0,"1240":0,"1243":1,"1246":0,"1249":0,"1250":0,"1251":0,"1252":0,"1253":0,"1257":0,"1258":0,"1259":0,"1260":0,"1261":0,"1262":0,"1265":0,"1266":0,"1267":0,"1268":0,"1269":0,"1270":0,"1271":0,"1272":0,"1274":0,"1278":0,"1279":0,"1280":0,"1281":0,"1282":0,"1283":0,"1286":0,"1287":0,"1288":0,"1289":0,"1291":0,"1292":0,"1293":0,"1294":0,"1295":0,"1302":0,"1303":0,"1305":1,"1307":0,"1308":0,"1310":1,"1311":0,"1312":0,"1315":0,"1317":0,"1319":0,"1321":0,"1323":0,"1325":0,"1326":0,"1327":0,"1328":0,"1330":0,"1331":0,"1332":0,"1334":0,"1335":0,"1337":0,"1338":0,"1339":0,"1341":0,"1342":0,"1344":0,"1345":0,"1346":0,"1347":0,"1348":0,"1350":0,"1353":0,"1356":0,"1357":0,"1361":0,"1362":0,"1365":0,"1366":0,"1369":0,"1370":0,"1371":0,"1374":0,"1375":0,"1376":0,"1377":0,"1379":0,"1380":0,"1381":0,"1383":0,"1384":0,"1385":0,"1386":0,"1389":0,"1390":0,"1391":0,"1392":0,"1397":0,"1398":0,"1400":0,"1401":0,"1403":0,"1405":0,"1406":0,"1408":0,"1409":0,"1413":0,"1414":0,"1415":0,"1416":0,"1417":0,"1418":0,"1419":0,"1421":0,"1422":0,"1423":0,"1425":0,"1426":0,"1428":0,"1429":0,"1430":0,"1432":0,"1436":0,"1437":0,"1438":0,"1440":0,"1441":0,"1442":0,"1445":0,"1446":0,"1447":0,"1448":0,"1450":0,"1451":0,"1452":0,"1453":0,"1454":0,"1456":0,"1459":0,"1463":0,"1465":0,"1466":0,"1468":1,"1469":0,"1470":0,"1473":0,"1481":0,"1483":0,"1484":0,"1489":0,"1490":0,"1495":0,"1496":0,"1497":0,"1501":0,"1502":0,"1503":0,"1505":0,"1511":0,"1512":0,"1513":0,"1515":0,"1516":0,"1517":0,"1523":0,"1527":0,"1528":0,"1530":0,"1532":1,"1533":0,"1534":0,"1537":0,"1539":0,"1542":0,"1546":0,"1547":0,"1548":0,"1549":0,"1551":0,"1552":0,"1553":0,"1554":0,"1555":0,"1560":0,"1562":0,"1563":0,"1564":0,"1565":0,"1566":0,"1567":0,"1569":0,"1570":0,"1572":0,"1573":0,"1575":0,"1576":0,"1577":0,"1578":0,"1579":0,"1581":0,"1586":0,"1587":0,"1588":0,"1589":0,"1590":0,"1591":0,"1592":0,"1595":0,"1597":0,"1598":0,"1601":0,"1605":0,"1606":0,"1607":0,"1608":0,"1609":0,"1610":0,"1611":0,"1612":0,"1613":0,"1614":0,"1616":0,"1617":0,"1618":0,"1620":0,"1623":0,"1624":0,"1625":0,"1626":0,"1634":0,"1637":0,"1638":0,"1641":0,"1645":0,"1646":0,"1648":1,"1649":0,"1650":0,"1653":0,"1654":0,"1655":0,"1657":0,"1658":0,"1659":0,"1663":0,"1664":0,"1665":0,"1666":0,"1667":0,"1668":0,"1670":0,"1671":0,"1672":0,"1673":0,"1674":0,"1675":0,"1676":0,"1677":0,"1679":0,"1680":0,"1681":0,"1682":0,"1684":0,"1685":0,"1686":0,"1687":0,"1690":0,"1691":0,"1692":0,"1693":0,"1700":0,"1701":0,"1704":0,"1705":0,"1706":0,"1709":0,"1713":0,"1714":0,"1716":1,"1717":0,"1718":0,"1721":0,"1723":0,"1732":0,"1733":0,"1734":0,"1736":0,"1737":0,"1740":0,"1741":0,"1742":0,"1743":0,"1744":0,"1745":0,"1746":0,"1747":0,"1748":0,"1749":0,"1750":0,"1751":0,"1752":0,"1754":0,"1755":0,"1757":0,"1758":0,"1760":0,"1761":0,"1763":0,"1764":0,"1765":0,"1766":0,"1767":0,"1770":0,"1771":0,"1774":0,"1775":0,"1776":0,"1777":0,"1778":0,"1780":0,"1781":0,"1782":0,"1784":0,"1785":0,"1786":0,"1787":0,"1788":0,"1789":0,"1790":0,"1791":0,"1792":0,"1793":0,"1794":0,"1795":0,"1796":0,"1797":0,"1798":0,"1799":0,"1800":0,"1801":0,"1805":0,"1812":0,"1813":0,"1814":0,"1815":0,"1816":0,"1817":0,"1819":0,"1820":0,"1822":0,"1823":0,"1824":0,"1830":0,"1831":0,"1832":0,"1833":0,"1834":0,"1835":0,"1836":0,"1837":0,"1838":0,"1839":0,"1840":0,"1843":0,"1850":0,"1851":0,"1853":0,"1854":0,"1855":0,"1860":0,"1864":0,"1866":0,"1867":0,"1869":0,"1872":0,"1873":0,"1874":0,"1875":0,"1876":0,"1877":0,"1878":0,"1879":0,"1880":0,"1881":0,"1882":0,"1883":0,"1885":0,"1889":0,"1890":0,"1891":0,"1894":0,"1896":0,"1899":0,"1900":0,"1901":0,"1902":0,"1903":0,"1905":0,"1906":0,"1907":0,"1908":0,"1910":0,"1913":0,"1914":0,"1915":0,"1916":0,"1921":0,"1924":0,"1925":0,"1926":0,"1930":0,"1933":0,"1934":0,"1935":0,"1936":0,"1938":0,"1939":0,"1940":0,"1941":0,"1942":0,"1943":0,"1944":0,"1945":0,"1947":0,"1950":0,"1953":0,"1954":0,"1955":0,"1958":0,"1959":0,"1960":0,"1961":0,"1962":0,"1963":0,"1965":0,"1966":0,"1969":0,"1970":0,"1971":0,"1972":0,"1973":0,"1976":0,"1977":0,"1978":0,"1979":0,"1980":0,"1981":0,"1984":0,"1985":0,"1986":0,"1987":0,"1988":0,"1990":0,"1995":0,"1996":0,"1999":0,"2000":0,"2002":0,"2003":0,"2004":0,"2005":0,"2006":0,"2009":0,"2010":0,"2011":0,"2012":0,"2013":0,"2014":0,"2015":0,"2016":0,"2020":0,"2021":0,"2022":0,"2023":0,"2024":0,"2025":0,"2028":0,"2029":0,"2030":0,"2031":0,"2032":0,"2033":0,"2036":0,"2037":0,"2038":0,"2039":0,"2048":0,"2051":0,"2054":0,"2057":0,"2058":0,"2060":0,"2061":0,"2063":0,"2064":0,"2067":0,"2068":0,"2069":0,"2070":0,"2071":0,"2072":0,"2073":0,"2074":0,"2075":0,"2078":0,"2079":0,"2080":0,"2081":0,"2082":0,"2083":0,"2084":0,"2085":0,"2088":0,"2089":0,"2090":0,"2091":0,"2093":0,"2094":0,"2095":0,"2096":0,"2097":0,"2098":0,"2101":0,"2102":0,"2104":0,"2109":0,"2110":0,"2111":0,"2113":0,"2114":0,"2117":0,"2118":0,"2119":0,"2120":0,"2123":0,"2124":0,"2127":0,"2128":0,"2131":0,"2132":0,"2133":0,"2134":0,"2135":0,"2136":0,"2137":0,"2138":0,"2139":0,"2140":0,"2141":0,"2142":0,"2160":0,"2161":0,"2162":0,"2167":0,"2168":0,"2169":0,"2170":0,"2171":0,"2172":0,"2173":0,"2176":0,"2178":0,"2179":0,"2180":0,"2181":0,"2182":0,"2183":0,"2184":0,"2185":0,"2186":0,"2187":0,"2189":0,"2191":0,"2192":0,"2194":0,"2197":0,"2198":0,"2199":0,"2201":0,"2204":0,"2205":0,"2206":0,"2207":0,"2208":0,"2210":0,"2211":0,"2213":0,"2214":0,"2215":0,"2216":0,"2217":0,"2218":0,"2219":0,"2220":0,"2221":0,"2223":0,"2224":0,"2226":0,"2227":0,"2228":0,"2229":0,"2230":0,"2231":0,"2232":0,"2233":0,"2234":0,"2235":0,"2237":0,"2238":0,"2240":0,"2241":0,"2242":0,"2243":0,"2244":0,"2245":0,"2246":0,"2247":0,"2248":0,"2249":0,"2250":0,"2251":0,"2252":0,"2254":0,"2258":0,"2259":0,"2260":0,"2261":0,"2262":0,"2264":0,"2268":0,"2272":0,"2273":0,"2275":1,"2276":0,"2277":0,"2280":0,"2282":0,"2283":0,"2284":0,"2285":0,"2286":0,"2287":0,"2292":0,"2296":0,"2298":0,"2300":0,"2303":0,"2304":0,"2307":0,"2311":0,"2312":0,"2314":1,"2315":0,"2316":0,"2319":0,"2320":0,"2321":0,"2322":0,"2324":0,"2329":0,"2330":0,"2331":0,"2332":0,"2333":0,"2334":0,"2335":0,"2336":0,"2337":0,"2339":0,"2343":0,"2344":0,"2345":0,"2346":0,"2348":0,"2349":0,"2351":0,"2352":0,"2353":0,"2354":0,"2359":0,"2360":0,"2364":0,"2366":0,"2368":0,"2369":0,"2370":0,"2372":0,"2375":0,"2376":0,"2377":0,"2380":0,"2382":0,"2385":0,"2387":0,"2390":0,"2391":0,"2392":0,"2394":0,"2395":0,"2396":0,"2398":0,"2401":0,"2402":0,"2404":0,"2410":0,"2414":0,"2415":0,"2417":1,"2418":0,"2419":0,"2422":0,"2428":0,"2430":0,"2431":0,"2432":0,"2433":0,"2434":0,"2435":0,"2436":0,"2437":0,"2439":0,"2442":0,"2443":0,"2446":0,"2447":0,"2448":0,"2450":0,"2451":0,"2452":0,"2453":0,"2456":0,"2457":0,"2458":0,"2460":0,"2461":0,"2462":0,"2463":0,"2466":0,"2467":0,"2468":0,"2469":0,"2470":0,"2472":0,"2473":0,"2474":0,"2479":0,"2483":0,"2484":0,"2486":1,"2487":0,"2488":0,"2491":0,"2493":0,"2494":0,"2495":0,"2496":0,"2497":0,"2498":0,"2501":0,"2502":0,"2505":0,"2509":0,"2510":0,"2512":1,"2513":0,"2514":0,"2517":0,"2519":0,"2520":0,"2521":0,"2522":0,"2523":0,"2524":0,"2527":0,"2528":0,"2531":0,"2535":0,"2536":0,"2538":1,"2539":0,"2540":0,"2543":0,"2545":0,"2546":0,"2547":0,"2548":0,"2549":0,"2550":0,"2553":0,"2554":0,"2557":0,"2561":0,"2562":0,"2564":1,"2565":0,"2566":0,"2569":0,"2571":0,"2572":0,"2573":0,"2574":0,"2575":0,"2578":0,"2583":0,"2584":0,"2585":0,"2586":0,"2587":0,"2590":0,"2591":0,"2592":0,"2593":0,"2594":0,"2595":0,"2597":0,"2598":0,"2603":0,"2604":0,"2607":0,"2611":0,"2612":0,"2614":1,"2615":0,"2616":0,"2619":0,"2621":0,"2622":0,"2623":0,"2624":0,"2625":0,"2628":0,"2633":0,"2634":0,"2635":0,"2636":0,"2637":0,"2638":0,"2639":0,"2640":0,"2643":0,"2644":0,"2645":0,"2646":0,"2647":0,"2648":0,"2650":0,"2651":0,"2656":0,"2657":0,"2660":0}}}